---------- Date: 2014-09-29 11:21:20 ~ IP : ::1 ----------
REQUEST URI : /nailsnew/
MOD DETAILS:
   modFile   : E:\xampp\htdocs\nailsnew\vqmod/xml/news_pro.xml
   id        : News_Pro
   version   : 1.5.4.1
   vqmver    : 2.1.7
   author    : VinaEcom

File Name    : catalog/view/theme/default/template/common/header.tpl(1)
VQModObject::applyMod - SEARCH NOT FOUND (ABORTING MOD): </ul></div>

----------------------------------------------------------------------


---------- Date: 2014-09-29 11:21:34 ~ IP : ::1 ----------
REQUEST URI : /nailsnew/
MOD DETAILS:
   modFile   : E:\xampp\htdocs\nailsnew\vqmod/xml/news_pro.xml
   id        : News_Pro
   version   : 1.5.4.1
   vqmver    : 2.1.7
   author    : VinaEcom

File Name    : catalog/view/theme/default/template/common/header.tpl(1)
VQModObject::applyMod - SEARCH NOT FOUND (ABORTING MOD): </ul></div>

----------------------------------------------------------------------


---------- Date: 2014-09-29 11:23:03 ~ IP : ::1 ----------
REQUEST URI : /nailsnew/
MOD DETAILS:
   modFile   : E:\xampp\htdocs\nailsnew\vqmod/xml/news_pro.xml
   id        : News_Pro
   version   : 1.5.4.1
   vqmver    : 2.1.7
   author    : VinaEcom

File Name    : catalog/view/theme/default/template/common/header.tpl(1)
VQModObject::applyMod - SEARCH NOT FOUND (ABORTING MOD): </ul></div>

----------------------------------------------------------------------


---------- Date: 2014-09-29 11:23:27 ~ IP : ::1 ----------
REQUEST URI : /nailsnew/index.php?route=common/home
MOD DETAILS:
   modFile   : E:\xampp\htdocs\nailsnew\vqmod/xml/news_pro.xml
   id        : News_Pro
   version   : 1.5.4.1
   vqmver    : 2.1.7
   author    : VinaEcom

File Name    : catalog/view/theme/default/template/common/header.tpl(1)
VQModObject::applyMod - SEARCH NOT FOUND (ABORTING MOD): </ul></div>

----------------------------------------------------------------------


---------- Date: 2014-09-29 11:24:25 ~ IP : ::1 ----------
REQUEST URI : /nailsnew/
MOD DETAILS:
   modFile   : E:\xampp\htdocs\nailsnew\vqmod/xml/news_pro.xml
   id        : News_Pro
   version   : 1.5.4.1
   vqmver    : 2.1.7
   author    : VinaEcom

File Name    : catalog/view/theme/default/template/common/header.tpl(1)
VQModObject::applyMod - SEARCH NOT FOUND (ABORTING MOD): </ul></div>

----------------------------------------------------------------------


---------- Date: 2014-09-29 11:24:45 ~ IP : ::1 ----------
REQUEST URI : /nailsnew/
MOD DETAILS:
   modFile   : E:\xampp\htdocs\nailsnew\vqmod/xml/news_pro.xml
   id        : News_Pro
   version   : 1.5.4.1
   vqmver    : 2.1.7
   author    : VinaEcom

File Name    : catalog/view/theme/default/template/common/header.tpl(1)
VQModObject::applyMod - SEARCH NOT FOUND (ABORTING MOD): </ul></div>

----------------------------------------------------------------------


---------- Date: 2014-09-29 11:25:05 ~ IP : ::1 ----------
REQUEST URI : /nailsnew/
MOD DETAILS:
   modFile   : E:\xampp\htdocs\nailsnew\vqmod/xml/news_pro.xml
   id        : News_Pro
   version   : 1.5.4.1
   vqmver    : 2.1.7
   author    : VinaEcom

File Name    : catalog/view/theme/default/template/common/header.tpl(1)
VQModObject::applyMod - SEARCH NOT FOUND (ABORTING MOD): </ul></div>

----------------------------------------------------------------------


---------- Date: 2014-09-29 11:25:30 ~ IP : ::1 ----------
REQUEST URI : /nailsnew/
MOD DETAILS:
   modFile   : E:\xampp\htdocs\nailsnew\vqmod/xml/news_pro.xml
   id        : News_Pro
   version   : 1.5.4.1
   vqmver    : 2.1.7
   author    : VinaEcom

File Name    : catalog/view/theme/default/template/common/header.tpl(1)
VQModObject::applyMod - SEARCH NOT FOUND (ABORTING MOD): </ul></div>

----------------------------------------------------------------------


---------- Date: 2014-09-29 11:26:02 ~ IP : ::1 ----------
REQUEST URI : /nailsnew/
MOD DETAILS:
   modFile   : E:\xampp\htdocs\nailsnew\vqmod/xml/news_pro.xml
   id        : News_Pro
   version   : 1.5.4.1
   vqmver    : 2.1.7
   author    : VinaEcom

File Name    : catalog/view/theme/default/template/common/header.tpl(1)
VQModObject::applyMod - SEARCH NOT FOUND (ABORTING MOD): </ul></div>

----------------------------------------------------------------------


---------- Date: 2014-09-29 11:26:22 ~ IP : ::1 ----------
REQUEST URI : /nailsnew/
MOD DETAILS:
   modFile   : E:\xampp\htdocs\nailsnew\vqmod/xml/news_pro.xml
   id        : News_Pro
   version   : 1.5.4.1
   vqmver    : 2.1.7
   author    : VinaEcom

File Name    : catalog/view/theme/default/template/common/header.tpl(1)
VQModObject::applyMod - SEARCH NOT FOUND (ABORTING MOD): </ul></div>

----------------------------------------------------------------------


---------- Date: 2014-09-29 11:26:42 ~ IP : ::1 ----------
REQUEST URI : /nailsnew/
MOD DETAILS:
   modFile   : E:\xampp\htdocs\nailsnew\vqmod/xml/news_pro.xml
   id        : News_Pro
   version   : 1.5.4.1
   vqmver    : 2.1.7
   author    : VinaEcom

File Name    : catalog/view/theme/default/template/common/header.tpl(1)
VQModObject::applyMod - SEARCH NOT FOUND (ABORTING MOD): </ul></div>

----------------------------------------------------------------------


---------- Date: 2014-09-29 11:26:59 ~ IP : ::1 ----------
REQUEST URI : /nailsnew/
MOD DETAILS:
   modFile   : E:\xampp\htdocs\nailsnew\vqmod/xml/news_pro.xml
   id        : News_Pro
   version   : 1.5.4.1
   vqmver    : 2.1.7
   author    : VinaEcom

File Name    : catalog/view/theme/default/template/common/header.tpl(1)
VQModObject::applyMod - SEARCH NOT FOUND (ABORTING MOD): </ul></div>

----------------------------------------------------------------------


---------- Date: 2014-09-29 11:28:40 ~ IP : ::1 ----------
REQUEST URI : /nailsnew/
MOD DETAILS:
   modFile   : E:\xampp\htdocs\nailsnew\vqmod/xml/news_pro.xml
   id        : News_Pro
   version   : 1.5.4.1
   vqmver    : 2.1.7
   author    : VinaEcom

File Name    : catalog/view/theme/default/template/common/header.tpl(1)
VQModObject::applyMod - SEARCH NOT FOUND (ABORTING MOD): </ul></div>

----------------------------------------------------------------------


---------- Date: 2014-09-29 11:29:26 ~ IP : ::1 ----------
REQUEST URI : /nailsnew/
MOD DETAILS:
   modFile   : E:\xampp\htdocs\nailsnew\vqmod/xml/news_pro.xml
   id        : News_Pro
   version   : 1.5.4.1
   vqmver    : 2.1.7
   author    : VinaEcom

File Name    : catalog/view/theme/default/template/common/header.tpl(1)
VQModObject::applyMod - SEARCH NOT FOUND (ABORTING MOD): </ul></div>

----------------------------------------------------------------------


---------- Date: 2014-09-29 11:30:17 ~ IP : ::1 ----------
REQUEST URI : /nailsnew/
MOD DETAILS:
   modFile   : E:\xampp\htdocs\nailsnew\vqmod/xml/news_pro.xml
   id        : News_Pro
   version   : 1.5.4.1
   vqmver    : 2.1.7
   author    : VinaEcom

File Name    : catalog/view/theme/default/template/common/header.tpl(1)
VQModObject::applyMod - SEARCH NOT FOUND (ABORTING MOD): </ul></div>

----------------------------------------------------------------------


---------- Date: 2014-09-29 11:30:58 ~ IP : ::1 ----------
REQUEST URI : /nailsnew/
MOD DETAILS:
   modFile   : E:\xampp\htdocs\nailsnew\vqmod/xml/news_pro.xml
   id        : News_Pro
   version   : 1.5.4.1
   vqmver    : 2.1.7
   author    : VinaEcom

File Name    : catalog/view/theme/default/template/common/header.tpl(1)
VQModObject::applyMod - SEARCH NOT FOUND (ABORTING MOD): </ul></div>

----------------------------------------------------------------------


---------- Date: 2014-09-29 11:34:00 ~ IP : ::1 ----------
REQUEST URI : /nailsnew/
MOD DETAILS:
   modFile   : E:\xampp\htdocs\nailsnew\vqmod/xml/news_pro.xml
   id        : News_Pro
   version   : 1.5.4.1
   vqmver    : 2.1.7
   author    : VinaEcom

File Name    : catalog/view/theme/default/template/common/header.tpl(1)
VQModObject::applyMod - SEARCH NOT FOUND (ABORTING MOD): </ul></div>

----------------------------------------------------------------------


---------- Date: 2014-09-29 11:34:28 ~ IP : ::1 ----------
REQUEST URI : /nailsnew/
MOD DETAILS:
   modFile   : E:\xampp\htdocs\nailsnew\vqmod/xml/news_pro.xml
   id        : News_Pro
   version   : 1.5.4.1
   vqmver    : 2.1.7
   author    : VinaEcom

File Name    : catalog/view/theme/default/template/common/header.tpl(1)
VQModObject::applyMod - SEARCH NOT FOUND (ABORTING MOD): </ul></div>

----------------------------------------------------------------------


---------- Date: 2014-09-29 11:39:10 ~ IP : ::1 ----------
REQUEST URI : /nailsnew/
MOD DETAILS:
   modFile   : E:\xampp\htdocs\nailsnew\vqmod/xml/news_pro.xml
   id        : News_Pro
   version   : 1.5.4.1
   vqmver    : 2.1.7
   author    : VinaEcom

File Name    : catalog/view/theme/default/template/common/header.tpl(1)
VQModObject::applyMod - SEARCH NOT FOUND (ABORTING MOD): </ul></div>

----------------------------------------------------------------------


---------- Date: 2014-09-29 11:40:07 ~ IP : ::1 ----------
REQUEST URI : /nailsnew/
MOD DETAILS:
   modFile   : E:\xampp\htdocs\nailsnew\vqmod/xml/news_pro.xml
   id        : News_Pro
   version   : 1.5.4.1
   vqmver    : 2.1.7
   author    : VinaEcom

File Name    : catalog/view/theme/default/template/common/header.tpl(1)
VQModObject::applyMod - SEARCH NOT FOUND (ABORTING MOD): </ul></div>

----------------------------------------------------------------------


---------- Date: 2014-09-29 11:40:43 ~ IP : ::1 ----------
REQUEST URI : /nailsnew/
MOD DETAILS:
   modFile   : E:\xampp\htdocs\nailsnew\vqmod/xml/news_pro.xml
   id        : News_Pro
   version   : 1.5.4.1
   vqmver    : 2.1.7
   author    : VinaEcom

File Name    : catalog/view/theme/default/template/common/header.tpl(1)
VQModObject::applyMod - SEARCH NOT FOUND (ABORTING MOD): </ul></div>

----------------------------------------------------------------------


---------- Date: 2014-09-29 11:44:56 ~ IP : ::1 ----------
REQUEST URI : /nailsnew/
MOD DETAILS:
   modFile   : E:\xampp\htdocs\nailsnew\vqmod/xml/news_pro.xml
   id        : News_Pro
   version   : 1.5.4.1
   vqmver    : 2.1.7
   author    : VinaEcom

File Name    : catalog/view/theme/default/template/common/header.tpl(1)
VQModObject::applyMod - SEARCH NOT FOUND (ABORTING MOD): </ul></div>

----------------------------------------------------------------------


---------- Date: 2014-09-29 12:00:43 ~ IP : ::1 ----------
REQUEST URI : /nailsnew/
MOD DETAILS:
   modFile   : E:\xampp\htdocs\nailsnew\vqmod/xml/news_pro.xml
   id        : News_Pro
   version   : 1.5.4.1
   vqmver    : 2.1.7
   author    : VinaEcom

File Name    : catalog/view/theme/default/template/common/header.tpl(1)
VQModObject::applyMod - SEARCH NOT FOUND (ABORTING MOD): </ul></div>

----------------------------------------------------------------------


---------- Date: 2014-09-29 12:02:56 ~ IP : ::1 ----------
REQUEST URI : /nailsnew/
MOD DETAILS:
   modFile   : E:\xampp\htdocs\nailsnew\vqmod/xml/news_pro.xml
   id        : News_Pro
   version   : 1.5.4.1
   vqmver    : 2.1.7
   author    : VinaEcom

File Name    : catalog/view/theme/default/template/common/header.tpl(1)
VQModObject::applyMod - SEARCH NOT FOUND (ABORTING MOD): </ul></div>

----------------------------------------------------------------------


---------- Date: 2014-09-29 12:09:38 ~ IP : ::1 ----------
REQUEST URI : /nailsnew/
MOD DETAILS:
   modFile   : E:\xampp\htdocs\nailsnew\vqmod/xml/news_pro.xml
   id        : News_Pro
   version   : 1.5.4.1
   vqmver    : 2.1.7
   author    : VinaEcom

File Name    : catalog/view/theme/default/template/common/header.tpl(1)
VQModObject::applyMod - SEARCH NOT FOUND (ABORTING MOD): </ul></div>

----------------------------------------------------------------------


---------- Date: 2014-09-29 12:11:37 ~ IP : ::1 ----------
REQUEST URI : /nailsnew/
MOD DETAILS:
   modFile   : E:\xampp\htdocs\nailsnew\vqmod/xml/news_pro.xml
   id        : News_Pro
   version   : 1.5.4.1
   vqmver    : 2.1.7
   author    : VinaEcom

File Name    : catalog/view/theme/default/template/common/header.tpl(1)
VQModObject::applyMod - SEARCH NOT FOUND (ABORTING MOD): </ul></div>

----------------------------------------------------------------------


---------- Date: 2014-09-29 12:34:51 ~ IP : ::1 ----------
REQUEST URI : /nailsnew/
MOD DETAILS:
   modFile   : E:\xampp\htdocs\nailsnew\vqmod/xml/news_pro.xml
   id        : News_Pro
   version   : 1.5.4.1
   vqmver    : 2.1.7
   author    : VinaEcom

File Name    : catalog/view/theme/default/template/common/header.tpl(1)
VQModObject::applyMod - SEARCH NOT FOUND (ABORTING MOD): </ul></div>

----------------------------------------------------------------------


---------- Date: 2014-09-29 12:35:43 ~ IP : ::1 ----------
REQUEST URI : /nailsnew/
MOD DETAILS:
   modFile   : E:\xampp\htdocs\nailsnew\vqmod/xml/news_pro.xml
   id        : News_Pro
   version   : 1.5.4.1
   vqmver    : 2.1.7
   author    : VinaEcom

File Name    : catalog/view/theme/default/template/common/header.tpl(1)
VQModObject::applyMod - SEARCH NOT FOUND (ABORTING MOD): </ul></div>

----------------------------------------------------------------------


---------- Date: 2014-09-29 12:37:05 ~ IP : ::1 ----------
REQUEST URI : /nailsnew/
MOD DETAILS:
   modFile   : E:\xampp\htdocs\nailsnew\vqmod/xml/news_pro.xml
   id        : News_Pro
   version   : 1.5.4.1
   vqmver    : 2.1.7
   author    : VinaEcom

File Name    : catalog/view/theme/default/template/common/header.tpl(1)
VQModObject::applyMod - SEARCH NOT FOUND (ABORTING MOD): </ul></div>

----------------------------------------------------------------------


---------- Date: 2014-09-29 12:37:52 ~ IP : ::1 ----------
REQUEST URI : /nailsnew/
MOD DETAILS:
   modFile   : E:\xampp\htdocs\nailsnew\vqmod/xml/news_pro.xml
   id        : News_Pro
   version   : 1.5.4.1
   vqmver    : 2.1.7
   author    : VinaEcom

File Name    : catalog/view/theme/default/template/common/header.tpl(1)
VQModObject::applyMod - SEARCH NOT FOUND (ABORTING MOD): </ul></div>

----------------------------------------------------------------------


---------- Date: 2014-09-29 12:39:56 ~ IP : ::1 ----------
REQUEST URI : /nailsnew/
MOD DETAILS:
   modFile   : E:\xampp\htdocs\nailsnew\vqmod/xml/news_pro.xml
   id        : News_Pro
   version   : 1.5.4.1
   vqmver    : 2.1.7
   author    : VinaEcom

File Name    : catalog/view/theme/default/template/common/header.tpl(1)
VQModObject::applyMod - SEARCH NOT FOUND (ABORTING MOD): </ul></div>

----------------------------------------------------------------------


---------- Date: 2014-09-29 12:43:01 ~ IP : ::1 ----------
REQUEST URI : /nailsnew/
MOD DETAILS:
   modFile   : E:\xampp\htdocs\nailsnew\vqmod/xml/news_pro.xml
   id        : News_Pro
   version   : 1.5.4.1
   vqmver    : 2.1.7
   author    : VinaEcom

File Name    : catalog/view/theme/default/template/common/header.tpl(1)
VQModObject::applyMod - SEARCH NOT FOUND (ABORTING MOD): </ul></div>

----------------------------------------------------------------------


---------- Date: 2014-09-29 12:43:54 ~ IP : ::1 ----------
REQUEST URI : /nailsnew/
MOD DETAILS:
   modFile   : E:\xampp\htdocs\nailsnew\vqmod/xml/news_pro.xml
   id        : News_Pro
   version   : 1.5.4.1
   vqmver    : 2.1.7
   author    : VinaEcom

File Name    : catalog/view/theme/default/template/common/header.tpl(1)
VQModObject::applyMod - SEARCH NOT FOUND (ABORTING MOD): </ul></div>

----------------------------------------------------------------------


---------- Date: 2014-09-29 12:45:14 ~ IP : ::1 ----------
REQUEST URI : /nailsnew/
MOD DETAILS:
   modFile   : E:\xampp\htdocs\nailsnew\vqmod/xml/news_pro.xml
   id        : News_Pro
   version   : 1.5.4.1
   vqmver    : 2.1.7
   author    : VinaEcom

File Name    : catalog/view/theme/default/template/common/header.tpl(1)
VQModObject::applyMod - SEARCH NOT FOUND (ABORTING MOD): </ul></div>

----------------------------------------------------------------------


---------- Date: 2014-09-29 12:45:49 ~ IP : ::1 ----------
REQUEST URI : /nailsnew/
MOD DETAILS:
   modFile   : E:\xampp\htdocs\nailsnew\vqmod/xml/news_pro.xml
   id        : News_Pro
   version   : 1.5.4.1
   vqmver    : 2.1.7
   author    : VinaEcom

File Name    : catalog/view/theme/default/template/common/header.tpl(1)
VQModObject::applyMod - SEARCH NOT FOUND (ABORTING MOD): </ul></div>

----------------------------------------------------------------------


---------- Date: 2014-09-29 12:46:03 ~ IP : ::1 ----------
REQUEST URI : /nailsnew/
MOD DETAILS:
   modFile   : E:\xampp\htdocs\nailsnew\vqmod/xml/news_pro.xml
   id        : News_Pro
   version   : 1.5.4.1
   vqmver    : 2.1.7
   author    : VinaEcom

File Name    : catalog/view/theme/default/template/common/header.tpl(1)
VQModObject::applyMod - SEARCH NOT FOUND (ABORTING MOD): </ul></div>

----------------------------------------------------------------------


---------- Date: 2014-09-29 12:46:09 ~ IP : ::1 ----------
REQUEST URI : /nailsnew/
MOD DETAILS:
   modFile   : E:\xampp\htdocs\nailsnew\vqmod/xml/news_pro.xml
   id        : News_Pro
   version   : 1.5.4.1
   vqmver    : 2.1.7
   author    : VinaEcom

File Name    : catalog/view/theme/default/template/common/header.tpl(1)
VQModObject::applyMod - SEARCH NOT FOUND (ABORTING MOD): </ul></div>

----------------------------------------------------------------------


---------- Date: 2014-09-29 12:47:45 ~ IP : ::1 ----------
REQUEST URI : /nailsnew/
MOD DETAILS:
   modFile   : E:\xampp\htdocs\nailsnew\vqmod/xml/news_pro.xml
   id        : News_Pro
   version   : 1.5.4.1
   vqmver    : 2.1.7
   author    : VinaEcom

File Name    : catalog/view/theme/default/template/common/header.tpl(1)
VQModObject::applyMod - SEARCH NOT FOUND (ABORTING MOD): </ul></div>

----------------------------------------------------------------------


---------- Date: 2014-09-29 12:48:25 ~ IP : ::1 ----------
REQUEST URI : /nailsnew/
MOD DETAILS:
   modFile   : E:\xampp\htdocs\nailsnew\vqmod/xml/news_pro.xml
   id        : News_Pro
   version   : 1.5.4.1
   vqmver    : 2.1.7
   author    : VinaEcom

File Name    : catalog/view/theme/default/template/common/header.tpl(1)
VQModObject::applyMod - SEARCH NOT FOUND (ABORTING MOD): </ul></div>

----------------------------------------------------------------------


---------- Date: 2014-09-29 12:49:08 ~ IP : ::1 ----------
REQUEST URI : /nailsnew/
MOD DETAILS:
   modFile   : E:\xampp\htdocs\nailsnew\vqmod/xml/news_pro.xml
   id        : News_Pro
   version   : 1.5.4.1
   vqmver    : 2.1.7
   author    : VinaEcom

File Name    : catalog/view/theme/default/template/common/header.tpl(1)
VQModObject::applyMod - SEARCH NOT FOUND (ABORTING MOD): </ul></div>

----------------------------------------------------------------------


---------- Date: 2014-09-29 12:52:01 ~ IP : ::1 ----------
REQUEST URI : /nailsnew/
MOD DETAILS:
   modFile   : E:\xampp\htdocs\nailsnew\vqmod/xml/news_pro.xml
   id        : News_Pro
   version   : 1.5.4.1
   vqmver    : 2.1.7
   author    : VinaEcom

File Name    : catalog/view/theme/default/template/common/header.tpl(1)
VQModObject::applyMod - SEARCH NOT FOUND (ABORTING MOD): </ul></div>

----------------------------------------------------------------------


---------- Date: 2014-09-29 12:53:07 ~ IP : ::1 ----------
REQUEST URI : /nailsnew/
MOD DETAILS:
   modFile   : E:\xampp\htdocs\nailsnew\vqmod/xml/news_pro.xml
   id        : News_Pro
   version   : 1.5.4.1
   vqmver    : 2.1.7
   author    : VinaEcom

File Name    : catalog/view/theme/default/template/common/header.tpl(1)
VQModObject::applyMod - SEARCH NOT FOUND (ABORTING MOD): </ul></div>

----------------------------------------------------------------------


---------- Date: 2014-09-29 12:56:35 ~ IP : ::1 ----------
REQUEST URI : /nailsnew/
MOD DETAILS:
   modFile   : E:\xampp\htdocs\nailsnew\vqmod/xml/news_pro.xml
   id        : News_Pro
   version   : 1.5.4.1
   vqmver    : 2.1.7
   author    : VinaEcom

File Name    : catalog/view/theme/default/template/common/header.tpl(1)
VQModObject::applyMod - SEARCH NOT FOUND (ABORTING MOD): </ul></div>

----------------------------------------------------------------------


---------- Date: 2014-09-29 12:59:45 ~ IP : ::1 ----------
REQUEST URI : /nailsnew/
MOD DETAILS:
   modFile   : E:\xampp\htdocs\nailsnew\vqmod/xml/news_pro.xml
   id        : News_Pro
   version   : 1.5.4.1
   vqmver    : 2.1.7
   author    : VinaEcom

File Name    : catalog/view/theme/default/template/common/header.tpl(1)
VQModObject::applyMod - SEARCH NOT FOUND (ABORTING MOD): </ul></div>

----------------------------------------------------------------------


---------- Date: 2014-09-29 13:00:36 ~ IP : ::1 ----------
REQUEST URI : /nailsnew/
MOD DETAILS:
   modFile   : E:\xampp\htdocs\nailsnew\vqmod/xml/news_pro.xml
   id        : News_Pro
   version   : 1.5.4.1
   vqmver    : 2.1.7
   author    : VinaEcom

File Name    : catalog/view/theme/default/template/common/header.tpl(1)
VQModObject::applyMod - SEARCH NOT FOUND (ABORTING MOD): </ul></div>

----------------------------------------------------------------------


---------- Date: 2014-09-29 13:02:24 ~ IP : ::1 ----------
REQUEST URI : /nailsnew/
MOD DETAILS:
   modFile   : E:\xampp\htdocs\nailsnew\vqmod/xml/news_pro.xml
   id        : News_Pro
   version   : 1.5.4.1
   vqmver    : 2.1.7
   author    : VinaEcom

File Name    : catalog/view/theme/default/template/common/header.tpl(1)
VQModObject::applyMod - SEARCH NOT FOUND (ABORTING MOD): </ul></div>

----------------------------------------------------------------------


---------- Date: 2014-09-29 13:08:14 ~ IP : ::1 ----------
REQUEST URI : /nailsnew/
MOD DETAILS:
   modFile   : E:\xampp\htdocs\nailsnew\vqmod/xml/news_pro.xml
   id        : News_Pro
   version   : 1.5.4.1
   vqmver    : 2.1.7
   author    : VinaEcom

File Name    : catalog/view/theme/default/template/common/header.tpl(1)
VQModObject::applyMod - SEARCH NOT FOUND (ABORTING MOD): </ul></div>

----------------------------------------------------------------------


---------- Date: 2014-09-29 13:08:54 ~ IP : ::1 ----------
REQUEST URI : /nailsnew/
MOD DETAILS:
   modFile   : E:\xampp\htdocs\nailsnew\vqmod/xml/news_pro.xml
   id        : News_Pro
   version   : 1.5.4.1
   vqmver    : 2.1.7
   author    : VinaEcom

File Name    : catalog/view/theme/default/template/common/header.tpl(1)
VQModObject::applyMod - SEARCH NOT FOUND (ABORTING MOD): </ul></div>

----------------------------------------------------------------------


---------- Date: 2014-09-29 13:10:09 ~ IP : ::1 ----------
REQUEST URI : /nailsnew/
MOD DETAILS:
   modFile   : E:\xampp\htdocs\nailsnew\vqmod/xml/news_pro.xml
   id        : News_Pro
   version   : 1.5.4.1
   vqmver    : 2.1.7
   author    : VinaEcom

File Name    : catalog/view/theme/default/template/common/header.tpl(1)
VQModObject::applyMod - SEARCH NOT FOUND (ABORTING MOD): </ul></div>

----------------------------------------------------------------------


---------- Date: 2014-09-29 13:10:32 ~ IP : ::1 ----------
REQUEST URI : /nailsnew/
MOD DETAILS:
   modFile   : E:\xampp\htdocs\nailsnew\vqmod/xml/news_pro.xml
   id        : News_Pro
   version   : 1.5.4.1
   vqmver    : 2.1.7
   author    : VinaEcom

File Name    : catalog/view/theme/default/template/common/header.tpl(1)
VQModObject::applyMod - SEARCH NOT FOUND (ABORTING MOD): </ul></div>

----------------------------------------------------------------------


---------- Date: 2014-09-29 13:10:57 ~ IP : ::1 ----------
REQUEST URI : /nailsnew/
MOD DETAILS:
   modFile   : E:\xampp\htdocs\nailsnew\vqmod/xml/news_pro.xml
   id        : News_Pro
   version   : 1.5.4.1
   vqmver    : 2.1.7
   author    : VinaEcom

File Name    : catalog/view/theme/default/template/common/header.tpl(1)
VQModObject::applyMod - SEARCH NOT FOUND (ABORTING MOD): </ul></div>

----------------------------------------------------------------------


---------- Date: 2014-09-29 13:11:40 ~ IP : ::1 ----------
REQUEST URI : /nailsnew/
MOD DETAILS:
   modFile   : E:\xampp\htdocs\nailsnew\vqmod/xml/news_pro.xml
   id        : News_Pro
   version   : 1.5.4.1
   vqmver    : 2.1.7
   author    : VinaEcom

File Name    : catalog/view/theme/default/template/common/header.tpl(1)
VQModObject::applyMod - SEARCH NOT FOUND (ABORTING MOD): </ul></div>

----------------------------------------------------------------------


---------- Date: 2014-09-29 13:12:57 ~ IP : ::1 ----------
REQUEST URI : /nailsnew/
MOD DETAILS:
   modFile   : E:\xampp\htdocs\nailsnew\vqmod/xml/news_pro.xml
   id        : News_Pro
   version   : 1.5.4.1
   vqmver    : 2.1.7
   author    : VinaEcom

File Name    : catalog/view/theme/default/template/common/header.tpl(1)
VQModObject::applyMod - SEARCH NOT FOUND (ABORTING MOD): </ul></div>

----------------------------------------------------------------------


---------- Date: 2014-09-29 15:55:26 ~ IP : ::1 ----------
REQUEST URI : /nailsnew/admin/index.php?route=catalog/product&amp;token=ea8d6c66b81e3f517311fceabed61a71
MOD DETAILS:
   modFile   : E:\xampp\htdocs\nailsnew\vqmod/xml/file_manager.xml
   id        : File Manager
   version   : 1
   vqmver    : 2.4.x
   author    : htw

File Name    : admin/view/template/common/header.tpl(3)
VQModObject::applyMod - SEARCH NOT FOUND (ABORTING MOD): <li><a class="top" href="<?php echo $logout; ?>"><?php echo $text_logout; ?></a></li>
----------------------------------------------------------------------


---------- Date: 2014-09-29 15:55:34 ~ IP : ::1 ----------
REQUEST URI : /nailsnew/index.php?route=product/product&amp;product_id=42
MOD DETAILS:
   modFile   : E:\xampp\htdocs\nailsnew\vqmod/xml/news_pro.xml
   id        : News_Pro
   version   : 1.5.4.1
   vqmver    : 2.1.7
   author    : VinaEcom

File Name    : catalog/view/theme/default/template/common/header.tpl(1)
VQModObject::applyMod - SEARCH NOT FOUND (ABORTING MOD): </ul></div>

----------------------------------------------------------------------


---------- Date: 2014-09-29 16:20:01 ~ IP : ::1 ----------
REQUEST URI : /nailsnew/
MOD DETAILS:
   modFile   : E:\xampp\htdocs\nailsnew\vqmod/xml/news_pro.xml
   id        : News_Pro
   version   : 1.5.4.1
   vqmver    : 2.1.7
   author    : VinaEcom

File Name    : catalog/view/theme/default/template/common/header.tpl(1)
VQModObject::applyMod - SEARCH NOT FOUND (ABORTING MOD): </ul></div>

----------------------------------------------------------------------


---------- Date: 2014-09-29 16:41:27 ~ IP : ::1 ----------
REQUEST URI : /nailsnew/
MOD DETAILS:
   modFile   : E:\xampp\htdocs\nailsnew\vqmod/xml/news_pro.xml
   id        : News_Pro
   version   : 1.5.4.1
   vqmver    : 2.1.7
   author    : VinaEcom

File Name    : catalog/view/theme/default/template/common/header.tpl(1)
VQModObject::applyMod - SEARCH NOT FOUND (ABORTING MOD): </ul></div>

----------------------------------------------------------------------


---------- Date: 2014-09-29 16:42:16 ~ IP : ::1 ----------
REQUEST URI : /nailsnew/
MOD DETAILS:
   modFile   : E:\xampp\htdocs\nailsnew\vqmod/xml/news_pro.xml
   id        : News_Pro
   version   : 1.5.4.1
   vqmver    : 2.1.7
   author    : VinaEcom

File Name    : catalog/view/theme/default/template/common/header.tpl(1)
VQModObject::applyMod - SEARCH NOT FOUND (ABORTING MOD): </ul></div>

----------------------------------------------------------------------


---------- Date: 2014-09-29 17:15:27 ~ IP : ::1 ----------
REQUEST URI : /nailsnew/
MOD DETAILS:
   modFile   : E:\xampp\htdocs\nailsnew\vqmod/xml/news_pro.xml
   id        : News_Pro
   version   : 1.5.4.1
   vqmver    : 2.1.7
   author    : VinaEcom

File Name    : catalog/view/theme/default/template/common/header.tpl(1)
VQModObject::applyMod - SEARCH NOT FOUND (ABORTING MOD): </ul></div>

----------------------------------------------------------------------


---------- Date: 2014-09-29 17:16:35 ~ IP : ::1 ----------
REQUEST URI : /nailsnew/
MOD DETAILS:
   modFile   : E:\xampp\htdocs\nailsnew\vqmod/xml/news_pro.xml
   id        : News_Pro
   version   : 1.5.4.1
   vqmver    : 2.1.7
   author    : VinaEcom

File Name    : catalog/view/theme/default/template/common/header.tpl(1)
VQModObject::applyMod - SEARCH NOT FOUND (ABORTING MOD): </ul></div>

----------------------------------------------------------------------


---------- Date: 2014-09-29 17:18:30 ~ IP : ::1 ----------
REQUEST URI : /nailsnew/
MOD DETAILS:
   modFile   : E:\xampp\htdocs\nailsnew\vqmod/xml/news_pro.xml
   id        : News_Pro
   version   : 1.5.4.1
   vqmver    : 2.1.7
   author    : VinaEcom

File Name    : catalog/view/theme/default/template/common/header.tpl(1)
VQModObject::applyMod - SEARCH NOT FOUND (ABORTING MOD): </ul></div>

----------------------------------------------------------------------


---------- Date: 2014-09-29 17:23:20 ~ IP : ::1 ----------
REQUEST URI : /nailsnew/
MOD DETAILS:
   modFile   : E:\xampp\htdocs\nailsnew\vqmod/xml/news_pro.xml
   id        : News_Pro
   version   : 1.5.4.1
   vqmver    : 2.1.7
   author    : VinaEcom

File Name    : catalog/view/theme/default/template/common/header.tpl(1)
VQModObject::applyMod - SEARCH NOT FOUND (ABORTING MOD): </ul></div>

----------------------------------------------------------------------


---------- Date: 2014-09-29 17:23:49 ~ IP : ::1 ----------
REQUEST URI : /nailsnew/
MOD DETAILS:
   modFile   : E:\xampp\htdocs\nailsnew\vqmod/xml/news_pro.xml
   id        : News_Pro
   version   : 1.5.4.1
   vqmver    : 2.1.7
   author    : VinaEcom

File Name    : catalog/view/theme/default/template/common/header.tpl(1)
VQModObject::applyMod - SEARCH NOT FOUND (ABORTING MOD): </ul></div>

----------------------------------------------------------------------


---------- Date: 2014-09-29 17:25:17 ~ IP : ::1 ----------
REQUEST URI : /nailsnew/
MOD DETAILS:
   modFile   : E:\xampp\htdocs\nailsnew\vqmod/xml/news_pro.xml
   id        : News_Pro
   version   : 1.5.4.1
   vqmver    : 2.1.7
   author    : VinaEcom

File Name    : catalog/view/theme/default/template/common/header.tpl(1)
VQModObject::applyMod - SEARCH NOT FOUND (ABORTING MOD): </ul></div>

----------------------------------------------------------------------


---------- Date: 2014-09-29 17:25:52 ~ IP : ::1 ----------
REQUEST URI : /nailsnew/
MOD DETAILS:
   modFile   : E:\xampp\htdocs\nailsnew\vqmod/xml/news_pro.xml
   id        : News_Pro
   version   : 1.5.4.1
   vqmver    : 2.1.7
   author    : VinaEcom

File Name    : catalog/view/theme/default/template/common/header.tpl(1)
VQModObject::applyMod - SEARCH NOT FOUND (ABORTING MOD): </ul></div>

----------------------------------------------------------------------


---------- Date: 2014-09-29 17:30:51 ~ IP : ::1 ----------
REQUEST URI : /nailsnew/
MOD DETAILS:
   modFile   : E:\xampp\htdocs\nailsnew\vqmod/xml/news_pro.xml
   id        : News_Pro
   version   : 1.5.4.1
   vqmver    : 2.1.7
   author    : VinaEcom

File Name    : catalog/view/theme/default/template/common/header.tpl(1)
VQModObject::applyMod - SEARCH NOT FOUND (ABORTING MOD): </ul></div>

----------------------------------------------------------------------


---------- Date: 2014-09-29 17:32:32 ~ IP : ::1 ----------
REQUEST URI : /nailsnew/
MOD DETAILS:
   modFile   : E:\xampp\htdocs\nailsnew\vqmod/xml/news_pro.xml
   id        : News_Pro
   version   : 1.5.4.1
   vqmver    : 2.1.7
   author    : VinaEcom

File Name    : catalog/view/theme/default/template/common/header.tpl(1)
VQModObject::applyMod - SEARCH NOT FOUND (ABORTING MOD): </ul></div>

----------------------------------------------------------------------


---------- Date: 2014-09-29 17:34:20 ~ IP : ::1 ----------
REQUEST URI : /nailsnew/
MOD DETAILS:
   modFile   : E:\xampp\htdocs\nailsnew\vqmod/xml/news_pro.xml
   id        : News_Pro
   version   : 1.5.4.1
   vqmver    : 2.1.7
   author    : VinaEcom

File Name    : catalog/view/theme/default/template/common/header.tpl(1)
VQModObject::applyMod - SEARCH NOT FOUND (ABORTING MOD): </ul></div>

----------------------------------------------------------------------


---------- Date: 2014-09-29 17:35:54 ~ IP : ::1 ----------
REQUEST URI : /nailsnew/
MOD DETAILS:
   modFile   : E:\xampp\htdocs\nailsnew\vqmod/xml/news_pro.xml
   id        : News_Pro
   version   : 1.5.4.1
   vqmver    : 2.1.7
   author    : VinaEcom

File Name    : catalog/view/theme/default/template/common/header.tpl(1)
VQModObject::applyMod - SEARCH NOT FOUND (ABORTING MOD): </ul></div>

----------------------------------------------------------------------


---------- Date: 2014-09-29 17:36:25 ~ IP : ::1 ----------
REQUEST URI : /nailsnew/
MOD DETAILS:
   modFile   : E:\xampp\htdocs\nailsnew\vqmod/xml/news_pro.xml
   id        : News_Pro
   version   : 1.5.4.1
   vqmver    : 2.1.7
   author    : VinaEcom

File Name    : catalog/view/theme/default/template/common/header.tpl(1)
VQModObject::applyMod - SEARCH NOT FOUND (ABORTING MOD): </ul></div>

----------------------------------------------------------------------


---------- Date: 2014-09-29 17:37:53 ~ IP : ::1 ----------
REQUEST URI : /nailsnew/
MOD DETAILS:
   modFile   : E:\xampp\htdocs\nailsnew\vqmod/xml/news_pro.xml
   id        : News_Pro
   version   : 1.5.4.1
   vqmver    : 2.1.7
   author    : VinaEcom

File Name    : catalog/view/theme/default/template/common/header.tpl(1)
VQModObject::applyMod - SEARCH NOT FOUND (ABORTING MOD): </ul></div>

----------------------------------------------------------------------


---------- Date: 2014-09-29 17:39:27 ~ IP : ::1 ----------
REQUEST URI : /nailsnew/
MOD DETAILS:
   modFile   : E:\xampp\htdocs\nailsnew\vqmod/xml/news_pro.xml
   id        : News_Pro
   version   : 1.5.4.1
   vqmver    : 2.1.7
   author    : VinaEcom

File Name    : catalog/view/theme/default/template/common/header.tpl(1)
VQModObject::applyMod - SEARCH NOT FOUND (ABORTING MOD): </ul></div>

----------------------------------------------------------------------


---------- Date: 2014-09-29 17:42:18 ~ IP : ::1 ----------
REQUEST URI : /nailsnew/
MOD DETAILS:
   modFile   : E:\xampp\htdocs\nailsnew\vqmod/xml/news_pro.xml
   id        : News_Pro
   version   : 1.5.4.1
   vqmver    : 2.1.7
   author    : VinaEcom

File Name    : catalog/view/theme/default/template/common/header.tpl(1)
VQModObject::applyMod - SEARCH NOT FOUND (ABORTING MOD): </ul></div>

----------------------------------------------------------------------


---------- Date: 2014-09-29 17:44:01 ~ IP : ::1 ----------
REQUEST URI : /nailsnew/
MOD DETAILS:
   modFile   : E:\xampp\htdocs\nailsnew\vqmod/xml/news_pro.xml
   id        : News_Pro
   version   : 1.5.4.1
   vqmver    : 2.1.7
   author    : VinaEcom

File Name    : catalog/view/theme/default/template/common/header.tpl(1)
VQModObject::applyMod - SEARCH NOT FOUND (ABORTING MOD): </ul></div>

----------------------------------------------------------------------


---------- Date: 2014-09-29 17:44:35 ~ IP : ::1 ----------
REQUEST URI : /nailsnew/
MOD DETAILS:
   modFile   : E:\xampp\htdocs\nailsnew\vqmod/xml/news_pro.xml
   id        : News_Pro
   version   : 1.5.4.1
   vqmver    : 2.1.7
   author    : VinaEcom

File Name    : catalog/view/theme/default/template/common/header.tpl(1)
VQModObject::applyMod - SEARCH NOT FOUND (ABORTING MOD): </ul></div>

----------------------------------------------------------------------


---------- Date: 2014-09-29 17:45:27 ~ IP : ::1 ----------
REQUEST URI : /nailsnew/
MOD DETAILS:
   modFile   : E:\xampp\htdocs\nailsnew\vqmod/xml/news_pro.xml
   id        : News_Pro
   version   : 1.5.4.1
   vqmver    : 2.1.7
   author    : VinaEcom

File Name    : catalog/view/theme/default/template/common/header.tpl(1)
VQModObject::applyMod - SEARCH NOT FOUND (ABORTING MOD): </ul></div>

----------------------------------------------------------------------


---------- Date: 2014-09-29 17:47:08 ~ IP : ::1 ----------
REQUEST URI : /nailsnew/
MOD DETAILS:
   modFile   : E:\xampp\htdocs\nailsnew\vqmod/xml/news_pro.xml
   id        : News_Pro
   version   : 1.5.4.1
   vqmver    : 2.1.7
   author    : VinaEcom

File Name    : catalog/view/theme/default/template/common/header.tpl(1)
VQModObject::applyMod - SEARCH NOT FOUND (ABORTING MOD): </ul></div>

----------------------------------------------------------------------


---------- Date: 2014-09-29 17:47:49 ~ IP : ::1 ----------
REQUEST URI : /nailsnew/index.php?route=common/home
MOD DETAILS:
   modFile   : E:\xampp\htdocs\nailsnew\vqmod/xml/news_pro.xml
   id        : News_Pro
   version   : 1.5.4.1
   vqmver    : 2.1.7
   author    : VinaEcom

File Name    : catalog/view/theme/default/template/common/header.tpl(1)
VQModObject::applyMod - SEARCH NOT FOUND (ABORTING MOD): </ul></div>

----------------------------------------------------------------------


---------- Date: 2014-09-29 17:47:54 ~ IP : ::1 ----------
REQUEST URI : /nailsnew/index.php?route=common/home
MOD DETAILS:
   modFile   : E:\xampp\htdocs\nailsnew\vqmod/xml/news_pro.xml
   id        : News_Pro
   version   : 1.5.4.1
   vqmver    : 2.1.7
   author    : VinaEcom

File Name    : catalog/view/theme/default/template/common/header.tpl(1)
VQModObject::applyMod - SEARCH NOT FOUND (ABORTING MOD): </ul></div>

----------------------------------------------------------------------


---------- Date: 2014-09-29 17:47:56 ~ IP : ::1 ----------
REQUEST URI : /nailsnew/index.php?route=common/home
MOD DETAILS:
   modFile   : E:\xampp\htdocs\nailsnew\vqmod/xml/news_pro.xml
   id        : News_Pro
   version   : 1.5.4.1
   vqmver    : 2.1.7
   author    : VinaEcom

File Name    : catalog/view/theme/default/template/common/header.tpl(1)
VQModObject::applyMod - SEARCH NOT FOUND (ABORTING MOD): </ul></div>

----------------------------------------------------------------------


---------- Date: 2014-09-29 18:18:39 ~ IP : ::1 ----------
REQUEST URI : /nailsnew/index.php?route=common/home
MOD DETAILS:
   modFile   : E:\xampp\htdocs\nailsnew\vqmod/xml/news_pro.xml
   id        : News_Pro
   version   : 1.5.4.1
   vqmver    : 2.1.7
   author    : VinaEcom

File Name    : catalog/view/theme/default/template/common/header.tpl(1)
VQModObject::applyMod - SEARCH NOT FOUND (ABORTING MOD): </ul></div>

----------------------------------------------------------------------


---------- Date: 2014-09-29 18:21:17 ~ IP : ::1 ----------
REQUEST URI : /nailsnew/index.php?route=common/home
MOD DETAILS:
   modFile   : E:\xampp\htdocs\nailsnew\vqmod/xml/news_pro.xml
   id        : News_Pro
   version   : 1.5.4.1
   vqmver    : 2.1.7
   author    : VinaEcom

File Name    : catalog/view/theme/default/template/common/header.tpl(1)
VQModObject::applyMod - SEARCH NOT FOUND (ABORTING MOD): </ul></div>

----------------------------------------------------------------------


---------- Date: 2014-09-29 18:21:34 ~ IP : ::1 ----------
REQUEST URI : /nailsnew/index.php?route=common/home
MOD DETAILS:
   modFile   : E:\xampp\htdocs\nailsnew\vqmod/xml/news_pro.xml
   id        : News_Pro
   version   : 1.5.4.1
   vqmver    : 2.1.7
   author    : VinaEcom

File Name    : catalog/view/theme/default/template/common/header.tpl(1)
VQModObject::applyMod - SEARCH NOT FOUND (ABORTING MOD): </ul></div>

----------------------------------------------------------------------


---------- Date: 2014-09-29 18:22:01 ~ IP : ::1 ----------
REQUEST URI : /nailsnew/index.php?route=common/home
MOD DETAILS:
   modFile   : E:\xampp\htdocs\nailsnew\vqmod/xml/news_pro.xml
   id        : News_Pro
   version   : 1.5.4.1
   vqmver    : 2.1.7
   author    : VinaEcom

File Name    : catalog/view/theme/default/template/common/header.tpl(1)
VQModObject::applyMod - SEARCH NOT FOUND (ABORTING MOD): </ul></div>

----------------------------------------------------------------------


---------- Date: 2014-09-29 18:25:00 ~ IP : ::1 ----------
REQUEST URI : /nailsnew/index.php?route=common/home
MOD DETAILS:
   modFile   : E:\xampp\htdocs\nailsnew\vqmod/xml/news_pro.xml
   id        : News_Pro
   version   : 1.5.4.1
   vqmver    : 2.1.7
   author    : VinaEcom

File Name    : catalog/view/theme/default/template/common/header.tpl(1)
VQModObject::applyMod - SEARCH NOT FOUND (ABORTING MOD): </ul></div>

----------------------------------------------------------------------


---------- Date: 2014-09-29 18:26:16 ~ IP : ::1 ----------
REQUEST URI : /nailsnew/index.php?route=common/home
MOD DETAILS:
   modFile   : E:\xampp\htdocs\nailsnew\vqmod/xml/news_pro.xml
   id        : News_Pro
   version   : 1.5.4.1
   vqmver    : 2.1.7
   author    : VinaEcom

File Name    : catalog/view/theme/default/template/common/header.tpl(1)
VQModObject::applyMod - SEARCH NOT FOUND (ABORTING MOD): </ul></div>

----------------------------------------------------------------------


---------- Date: 2014-09-29 18:26:29 ~ IP : ::1 ----------
REQUEST URI : /nailsnew/
MOD DETAILS:
   modFile   : E:\xampp\htdocs\nailsnew\vqmod/xml/news_pro.xml
   id        : News_Pro
   version   : 1.5.4.1
   vqmver    : 2.1.7
   author    : VinaEcom

File Name    : catalog/view/theme/default/template/common/header.tpl(1)
VQModObject::applyMod - SEARCH NOT FOUND (ABORTING MOD): </ul></div>

----------------------------------------------------------------------


---------- Date: 2014-09-29 20:06:39 ~ IP : ::1 ----------
REQUEST URI : /nailsnew/
MOD DETAILS:
   modFile   : E:\xampp\htdocs\nailsnew\vqmod/xml/news_pro.xml
   id        : News_Pro
   version   : 1.5.4.1
   vqmver    : 2.1.7
   author    : VinaEcom

File Name    : catalog/view/theme/default/template/common/header.tpl(1)
VQModObject::applyMod - SEARCH NOT FOUND (ABORTING MOD): </ul></div>

----------------------------------------------------------------------


