---------- Date: 2014-10-01 09:43:06 ~ IP : ::1 ----------
REQUEST URI : /nailsnew/
MOD DETAILS:
   modFile   : E:\xampp\htdocs\nailsnew\vqmod/xml/news_pro.xml
   id        : News_Pro
   version   : 1.5.4.1
   vqmver    : 2.1.7
   author    : VinaEcom

File Name    : catalog/view/theme/default/template/common/header.tpl(1)
VQModObject::applyMod - SEARCH NOT FOUND (ABORTING MOD): </ul></div>

----------------------------------------------------------------------


---------- Date: 2014-10-01 09:52:51 ~ IP : ::1 ----------
REQUEST URI : /nailsnew/
MOD DETAILS:
   modFile   : E:\xampp\htdocs\nailsnew\vqmod/xml/news_pro.xml
   id        : News_Pro
   version   : 1.5.4.1
   vqmver    : 2.1.7
   author    : VinaEcom

File Name    : catalog/view/theme/default/template/common/header.tpl(1)
VQModObject::applyMod - SEARCH NOT FOUND (ABORTING MOD): </ul></div>

----------------------------------------------------------------------


---------- Date: 2014-10-01 09:55:52 ~ IP : ::1 ----------
REQUEST URI : /nailsnew/
MOD DETAILS:
   modFile   : E:\xampp\htdocs\nailsnew\vqmod/xml/news_pro.xml
   id        : News_Pro
   version   : 1.5.4.1
   vqmver    : 2.1.7
   author    : VinaEcom

File Name    : catalog/view/theme/default/template/common/header.tpl(1)
VQModObject::applyMod - SEARCH NOT FOUND (ABORTING MOD): </ul></div>

----------------------------------------------------------------------


---------- Date: 2014-10-01 09:58:21 ~ IP : ::1 ----------
REQUEST URI : /nailsnew/
MOD DETAILS:
   modFile   : E:\xampp\htdocs\nailsnew\vqmod/xml/news_pro.xml
   id        : News_Pro
   version   : 1.5.4.1
   vqmver    : 2.1.7
   author    : VinaEcom

File Name    : catalog/view/theme/default/template/common/header.tpl(1)
VQModObject::applyMod - SEARCH NOT FOUND (ABORTING MOD): </ul></div>

----------------------------------------------------------------------


---------- Date: 2014-10-01 09:59:21 ~ IP : ::1 ----------
REQUEST URI : /nailsnew/
MOD DETAILS:
   modFile   : E:\xampp\htdocs\nailsnew\vqmod/xml/news_pro.xml
   id        : News_Pro
   version   : 1.5.4.1
   vqmver    : 2.1.7
   author    : VinaEcom

File Name    : catalog/view/theme/default/template/common/header.tpl(1)
VQModObject::applyMod - SEARCH NOT FOUND (ABORTING MOD): </ul></div>

----------------------------------------------------------------------


---------- Date: 2014-10-01 09:59:37 ~ IP : ::1 ----------
REQUEST URI : /nailsnew/
MOD DETAILS:
   modFile   : E:\xampp\htdocs\nailsnew\vqmod/xml/news_pro.xml
   id        : News_Pro
   version   : 1.5.4.1
   vqmver    : 2.1.7
   author    : VinaEcom

File Name    : catalog/view/theme/default/template/common/header.tpl(1)
VQModObject::applyMod - SEARCH NOT FOUND (ABORTING MOD): </ul></div>

----------------------------------------------------------------------


---------- Date: 2014-10-01 10:00:02 ~ IP : ::1 ----------
REQUEST URI : /nailsnew/
MOD DETAILS:
   modFile   : E:\xampp\htdocs\nailsnew\vqmod/xml/news_pro.xml
   id        : News_Pro
   version   : 1.5.4.1
   vqmver    : 2.1.7
   author    : VinaEcom

File Name    : catalog/view/theme/default/template/common/header.tpl(1)
VQModObject::applyMod - SEARCH NOT FOUND (ABORTING MOD): </ul></div>

----------------------------------------------------------------------


---------- Date: 2014-10-01 10:00:31 ~ IP : ::1 ----------
REQUEST URI : /nailsnew/
MOD DETAILS:
   modFile   : E:\xampp\htdocs\nailsnew\vqmod/xml/news_pro.xml
   id        : News_Pro
   version   : 1.5.4.1
   vqmver    : 2.1.7
   author    : VinaEcom

File Name    : catalog/view/theme/default/template/common/header.tpl(1)
VQModObject::applyMod - SEARCH NOT FOUND (ABORTING MOD): </ul></div>

----------------------------------------------------------------------


---------- Date: 2014-10-01 10:01:10 ~ IP : ::1 ----------
REQUEST URI : /nailsnew/
MOD DETAILS:
   modFile   : E:\xampp\htdocs\nailsnew\vqmod/xml/news_pro.xml
   id        : News_Pro
   version   : 1.5.4.1
   vqmver    : 2.1.7
   author    : VinaEcom

File Name    : catalog/view/theme/default/template/common/header.tpl(1)
VQModObject::applyMod - SEARCH NOT FOUND (ABORTING MOD): </ul></div>

----------------------------------------------------------------------


---------- Date: 2014-10-01 10:02:13 ~ IP : ::1 ----------
REQUEST URI : /nailsnew/
MOD DETAILS:
   modFile   : E:\xampp\htdocs\nailsnew\vqmod/xml/news_pro.xml
   id        : News_Pro
   version   : 1.5.4.1
   vqmver    : 2.1.7
   author    : VinaEcom

File Name    : catalog/view/theme/default/template/common/header.tpl(1)
VQModObject::applyMod - SEARCH NOT FOUND (ABORTING MOD): </ul></div>

----------------------------------------------------------------------


---------- Date: 2014-10-01 10:05:26 ~ IP : ::1 ----------
REQUEST URI : /nailsnew/
MOD DETAILS:
   modFile   : E:\xampp\htdocs\nailsnew\vqmod/xml/news_pro.xml
   id        : News_Pro
   version   : 1.5.4.1
   vqmver    : 2.1.7
   author    : VinaEcom

File Name    : catalog/view/theme/default/template/common/header.tpl(1)
VQModObject::applyMod - SEARCH NOT FOUND (ABORTING MOD): </ul></div>

----------------------------------------------------------------------


---------- Date: 2014-10-01 10:08:17 ~ IP : ::1 ----------
REQUEST URI : /nailsnew/
MOD DETAILS:
   modFile   : E:\xampp\htdocs\nailsnew\vqmod/xml/news_pro.xml
   id        : News_Pro
   version   : 1.5.4.1
   vqmver    : 2.1.7
   author    : VinaEcom

File Name    : catalog/view/theme/default/template/common/header.tpl(1)
VQModObject::applyMod - SEARCH NOT FOUND (ABORTING MOD): </ul></div>

----------------------------------------------------------------------


---------- Date: 2014-10-01 10:10:16 ~ IP : ::1 ----------
REQUEST URI : /nailsnew/
MOD DETAILS:
   modFile   : E:\xampp\htdocs\nailsnew\vqmod/xml/news_pro.xml
   id        : News_Pro
   version   : 1.5.4.1
   vqmver    : 2.1.7
   author    : VinaEcom

File Name    : catalog/view/theme/default/template/common/header.tpl(1)
VQModObject::applyMod - SEARCH NOT FOUND (ABORTING MOD): </ul></div>

----------------------------------------------------------------------


---------- Date: 2014-10-01 10:25:22 ~ IP : ::1 ----------
REQUEST URI : /nailsnew/
MOD DETAILS:
   modFile   : E:\xampp\htdocs\nailsnew\vqmod/xml/news_pro.xml
   id        : News_Pro
   version   : 1.5.4.1
   vqmver    : 2.1.7
   author    : VinaEcom

File Name    : catalog/view/theme/default/template/common/header.tpl(1)
VQModObject::applyMod - SEARCH NOT FOUND (ABORTING MOD): </ul></div>

----------------------------------------------------------------------


---------- Date: 2014-10-01 10:26:12 ~ IP : ::1 ----------
REQUEST URI : /nailsnew/
MOD DETAILS:
   modFile   : E:\xampp\htdocs\nailsnew\vqmod/xml/news_pro.xml
   id        : News_Pro
   version   : 1.5.4.1
   vqmver    : 2.1.7
   author    : VinaEcom

File Name    : catalog/view/theme/default/template/common/header.tpl(1)
VQModObject::applyMod - SEARCH NOT FOUND (ABORTING MOD): </ul></div>

----------------------------------------------------------------------


---------- Date: 2014-10-01 10:28:15 ~ IP : ::1 ----------
REQUEST URI : /nailsnew/
MOD DETAILS:
   modFile   : E:\xampp\htdocs\nailsnew\vqmod/xml/news_pro.xml
   id        : News_Pro
   version   : 1.5.4.1
   vqmver    : 2.1.7
   author    : VinaEcom

File Name    : catalog/view/theme/default/template/common/header.tpl(1)
VQModObject::applyMod - SEARCH NOT FOUND (ABORTING MOD): </ul></div>

----------------------------------------------------------------------


---------- Date: 2014-10-01 10:28:23 ~ IP : ::1 ----------
REQUEST URI : /nailsnew/index.php?route=news/all
MOD DETAILS:
   modFile   : E:\xampp\htdocs\nailsnew\vqmod/xml/news_pro.xml
   id        : News_Pro
   version   : 1.5.4.1
   vqmver    : 2.1.7
   author    : VinaEcom

File Name    : catalog/view/theme/default/template/common/header.tpl(1)
VQModObject::applyMod - SEARCH NOT FOUND (ABORTING MOD): </ul></div>

----------------------------------------------------------------------


---------- Date: 2014-10-01 10:28:27 ~ IP : ::1 ----------
REQUEST URI : /nailsnew/
MOD DETAILS:
   modFile   : E:\xampp\htdocs\nailsnew\vqmod/xml/news_pro.xml
   id        : News_Pro
   version   : 1.5.4.1
   vqmver    : 2.1.7
   author    : VinaEcom

File Name    : catalog/view/theme/default/template/common/header.tpl(1)
VQModObject::applyMod - SEARCH NOT FOUND (ABORTING MOD): </ul></div>

----------------------------------------------------------------------


---------- Date: 2014-10-01 10:30:28 ~ IP : ::1 ----------
REQUEST URI : /nailsnew/
MOD DETAILS:
   modFile   : E:\xampp\htdocs\nailsnew\vqmod/xml/news_pro.xml
   id        : News_Pro
   version   : 1.5.4.1
   vqmver    : 2.1.7
   author    : VinaEcom

File Name    : catalog/view/theme/default/template/common/header.tpl(1)
VQModObject::applyMod - SEARCH NOT FOUND (ABORTING MOD): </ul></div>

----------------------------------------------------------------------


---------- Date: 2014-10-01 10:31:59 ~ IP : ::1 ----------
REQUEST URI : /nailsnew/
MOD DETAILS:
   modFile   : E:\xampp\htdocs\nailsnew\vqmod/xml/news_pro.xml
   id        : News_Pro
   version   : 1.5.4.1
   vqmver    : 2.1.7
   author    : VinaEcom

File Name    : catalog/view/theme/default/template/common/header.tpl(1)
VQModObject::applyMod - SEARCH NOT FOUND (ABORTING MOD): </ul></div>

----------------------------------------------------------------------


---------- Date: 2014-10-01 10:32:25 ~ IP : ::1 ----------
REQUEST URI : /nailsnew/
MOD DETAILS:
   modFile   : E:\xampp\htdocs\nailsnew\vqmod/xml/news_pro.xml
   id        : News_Pro
   version   : 1.5.4.1
   vqmver    : 2.1.7
   author    : VinaEcom

File Name    : catalog/view/theme/default/template/common/header.tpl(1)
VQModObject::applyMod - SEARCH NOT FOUND (ABORTING MOD): </ul></div>

----------------------------------------------------------------------


---------- Date: 2014-10-01 10:33:25 ~ IP : ::1 ----------
REQUEST URI : /nailsnew/
MOD DETAILS:
   modFile   : E:\xampp\htdocs\nailsnew\vqmod/xml/news_pro.xml
   id        : News_Pro
   version   : 1.5.4.1
   vqmver    : 2.1.7
   author    : VinaEcom

File Name    : catalog/view/theme/default/template/common/header.tpl(1)
VQModObject::applyMod - SEARCH NOT FOUND (ABORTING MOD): </ul></div>

----------------------------------------------------------------------


---------- Date: 2014-10-01 10:47:56 ~ IP : ::1 ----------
REQUEST URI : /nailsnew/index.php?route=news/all
MOD DETAILS:
   modFile   : E:\xampp\htdocs\nailsnew\vqmod/xml/news_pro.xml
   id        : News_Pro
   version   : 1.5.4.1
   vqmver    : 2.1.7
   author    : VinaEcom

File Name    : catalog/view/theme/default/template/common/header.tpl(1)
VQModObject::applyMod - SEARCH NOT FOUND (ABORTING MOD): </ul></div>

----------------------------------------------------------------------


---------- Date: 2014-10-01 10:48:11 ~ IP : ::1 ----------
REQUEST URI : /nailsnew/index.php?route=news/news&amp;news_id=7
MOD DETAILS:
   modFile   : E:\xampp\htdocs\nailsnew\vqmod/xml/news_pro.xml
   id        : News_Pro
   version   : 1.5.4.1
   vqmver    : 2.1.7
   author    : VinaEcom

File Name    : catalog/view/theme/default/template/common/header.tpl(1)
VQModObject::applyMod - SEARCH NOT FOUND (ABORTING MOD): </ul></div>

----------------------------------------------------------------------


---------- Date: 2014-10-01 10:48:18 ~ IP : ::1 ----------
REQUEST URI : /nailsnew/index.php?route=news/news_category&amp;cat_id=1
MOD DETAILS:
   modFile   : E:\xampp\htdocs\nailsnew\vqmod/xml/news_pro.xml
   id        : News_Pro
   version   : 1.5.4.1
   vqmver    : 2.1.7
   author    : VinaEcom

File Name    : catalog/view/theme/default/template/common/header.tpl(1)
VQModObject::applyMod - SEARCH NOT FOUND (ABORTING MOD): </ul></div>

----------------------------------------------------------------------


---------- Date: 2014-10-01 10:48:39 ~ IP : ::1 ----------
REQUEST URI : /nailsnew/
MOD DETAILS:
   modFile   : E:\xampp\htdocs\nailsnew\vqmod/xml/news_pro.xml
   id        : News_Pro
   version   : 1.5.4.1
   vqmver    : 2.1.7
   author    : VinaEcom

File Name    : catalog/view/theme/default/template/common/header.tpl(1)
VQModObject::applyMod - SEARCH NOT FOUND (ABORTING MOD): </ul></div>

----------------------------------------------------------------------


---------- Date: 2014-10-01 11:04:30 ~ IP : ::1 ----------
REQUEST URI : /nailsnew/
MOD DETAILS:
   modFile   : E:\xampp\htdocs\nailsnew\vqmod/xml/news_pro.xml
   id        : News_Pro
   version   : 1.5.4.1
   vqmver    : 2.1.7
   author    : VinaEcom

File Name    : catalog/view/theme/default/template/common/header.tpl(1)
VQModObject::applyMod - SEARCH NOT FOUND (ABORTING MOD): </ul></div>

----------------------------------------------------------------------


---------- Date: 2014-10-01 11:04:33 ~ IP : ::1 ----------
REQUEST URI : /nailsnew/
MOD DETAILS:
   modFile   : E:\xampp\htdocs\nailsnew\vqmod/xml/news_pro.xml
   id        : News_Pro
   version   : 1.5.4.1
   vqmver    : 2.1.7
   author    : VinaEcom

File Name    : catalog/view/theme/default/template/common/header.tpl(1)
VQModObject::applyMod - SEARCH NOT FOUND (ABORTING MOD): </ul></div>

----------------------------------------------------------------------


---------- Date: 2014-10-01 11:08:01 ~ IP : ::1 ----------
REQUEST URI : /nailsnew/
MOD DETAILS:
   modFile   : E:\xampp\htdocs\nailsnew\vqmod/xml/news_pro.xml
   id        : News_Pro
   version   : 1.5.4.1
   vqmver    : 2.1.7
   author    : VinaEcom

File Name    : catalog/view/theme/default/template/common/header.tpl(1)
VQModObject::applyMod - SEARCH NOT FOUND (ABORTING MOD): </ul></div>

----------------------------------------------------------------------


---------- Date: 2014-10-01 11:10:17 ~ IP : ::1 ----------
REQUEST URI : /nailsnew/
MOD DETAILS:
   modFile   : E:\xampp\htdocs\nailsnew\vqmod/xml/news_pro.xml
   id        : News_Pro
   version   : 1.5.4.1
   vqmver    : 2.1.7
   author    : VinaEcom

File Name    : catalog/view/theme/default/template/common/header.tpl(1)
VQModObject::applyMod - SEARCH NOT FOUND (ABORTING MOD): </ul></div>

----------------------------------------------------------------------


---------- Date: 2014-10-01 11:10:48 ~ IP : ::1 ----------
REQUEST URI : /nailsnew/
MOD DETAILS:
   modFile   : E:\xampp\htdocs\nailsnew\vqmod/xml/news_pro.xml
   id        : News_Pro
   version   : 1.5.4.1
   vqmver    : 2.1.7
   author    : VinaEcom

File Name    : catalog/view/theme/default/template/common/header.tpl(1)
VQModObject::applyMod - SEARCH NOT FOUND (ABORTING MOD): </ul></div>

----------------------------------------------------------------------


---------- Date: 2014-10-01 11:12:37 ~ IP : ::1 ----------
REQUEST URI : /nailsnew/
MOD DETAILS:
   modFile   : E:\xampp\htdocs\nailsnew\vqmod/xml/news_pro.xml
   id        : News_Pro
   version   : 1.5.4.1
   vqmver    : 2.1.7
   author    : VinaEcom

File Name    : catalog/view/theme/default/template/common/header.tpl(1)
VQModObject::applyMod - SEARCH NOT FOUND (ABORTING MOD): </ul></div>

----------------------------------------------------------------------


---------- Date: 2014-10-01 11:13:03 ~ IP : ::1 ----------
REQUEST URI : /nailsnew/
MOD DETAILS:
   modFile   : E:\xampp\htdocs\nailsnew\vqmod/xml/news_pro.xml
   id        : News_Pro
   version   : 1.5.4.1
   vqmver    : 2.1.7
   author    : VinaEcom

File Name    : catalog/view/theme/default/template/common/header.tpl(1)
VQModObject::applyMod - SEARCH NOT FOUND (ABORTING MOD): </ul></div>

----------------------------------------------------------------------


---------- Date: 2014-10-01 11:13:52 ~ IP : ::1 ----------
REQUEST URI : /nailsnew/
MOD DETAILS:
   modFile   : E:\xampp\htdocs\nailsnew\vqmod/xml/news_pro.xml
   id        : News_Pro
   version   : 1.5.4.1
   vqmver    : 2.1.7
   author    : VinaEcom

File Name    : catalog/view/theme/default/template/common/header.tpl(1)
VQModObject::applyMod - SEARCH NOT FOUND (ABORTING MOD): </ul></div>

----------------------------------------------------------------------


---------- Date: 2014-10-01 11:16:42 ~ IP : ::1 ----------
REQUEST URI : /nailsnew/
MOD DETAILS:
   modFile   : E:\xampp\htdocs\nailsnew\vqmod/xml/news_pro.xml
   id        : News_Pro
   version   : 1.5.4.1
   vqmver    : 2.1.7
   author    : VinaEcom

File Name    : catalog/view/theme/default/template/common/header.tpl(1)
VQModObject::applyMod - SEARCH NOT FOUND (ABORTING MOD): </ul></div>

----------------------------------------------------------------------


---------- Date: 2014-10-01 11:18:49 ~ IP : ::1 ----------
REQUEST URI : /nailsnew/
MOD DETAILS:
   modFile   : E:\xampp\htdocs\nailsnew\vqmod/xml/news_pro.xml
   id        : News_Pro
   version   : 1.5.4.1
   vqmver    : 2.1.7
   author    : VinaEcom

File Name    : catalog/view/theme/default/template/common/header.tpl(1)
VQModObject::applyMod - SEARCH NOT FOUND (ABORTING MOD): </ul></div>

----------------------------------------------------------------------


---------- Date: 2014-10-01 11:18:55 ~ IP : ::1 ----------
REQUEST URI : /nailsnew/
MOD DETAILS:
   modFile   : E:\xampp\htdocs\nailsnew\vqmod/xml/news_pro.xml
   id        : News_Pro
   version   : 1.5.4.1
   vqmver    : 2.1.7
   author    : VinaEcom

File Name    : catalog/view/theme/default/template/common/header.tpl(1)
VQModObject::applyMod - SEARCH NOT FOUND (ABORTING MOD): </ul></div>

----------------------------------------------------------------------


---------- Date: 2014-10-01 11:20:01 ~ IP : ::1 ----------
REQUEST URI : /nailsnew/
MOD DETAILS:
   modFile   : E:\xampp\htdocs\nailsnew\vqmod/xml/news_pro.xml
   id        : News_Pro
   version   : 1.5.4.1
   vqmver    : 2.1.7
   author    : VinaEcom

File Name    : catalog/view/theme/default/template/common/header.tpl(1)
VQModObject::applyMod - SEARCH NOT FOUND (ABORTING MOD): </ul></div>

----------------------------------------------------------------------


---------- Date: 2014-10-01 11:20:29 ~ IP : ::1 ----------
REQUEST URI : /nailsnew/
MOD DETAILS:
   modFile   : E:\xampp\htdocs\nailsnew\vqmod/xml/news_pro.xml
   id        : News_Pro
   version   : 1.5.4.1
   vqmver    : 2.1.7
   author    : VinaEcom

File Name    : catalog/view/theme/default/template/common/header.tpl(1)
VQModObject::applyMod - SEARCH NOT FOUND (ABORTING MOD): </ul></div>

----------------------------------------------------------------------


---------- Date: 2014-10-01 11:21:24 ~ IP : ::1 ----------
REQUEST URI : /nailsnew/
MOD DETAILS:
   modFile   : E:\xampp\htdocs\nailsnew\vqmod/xml/news_pro.xml
   id        : News_Pro
   version   : 1.5.4.1
   vqmver    : 2.1.7
   author    : VinaEcom

File Name    : catalog/view/theme/default/template/common/header.tpl(1)
VQModObject::applyMod - SEARCH NOT FOUND (ABORTING MOD): </ul></div>

----------------------------------------------------------------------


---------- Date: 2014-10-01 11:21:36 ~ IP : ::1 ----------
REQUEST URI : /nailsnew/
MOD DETAILS:
   modFile   : E:\xampp\htdocs\nailsnew\vqmod/xml/news_pro.xml
   id        : News_Pro
   version   : 1.5.4.1
   vqmver    : 2.1.7
   author    : VinaEcom

File Name    : catalog/view/theme/default/template/common/header.tpl(1)
VQModObject::applyMod - SEARCH NOT FOUND (ABORTING MOD): </ul></div>

----------------------------------------------------------------------


---------- Date: 2014-10-01 11:22:23 ~ IP : ::1 ----------
REQUEST URI : /nailsnew/
MOD DETAILS:
   modFile   : E:\xampp\htdocs\nailsnew\vqmod/xml/news_pro.xml
   id        : News_Pro
   version   : 1.5.4.1
   vqmver    : 2.1.7
   author    : VinaEcom

File Name    : catalog/view/theme/default/template/common/header.tpl(1)
VQModObject::applyMod - SEARCH NOT FOUND (ABORTING MOD): </ul></div>

----------------------------------------------------------------------


---------- Date: 2014-10-01 11:23:22 ~ IP : ::1 ----------
REQUEST URI : /nailsnew/
MOD DETAILS:
   modFile   : E:\xampp\htdocs\nailsnew\vqmod/xml/news_pro.xml
   id        : News_Pro
   version   : 1.5.4.1
   vqmver    : 2.1.7
   author    : VinaEcom

File Name    : catalog/view/theme/default/template/common/header.tpl(1)
VQModObject::applyMod - SEARCH NOT FOUND (ABORTING MOD): </ul></div>

----------------------------------------------------------------------


---------- Date: 2014-10-01 11:25:31 ~ IP : ::1 ----------
REQUEST URI : /nailsnew/
MOD DETAILS:
   modFile   : E:\xampp\htdocs\nailsnew\vqmod/xml/news_pro.xml
   id        : News_Pro
   version   : 1.5.4.1
   vqmver    : 2.1.7
   author    : VinaEcom

File Name    : catalog/view/theme/default/template/common/header.tpl(1)
VQModObject::applyMod - SEARCH NOT FOUND (ABORTING MOD): </ul></div>

----------------------------------------------------------------------


---------- Date: 2014-10-01 11:28:00 ~ IP : ::1 ----------
REQUEST URI : /nailsnew/
MOD DETAILS:
   modFile   : E:\xampp\htdocs\nailsnew\vqmod/xml/news_pro.xml
   id        : News_Pro
   version   : 1.5.4.1
   vqmver    : 2.1.7
   author    : VinaEcom

File Name    : catalog/view/theme/default/template/common/header.tpl(1)
VQModObject::applyMod - SEARCH NOT FOUND (ABORTING MOD): </ul></div>

----------------------------------------------------------------------


---------- Date: 2014-10-01 11:28:50 ~ IP : ::1 ----------
REQUEST URI : /nailsnew/
MOD DETAILS:
   modFile   : E:\xampp\htdocs\nailsnew\vqmod/xml/news_pro.xml
   id        : News_Pro
   version   : 1.5.4.1
   vqmver    : 2.1.7
   author    : VinaEcom

File Name    : catalog/view/theme/default/template/common/header.tpl(1)
VQModObject::applyMod - SEARCH NOT FOUND (ABORTING MOD): </ul></div>

----------------------------------------------------------------------


---------- Date: 2014-10-01 11:30:04 ~ IP : ::1 ----------
REQUEST URI : /nailsnew/
MOD DETAILS:
   modFile   : E:\xampp\htdocs\nailsnew\vqmod/xml/news_pro.xml
   id        : News_Pro
   version   : 1.5.4.1
   vqmver    : 2.1.7
   author    : VinaEcom

File Name    : catalog/view/theme/default/template/common/header.tpl(1)
VQModObject::applyMod - SEARCH NOT FOUND (ABORTING MOD): </ul></div>

----------------------------------------------------------------------


---------- Date: 2014-10-01 11:30:19 ~ IP : ::1 ----------
REQUEST URI : /nailsnew/
MOD DETAILS:
   modFile   : E:\xampp\htdocs\nailsnew\vqmod/xml/news_pro.xml
   id        : News_Pro
   version   : 1.5.4.1
   vqmver    : 2.1.7
   author    : VinaEcom

File Name    : catalog/view/theme/default/template/common/header.tpl(1)
VQModObject::applyMod - SEARCH NOT FOUND (ABORTING MOD): </ul></div>

----------------------------------------------------------------------


---------- Date: 2014-10-01 11:31:55 ~ IP : ::1 ----------
REQUEST URI : /nailsnew/
MOD DETAILS:
   modFile   : E:\xampp\htdocs\nailsnew\vqmod/xml/news_pro.xml
   id        : News_Pro
   version   : 1.5.4.1
   vqmver    : 2.1.7
   author    : VinaEcom

File Name    : catalog/view/theme/default/template/common/header.tpl(1)
VQModObject::applyMod - SEARCH NOT FOUND (ABORTING MOD): </ul></div>

----------------------------------------------------------------------


---------- Date: 2014-10-01 11:32:17 ~ IP : ::1 ----------
REQUEST URI : /nailsnew/
MOD DETAILS:
   modFile   : E:\xampp\htdocs\nailsnew\vqmod/xml/news_pro.xml
   id        : News_Pro
   version   : 1.5.4.1
   vqmver    : 2.1.7
   author    : VinaEcom

File Name    : catalog/view/theme/default/template/common/header.tpl(1)
VQModObject::applyMod - SEARCH NOT FOUND (ABORTING MOD): </ul></div>

----------------------------------------------------------------------


---------- Date: 2014-10-01 11:32:27 ~ IP : ::1 ----------
REQUEST URI : /nailsnew/
MOD DETAILS:
   modFile   : E:\xampp\htdocs\nailsnew\vqmod/xml/news_pro.xml
   id        : News_Pro
   version   : 1.5.4.1
   vqmver    : 2.1.7
   author    : VinaEcom

File Name    : catalog/view/theme/default/template/common/header.tpl(1)
VQModObject::applyMod - SEARCH NOT FOUND (ABORTING MOD): </ul></div>

----------------------------------------------------------------------


---------- Date: 2014-10-01 11:33:01 ~ IP : ::1 ----------
REQUEST URI : /nailsnew/
MOD DETAILS:
   modFile   : E:\xampp\htdocs\nailsnew\vqmod/xml/news_pro.xml
   id        : News_Pro
   version   : 1.5.4.1
   vqmver    : 2.1.7
   author    : VinaEcom

File Name    : catalog/view/theme/default/template/common/header.tpl(1)
VQModObject::applyMod - SEARCH NOT FOUND (ABORTING MOD): </ul></div>

----------------------------------------------------------------------


---------- Date: 2014-10-01 11:33:16 ~ IP : ::1 ----------
REQUEST URI : /nailsnew/
MOD DETAILS:
   modFile   : E:\xampp\htdocs\nailsnew\vqmod/xml/news_pro.xml
   id        : News_Pro
   version   : 1.5.4.1
   vqmver    : 2.1.7
   author    : VinaEcom

File Name    : catalog/view/theme/default/template/common/header.tpl(1)
VQModObject::applyMod - SEARCH NOT FOUND (ABORTING MOD): </ul></div>

----------------------------------------------------------------------


---------- Date: 2014-10-01 11:33:54 ~ IP : ::1 ----------
REQUEST URI : /nailsnew/
MOD DETAILS:
   modFile   : E:\xampp\htdocs\nailsnew\vqmod/xml/news_pro.xml
   id        : News_Pro
   version   : 1.5.4.1
   vqmver    : 2.1.7
   author    : VinaEcom

File Name    : catalog/view/theme/default/template/common/header.tpl(1)
VQModObject::applyMod - SEARCH NOT FOUND (ABORTING MOD): </ul></div>

----------------------------------------------------------------------


---------- Date: 2014-10-01 11:35:03 ~ IP : ::1 ----------
REQUEST URI : /nailsnew/
MOD DETAILS:
   modFile   : E:\xampp\htdocs\nailsnew\vqmod/xml/news_pro.xml
   id        : News_Pro
   version   : 1.5.4.1
   vqmver    : 2.1.7
   author    : VinaEcom

File Name    : catalog/view/theme/default/template/common/header.tpl(1)
VQModObject::applyMod - SEARCH NOT FOUND (ABORTING MOD): </ul></div>

----------------------------------------------------------------------


---------- Date: 2014-10-01 11:35:55 ~ IP : ::1 ----------
REQUEST URI : /nailsnew/
MOD DETAILS:
   modFile   : E:\xampp\htdocs\nailsnew\vqmod/xml/news_pro.xml
   id        : News_Pro
   version   : 1.5.4.1
   vqmver    : 2.1.7
   author    : VinaEcom

File Name    : catalog/view/theme/default/template/common/header.tpl(1)
VQModObject::applyMod - SEARCH NOT FOUND (ABORTING MOD): </ul></div>

----------------------------------------------------------------------


---------- Date: 2014-10-01 11:36:18 ~ IP : ::1 ----------
REQUEST URI : /nailsnew/
MOD DETAILS:
   modFile   : E:\xampp\htdocs\nailsnew\vqmod/xml/news_pro.xml
   id        : News_Pro
   version   : 1.5.4.1
   vqmver    : 2.1.7
   author    : VinaEcom

File Name    : catalog/view/theme/default/template/common/header.tpl(1)
VQModObject::applyMod - SEARCH NOT FOUND (ABORTING MOD): </ul></div>

----------------------------------------------------------------------


---------- Date: 2014-10-01 11:36:48 ~ IP : ::1 ----------
REQUEST URI : /nailsnew/
MOD DETAILS:
   modFile   : E:\xampp\htdocs\nailsnew\vqmod/xml/news_pro.xml
   id        : News_Pro
   version   : 1.5.4.1
   vqmver    : 2.1.7
   author    : VinaEcom

File Name    : catalog/view/theme/default/template/common/header.tpl(1)
VQModObject::applyMod - SEARCH NOT FOUND (ABORTING MOD): </ul></div>

----------------------------------------------------------------------


---------- Date: 2014-10-01 11:38:23 ~ IP : ::1 ----------
REQUEST URI : /nailsnew/
MOD DETAILS:
   modFile   : E:\xampp\htdocs\nailsnew\vqmod/xml/news_pro.xml
   id        : News_Pro
   version   : 1.5.4.1
   vqmver    : 2.1.7
   author    : VinaEcom

File Name    : catalog/view/theme/default/template/common/header.tpl(1)
VQModObject::applyMod - SEARCH NOT FOUND (ABORTING MOD): </ul></div>

----------------------------------------------------------------------


---------- Date: 2014-10-01 11:39:08 ~ IP : ::1 ----------
REQUEST URI : /nailsnew/
MOD DETAILS:
   modFile   : E:\xampp\htdocs\nailsnew\vqmod/xml/news_pro.xml
   id        : News_Pro
   version   : 1.5.4.1
   vqmver    : 2.1.7
   author    : VinaEcom

File Name    : catalog/view/theme/default/template/common/header.tpl(1)
VQModObject::applyMod - SEARCH NOT FOUND (ABORTING MOD): </ul></div>

----------------------------------------------------------------------


---------- Date: 2014-10-01 11:41:01 ~ IP : ::1 ----------
REQUEST URI : /nailsnew/
MOD DETAILS:
   modFile   : E:\xampp\htdocs\nailsnew\vqmod/xml/news_pro.xml
   id        : News_Pro
   version   : 1.5.4.1
   vqmver    : 2.1.7
   author    : VinaEcom

File Name    : catalog/view/theme/default/template/common/header.tpl(1)
VQModObject::applyMod - SEARCH NOT FOUND (ABORTING MOD): </ul></div>

----------------------------------------------------------------------


---------- Date: 2014-10-01 11:41:26 ~ IP : ::1 ----------
REQUEST URI : /nailsnew/
MOD DETAILS:
   modFile   : E:\xampp\htdocs\nailsnew\vqmod/xml/news_pro.xml
   id        : News_Pro
   version   : 1.5.4.1
   vqmver    : 2.1.7
   author    : VinaEcom

File Name    : catalog/view/theme/default/template/common/header.tpl(1)
VQModObject::applyMod - SEARCH NOT FOUND (ABORTING MOD): </ul></div>

----------------------------------------------------------------------


---------- Date: 2014-10-01 11:43:18 ~ IP : ::1 ----------
REQUEST URI : /nailsnew/
MOD DETAILS:
   modFile   : E:\xampp\htdocs\nailsnew\vqmod/xml/news_pro.xml
   id        : News_Pro
   version   : 1.5.4.1
   vqmver    : 2.1.7
   author    : VinaEcom

File Name    : catalog/view/theme/default/template/common/header.tpl(1)
VQModObject::applyMod - SEARCH NOT FOUND (ABORTING MOD): </ul></div>

----------------------------------------------------------------------


---------- Date: 2014-10-01 11:43:45 ~ IP : ::1 ----------
REQUEST URI : /nailsnew/
MOD DETAILS:
   modFile   : E:\xampp\htdocs\nailsnew\vqmod/xml/news_pro.xml
   id        : News_Pro
   version   : 1.5.4.1
   vqmver    : 2.1.7
   author    : VinaEcom

File Name    : catalog/view/theme/default/template/common/header.tpl(1)
VQModObject::applyMod - SEARCH NOT FOUND (ABORTING MOD): </ul></div>

----------------------------------------------------------------------


---------- Date: 2014-10-01 11:44:54 ~ IP : ::1 ----------
REQUEST URI : /nailsnew/
MOD DETAILS:
   modFile   : E:\xampp\htdocs\nailsnew\vqmod/xml/news_pro.xml
   id        : News_Pro
   version   : 1.5.4.1
   vqmver    : 2.1.7
   author    : VinaEcom

File Name    : catalog/view/theme/default/template/common/header.tpl(1)
VQModObject::applyMod - SEARCH NOT FOUND (ABORTING MOD): </ul></div>

----------------------------------------------------------------------


---------- Date: 2014-10-01 11:46:51 ~ IP : ::1 ----------
REQUEST URI : /nailsnew/
MOD DETAILS:
   modFile   : E:\xampp\htdocs\nailsnew\vqmod/xml/news_pro.xml
   id        : News_Pro
   version   : 1.5.4.1
   vqmver    : 2.1.7
   author    : VinaEcom

File Name    : catalog/view/theme/default/template/common/header.tpl(1)
VQModObject::applyMod - SEARCH NOT FOUND (ABORTING MOD): </ul></div>

----------------------------------------------------------------------


---------- Date: 2014-10-01 11:47:38 ~ IP : ::1 ----------
REQUEST URI : /nailsnew/
MOD DETAILS:
   modFile   : E:\xampp\htdocs\nailsnew\vqmod/xml/news_pro.xml
   id        : News_Pro
   version   : 1.5.4.1
   vqmver    : 2.1.7
   author    : VinaEcom

File Name    : catalog/view/theme/default/template/common/header.tpl(1)
VQModObject::applyMod - SEARCH NOT FOUND (ABORTING MOD): </ul></div>

----------------------------------------------------------------------


---------- Date: 2014-10-01 11:47:54 ~ IP : ::1 ----------
REQUEST URI : /nailsnew/
MOD DETAILS:
   modFile   : E:\xampp\htdocs\nailsnew\vqmod/xml/news_pro.xml
   id        : News_Pro
   version   : 1.5.4.1
   vqmver    : 2.1.7
   author    : VinaEcom

File Name    : catalog/view/theme/default/template/common/header.tpl(1)
VQModObject::applyMod - SEARCH NOT FOUND (ABORTING MOD): </ul></div>

----------------------------------------------------------------------


---------- Date: 2014-10-01 11:50:39 ~ IP : ::1 ----------
REQUEST URI : /nailsnew/
MOD DETAILS:
   modFile   : E:\xampp\htdocs\nailsnew\vqmod/xml/news_pro.xml
   id        : News_Pro
   version   : 1.5.4.1
   vqmver    : 2.1.7
   author    : VinaEcom

File Name    : catalog/view/theme/default/template/common/header.tpl(1)
VQModObject::applyMod - SEARCH NOT FOUND (ABORTING MOD): </ul></div>

----------------------------------------------------------------------


---------- Date: 2014-10-01 11:51:30 ~ IP : ::1 ----------
REQUEST URI : /nailsnew/
MOD DETAILS:
   modFile   : E:\xampp\htdocs\nailsnew\vqmod/xml/news_pro.xml
   id        : News_Pro
   version   : 1.5.4.1
   vqmver    : 2.1.7
   author    : VinaEcom

File Name    : catalog/view/theme/default/template/common/header.tpl(1)
VQModObject::applyMod - SEARCH NOT FOUND (ABORTING MOD): </ul></div>

----------------------------------------------------------------------


---------- Date: 2014-10-01 11:55:20 ~ IP : ::1 ----------
REQUEST URI : /nailsnew/
MOD DETAILS:
   modFile   : E:\xampp\htdocs\nailsnew\vqmod/xml/news_pro.xml
   id        : News_Pro
   version   : 1.5.4.1
   vqmver    : 2.1.7
   author    : VinaEcom

File Name    : catalog/view/theme/default/template/common/header.tpl(1)
VQModObject::applyMod - SEARCH NOT FOUND (ABORTING MOD): </ul></div>

----------------------------------------------------------------------


---------- Date: 2014-10-01 11:58:01 ~ IP : ::1 ----------
REQUEST URI : /nailsnew/
MOD DETAILS:
   modFile   : E:\xampp\htdocs\nailsnew\vqmod/xml/news_pro.xml
   id        : News_Pro
   version   : 1.5.4.1
   vqmver    : 2.1.7
   author    : VinaEcom

File Name    : catalog/view/theme/default/template/common/header.tpl(1)
VQModObject::applyMod - SEARCH NOT FOUND (ABORTING MOD): </ul></div>

----------------------------------------------------------------------


---------- Date: 2014-10-01 11:58:49 ~ IP : ::1 ----------
REQUEST URI : /nailsnew/
MOD DETAILS:
   modFile   : E:\xampp\htdocs\nailsnew\vqmod/xml/news_pro.xml
   id        : News_Pro
   version   : 1.5.4.1
   vqmver    : 2.1.7
   author    : VinaEcom

File Name    : catalog/view/theme/default/template/common/header.tpl(1)
VQModObject::applyMod - SEARCH NOT FOUND (ABORTING MOD): </ul></div>

----------------------------------------------------------------------


---------- Date: 2014-10-01 11:59:13 ~ IP : ::1 ----------
REQUEST URI : /nailsnew/
MOD DETAILS:
   modFile   : E:\xampp\htdocs\nailsnew\vqmod/xml/news_pro.xml
   id        : News_Pro
   version   : 1.5.4.1
   vqmver    : 2.1.7
   author    : VinaEcom

File Name    : catalog/view/theme/default/template/common/header.tpl(1)
VQModObject::applyMod - SEARCH NOT FOUND (ABORTING MOD): </ul></div>

----------------------------------------------------------------------


---------- Date: 2014-10-01 11:59:17 ~ IP : ::1 ----------
REQUEST URI : /nailsnew/
MOD DETAILS:
   modFile   : E:\xampp\htdocs\nailsnew\vqmod/xml/news_pro.xml
   id        : News_Pro
   version   : 1.5.4.1
   vqmver    : 2.1.7
   author    : VinaEcom

File Name    : catalog/view/theme/default/template/common/header.tpl(1)
VQModObject::applyMod - SEARCH NOT FOUND (ABORTING MOD): </ul></div>

----------------------------------------------------------------------


---------- Date: 2014-10-01 11:59:40 ~ IP : ::1 ----------
REQUEST URI : /nailsnew/
MOD DETAILS:
   modFile   : E:\xampp\htdocs\nailsnew\vqmod/xml/news_pro.xml
   id        : News_Pro
   version   : 1.5.4.1
   vqmver    : 2.1.7
   author    : VinaEcom

File Name    : catalog/view/theme/default/template/common/header.tpl(1)
VQModObject::applyMod - SEARCH NOT FOUND (ABORTING MOD): </ul></div>

----------------------------------------------------------------------


---------- Date: 2014-10-01 12:00:01 ~ IP : ::1 ----------
REQUEST URI : /nailsnew/
MOD DETAILS:
   modFile   : E:\xampp\htdocs\nailsnew\vqmod/xml/news_pro.xml
   id        : News_Pro
   version   : 1.5.4.1
   vqmver    : 2.1.7
   author    : VinaEcom

File Name    : catalog/view/theme/default/template/common/header.tpl(1)
VQModObject::applyMod - SEARCH NOT FOUND (ABORTING MOD): </ul></div>

----------------------------------------------------------------------


---------- Date: 2014-10-01 12:02:59 ~ IP : ::1 ----------
REQUEST URI : /nailsnew/
MOD DETAILS:
   modFile   : E:\xampp\htdocs\nailsnew\vqmod/xml/news_pro.xml
   id        : News_Pro
   version   : 1.5.4.1
   vqmver    : 2.1.7
   author    : VinaEcom

File Name    : catalog/view/theme/default/template/common/header.tpl(1)
VQModObject::applyMod - SEARCH NOT FOUND (ABORTING MOD): </ul></div>

----------------------------------------------------------------------


---------- Date: 2014-10-01 12:03:23 ~ IP : ::1 ----------
REQUEST URI : /nailsnew/
MOD DETAILS:
   modFile   : E:\xampp\htdocs\nailsnew\vqmod/xml/news_pro.xml
   id        : News_Pro
   version   : 1.5.4.1
   vqmver    : 2.1.7
   author    : VinaEcom

File Name    : catalog/view/theme/default/template/common/header.tpl(1)
VQModObject::applyMod - SEARCH NOT FOUND (ABORTING MOD): </ul></div>

----------------------------------------------------------------------


---------- Date: 2014-10-01 12:04:19 ~ IP : ::1 ----------
REQUEST URI : /nailsnew/
MOD DETAILS:
   modFile   : E:\xampp\htdocs\nailsnew\vqmod/xml/news_pro.xml
   id        : News_Pro
   version   : 1.5.4.1
   vqmver    : 2.1.7
   author    : VinaEcom

File Name    : catalog/view/theme/default/template/common/header.tpl(1)
VQModObject::applyMod - SEARCH NOT FOUND (ABORTING MOD): </ul></div>

----------------------------------------------------------------------


---------- Date: 2014-10-01 12:05:22 ~ IP : ::1 ----------
REQUEST URI : /nailsnew/
MOD DETAILS:
   modFile   : E:\xampp\htdocs\nailsnew\vqmod/xml/news_pro.xml
   id        : News_Pro
   version   : 1.5.4.1
   vqmver    : 2.1.7
   author    : VinaEcom

File Name    : catalog/view/theme/default/template/common/header.tpl(1)
VQModObject::applyMod - SEARCH NOT FOUND (ABORTING MOD): </ul></div>

----------------------------------------------------------------------


---------- Date: 2014-10-01 12:10:07 ~ IP : ::1 ----------
REQUEST URI : /nailsnew/
MOD DETAILS:
   modFile   : E:\xampp\htdocs\nailsnew\vqmod/xml/news_pro.xml
   id        : News_Pro
   version   : 1.5.4.1
   vqmver    : 2.1.7
   author    : VinaEcom

File Name    : catalog/view/theme/default/template/common/header.tpl(1)
VQModObject::applyMod - SEARCH NOT FOUND (ABORTING MOD): </ul></div>

----------------------------------------------------------------------


---------- Date: 2014-10-01 12:14:58 ~ IP : ::1 ----------
REQUEST URI : /nailsnew/
MOD DETAILS:
   modFile   : E:\xampp\htdocs\nailsnew\vqmod/xml/news_pro.xml
   id        : News_Pro
   version   : 1.5.4.1
   vqmver    : 2.1.7
   author    : VinaEcom

File Name    : catalog/view/theme/default/template/common/header.tpl(1)
VQModObject::applyMod - SEARCH NOT FOUND (ABORTING MOD): </ul></div>

----------------------------------------------------------------------


---------- Date: 2014-10-01 12:15:58 ~ IP : ::1 ----------
REQUEST URI : /nailsnew/
MOD DETAILS:
   modFile   : E:\xampp\htdocs\nailsnew\vqmod/xml/news_pro.xml
   id        : News_Pro
   version   : 1.5.4.1
   vqmver    : 2.1.7
   author    : VinaEcom

File Name    : catalog/view/theme/default/template/common/header.tpl(1)
VQModObject::applyMod - SEARCH NOT FOUND (ABORTING MOD): </ul></div>

----------------------------------------------------------------------


---------- Date: 2014-10-01 12:17:31 ~ IP : ::1 ----------
REQUEST URI : /nailsnew/
MOD DETAILS:
   modFile   : E:\xampp\htdocs\nailsnew\vqmod/xml/news_pro.xml
   id        : News_Pro
   version   : 1.5.4.1
   vqmver    : 2.1.7
   author    : VinaEcom

File Name    : catalog/view/theme/default/template/common/header.tpl(1)
VQModObject::applyMod - SEARCH NOT FOUND (ABORTING MOD): </ul></div>

----------------------------------------------------------------------


---------- Date: 2014-10-01 12:18:26 ~ IP : ::1 ----------
REQUEST URI : /nailsnew/
MOD DETAILS:
   modFile   : E:\xampp\htdocs\nailsnew\vqmod/xml/news_pro.xml
   id        : News_Pro
   version   : 1.5.4.1
   vqmver    : 2.1.7
   author    : VinaEcom

File Name    : catalog/view/theme/default/template/common/header.tpl(1)
VQModObject::applyMod - SEARCH NOT FOUND (ABORTING MOD): </ul></div>

----------------------------------------------------------------------


---------- Date: 2014-10-01 12:18:43 ~ IP : ::1 ----------
REQUEST URI : /nailsnew/
MOD DETAILS:
   modFile   : E:\xampp\htdocs\nailsnew\vqmod/xml/news_pro.xml
   id        : News_Pro
   version   : 1.5.4.1
   vqmver    : 2.1.7
   author    : VinaEcom

File Name    : catalog/view/theme/default/template/common/header.tpl(1)
VQModObject::applyMod - SEARCH NOT FOUND (ABORTING MOD): </ul></div>

----------------------------------------------------------------------


---------- Date: 2014-10-01 12:19:32 ~ IP : ::1 ----------
REQUEST URI : /nailsnew/
MOD DETAILS:
   modFile   : E:\xampp\htdocs\nailsnew\vqmod/xml/news_pro.xml
   id        : News_Pro
   version   : 1.5.4.1
   vqmver    : 2.1.7
   author    : VinaEcom

File Name    : catalog/view/theme/default/template/common/header.tpl(1)
VQModObject::applyMod - SEARCH NOT FOUND (ABORTING MOD): </ul></div>

----------------------------------------------------------------------


---------- Date: 2014-10-01 12:25:58 ~ IP : ::1 ----------
REQUEST URI : /nailsnew/
MOD DETAILS:
   modFile   : E:\xampp\htdocs\nailsnew\vqmod/xml/news_pro.xml
   id        : News_Pro
   version   : 1.5.4.1
   vqmver    : 2.1.7
   author    : VinaEcom

File Name    : catalog/view/theme/default/template/common/header.tpl(1)
VQModObject::applyMod - SEARCH NOT FOUND (ABORTING MOD): </ul></div>

----------------------------------------------------------------------


---------- Date: 2014-10-01 12:30:18 ~ IP : ::1 ----------
REQUEST URI : /nailsnew/
MOD DETAILS:
   modFile   : E:\xampp\htdocs\nailsnew\vqmod/xml/news_pro.xml
   id        : News_Pro
   version   : 1.5.4.1
   vqmver    : 2.1.7
   author    : VinaEcom

File Name    : catalog/view/theme/default/template/common/header.tpl(1)
VQModObject::applyMod - SEARCH NOT FOUND (ABORTING MOD): </ul></div>

----------------------------------------------------------------------


---------- Date: 2014-10-01 12:31:30 ~ IP : ::1 ----------
REQUEST URI : /nailsnew/
MOD DETAILS:
   modFile   : E:\xampp\htdocs\nailsnew\vqmod/xml/news_pro.xml
   id        : News_Pro
   version   : 1.5.4.1
   vqmver    : 2.1.7
   author    : VinaEcom

File Name    : catalog/view/theme/default/template/common/header.tpl(1)
VQModObject::applyMod - SEARCH NOT FOUND (ABORTING MOD): </ul></div>

----------------------------------------------------------------------


---------- Date: 2014-10-01 12:31:47 ~ IP : ::1 ----------
REQUEST URI : /nailsnew/
MOD DETAILS:
   modFile   : E:\xampp\htdocs\nailsnew\vqmod/xml/news_pro.xml
   id        : News_Pro
   version   : 1.5.4.1
   vqmver    : 2.1.7
   author    : VinaEcom

File Name    : catalog/view/theme/default/template/common/header.tpl(1)
VQModObject::applyMod - SEARCH NOT FOUND (ABORTING MOD): </ul></div>

----------------------------------------------------------------------


---------- Date: 2014-10-01 12:32:16 ~ IP : ::1 ----------
REQUEST URI : /nailsnew/
MOD DETAILS:
   modFile   : E:\xampp\htdocs\nailsnew\vqmod/xml/news_pro.xml
   id        : News_Pro
   version   : 1.5.4.1
   vqmver    : 2.1.7
   author    : VinaEcom

File Name    : catalog/view/theme/default/template/common/header.tpl(1)
VQModObject::applyMod - SEARCH NOT FOUND (ABORTING MOD): </ul></div>

----------------------------------------------------------------------


---------- Date: 2014-10-01 12:32:55 ~ IP : ::1 ----------
REQUEST URI : /nailsnew/
MOD DETAILS:
   modFile   : E:\xampp\htdocs\nailsnew\vqmod/xml/news_pro.xml
   id        : News_Pro
   version   : 1.5.4.1
   vqmver    : 2.1.7
   author    : VinaEcom

File Name    : catalog/view/theme/default/template/common/header.tpl(1)
VQModObject::applyMod - SEARCH NOT FOUND (ABORTING MOD): </ul></div>

----------------------------------------------------------------------


---------- Date: 2014-10-01 12:34:44 ~ IP : ::1 ----------
REQUEST URI : /nailsnew/
MOD DETAILS:
   modFile   : E:\xampp\htdocs\nailsnew\vqmod/xml/news_pro.xml
   id        : News_Pro
   version   : 1.5.4.1
   vqmver    : 2.1.7
   author    : VinaEcom

File Name    : catalog/view/theme/default/template/common/header.tpl(1)
VQModObject::applyMod - SEARCH NOT FOUND (ABORTING MOD): </ul></div>

----------------------------------------------------------------------


---------- Date: 2014-10-01 12:35:25 ~ IP : ::1 ----------
REQUEST URI : /nailsnew/
MOD DETAILS:
   modFile   : E:\xampp\htdocs\nailsnew\vqmod/xml/news_pro.xml
   id        : News_Pro
   version   : 1.5.4.1
   vqmver    : 2.1.7
   author    : VinaEcom

File Name    : catalog/view/theme/default/template/common/header.tpl(1)
VQModObject::applyMod - SEARCH NOT FOUND (ABORTING MOD): </ul></div>

----------------------------------------------------------------------


---------- Date: 2014-10-01 12:36:53 ~ IP : ::1 ----------
REQUEST URI : /nailsnew/
MOD DETAILS:
   modFile   : E:\xampp\htdocs\nailsnew\vqmod/xml/news_pro.xml
   id        : News_Pro
   version   : 1.5.4.1
   vqmver    : 2.1.7
   author    : VinaEcom

File Name    : catalog/view/theme/default/template/common/header.tpl(1)
VQModObject::applyMod - SEARCH NOT FOUND (ABORTING MOD): </ul></div>

----------------------------------------------------------------------


---------- Date: 2014-10-01 12:37:40 ~ IP : ::1 ----------
REQUEST URI : /nailsnew/
MOD DETAILS:
   modFile   : E:\xampp\htdocs\nailsnew\vqmod/xml/news_pro.xml
   id        : News_Pro
   version   : 1.5.4.1
   vqmver    : 2.1.7
   author    : VinaEcom

File Name    : catalog/view/theme/default/template/common/header.tpl(1)
VQModObject::applyMod - SEARCH NOT FOUND (ABORTING MOD): </ul></div>

----------------------------------------------------------------------


---------- Date: 2014-10-01 12:38:44 ~ IP : ::1 ----------
REQUEST URI : /nailsnew/
MOD DETAILS:
   modFile   : E:\xampp\htdocs\nailsnew\vqmod/xml/news_pro.xml
   id        : News_Pro
   version   : 1.5.4.1
   vqmver    : 2.1.7
   author    : VinaEcom

File Name    : catalog/view/theme/default/template/common/header.tpl(1)
VQModObject::applyMod - SEARCH NOT FOUND (ABORTING MOD): </ul></div>

----------------------------------------------------------------------


---------- Date: 2014-10-01 12:41:02 ~ IP : ::1 ----------
REQUEST URI : /nailsnew/
MOD DETAILS:
   modFile   : E:\xampp\htdocs\nailsnew\vqmod/xml/news_pro.xml
   id        : News_Pro
   version   : 1.5.4.1
   vqmver    : 2.1.7
   author    : VinaEcom

File Name    : catalog/view/theme/default/template/common/header.tpl(1)
VQModObject::applyMod - SEARCH NOT FOUND (ABORTING MOD): </ul></div>

----------------------------------------------------------------------


---------- Date: 2014-10-01 12:41:05 ~ IP : ::1 ----------
REQUEST URI : /nailsnew/
MOD DETAILS:
   modFile   : E:\xampp\htdocs\nailsnew\vqmod/xml/news_pro.xml
   id        : News_Pro
   version   : 1.5.4.1
   vqmver    : 2.1.7
   author    : VinaEcom

File Name    : catalog/view/theme/default/template/common/header.tpl(1)
VQModObject::applyMod - SEARCH NOT FOUND (ABORTING MOD): </ul></div>

----------------------------------------------------------------------


---------- Date: 2014-10-01 12:43:51 ~ IP : ::1 ----------
REQUEST URI : /nailsnew/
MOD DETAILS:
   modFile   : E:\xampp\htdocs\nailsnew\vqmod/xml/news_pro.xml
   id        : News_Pro
   version   : 1.5.4.1
   vqmver    : 2.1.7
   author    : VinaEcom

File Name    : catalog/view/theme/default/template/common/header.tpl(1)
VQModObject::applyMod - SEARCH NOT FOUND (ABORTING MOD): </ul></div>

----------------------------------------------------------------------


---------- Date: 2014-10-01 12:45:00 ~ IP : ::1 ----------
REQUEST URI : /nailsnew/
MOD DETAILS:
   modFile   : E:\xampp\htdocs\nailsnew\vqmod/xml/news_pro.xml
   id        : News_Pro
   version   : 1.5.4.1
   vqmver    : 2.1.7
   author    : VinaEcom

File Name    : catalog/view/theme/default/template/common/header.tpl(1)
VQModObject::applyMod - SEARCH NOT FOUND (ABORTING MOD): </ul></div>

----------------------------------------------------------------------


---------- Date: 2014-10-01 12:45:56 ~ IP : ::1 ----------
REQUEST URI : /nailsnew/
MOD DETAILS:
   modFile   : E:\xampp\htdocs\nailsnew\vqmod/xml/news_pro.xml
   id        : News_Pro
   version   : 1.5.4.1
   vqmver    : 2.1.7
   author    : VinaEcom

File Name    : catalog/view/theme/default/template/common/header.tpl(1)
VQModObject::applyMod - SEARCH NOT FOUND (ABORTING MOD): </ul></div>

----------------------------------------------------------------------


---------- Date: 2014-10-01 12:47:07 ~ IP : ::1 ----------
REQUEST URI : /nailsnew/
MOD DETAILS:
   modFile   : E:\xampp\htdocs\nailsnew\vqmod/xml/news_pro.xml
   id        : News_Pro
   version   : 1.5.4.1
   vqmver    : 2.1.7
   author    : VinaEcom

File Name    : catalog/view/theme/default/template/common/header.tpl(1)
VQModObject::applyMod - SEARCH NOT FOUND (ABORTING MOD): </ul></div>

----------------------------------------------------------------------


---------- Date: 2014-10-01 12:47:39 ~ IP : ::1 ----------
REQUEST URI : /nailsnew/
MOD DETAILS:
   modFile   : E:\xampp\htdocs\nailsnew\vqmod/xml/news_pro.xml
   id        : News_Pro
   version   : 1.5.4.1
   vqmver    : 2.1.7
   author    : VinaEcom

File Name    : catalog/view/theme/default/template/common/header.tpl(1)
VQModObject::applyMod - SEARCH NOT FOUND (ABORTING MOD): </ul></div>

----------------------------------------------------------------------


---------- Date: 2014-10-01 12:48:45 ~ IP : ::1 ----------
REQUEST URI : /nailsnew/
MOD DETAILS:
   modFile   : E:\xampp\htdocs\nailsnew\vqmod/xml/news_pro.xml
   id        : News_Pro
   version   : 1.5.4.1
   vqmver    : 2.1.7
   author    : VinaEcom

File Name    : catalog/view/theme/default/template/common/header.tpl(1)
VQModObject::applyMod - SEARCH NOT FOUND (ABORTING MOD): </ul></div>

----------------------------------------------------------------------


---------- Date: 2014-10-01 12:49:05 ~ IP : ::1 ----------
REQUEST URI : /nailsnew/
MOD DETAILS:
   modFile   : E:\xampp\htdocs\nailsnew\vqmod/xml/news_pro.xml
   id        : News_Pro
   version   : 1.5.4.1
   vqmver    : 2.1.7
   author    : VinaEcom

File Name    : catalog/view/theme/default/template/common/header.tpl(1)
VQModObject::applyMod - SEARCH NOT FOUND (ABORTING MOD): </ul></div>

----------------------------------------------------------------------


---------- Date: 2014-10-01 12:50:56 ~ IP : ::1 ----------
REQUEST URI : /nailsnew/
MOD DETAILS:
   modFile   : E:\xampp\htdocs\nailsnew\vqmod/xml/news_pro.xml
   id        : News_Pro
   version   : 1.5.4.1
   vqmver    : 2.1.7
   author    : VinaEcom

File Name    : catalog/view/theme/default/template/common/header.tpl(1)
VQModObject::applyMod - SEARCH NOT FOUND (ABORTING MOD): </ul></div>

----------------------------------------------------------------------


---------- Date: 2014-10-01 12:52:18 ~ IP : ::1 ----------
REQUEST URI : /nailsnew/
MOD DETAILS:
   modFile   : E:\xampp\htdocs\nailsnew\vqmod/xml/news_pro.xml
   id        : News_Pro
   version   : 1.5.4.1
   vqmver    : 2.1.7
   author    : VinaEcom

File Name    : catalog/view/theme/default/template/common/header.tpl(1)
VQModObject::applyMod - SEARCH NOT FOUND (ABORTING MOD): </ul></div>

----------------------------------------------------------------------


---------- Date: 2014-10-01 12:53:28 ~ IP : ::1 ----------
REQUEST URI : /nailsnew/
MOD DETAILS:
   modFile   : E:\xampp\htdocs\nailsnew\vqmod/xml/news_pro.xml
   id        : News_Pro
   version   : 1.5.4.1
   vqmver    : 2.1.7
   author    : VinaEcom

File Name    : catalog/view/theme/default/template/common/header.tpl(1)
VQModObject::applyMod - SEARCH NOT FOUND (ABORTING MOD): </ul></div>

----------------------------------------------------------------------


---------- Date: 2014-10-01 12:53:53 ~ IP : ::1 ----------
REQUEST URI : /nailsnew/index.php?route=information/information&amp;information_id=4
MOD DETAILS:
   modFile   : E:\xampp\htdocs\nailsnew\vqmod/xml/news_pro.xml
   id        : News_Pro
   version   : 1.5.4.1
   vqmver    : 2.1.7
   author    : VinaEcom

File Name    : catalog/view/theme/default/template/common/header.tpl(1)
VQModObject::applyMod - SEARCH NOT FOUND (ABORTING MOD): </ul></div>

----------------------------------------------------------------------


---------- Date: 2014-10-01 12:54:03 ~ IP : ::1 ----------
REQUEST URI : /nailsnew/
MOD DETAILS:
   modFile   : E:\xampp\htdocs\nailsnew\vqmod/xml/news_pro.xml
   id        : News_Pro
   version   : 1.5.4.1
   vqmver    : 2.1.7
   author    : VinaEcom

File Name    : catalog/view/theme/default/template/common/header.tpl(1)
VQModObject::applyMod - SEARCH NOT FOUND (ABORTING MOD): </ul></div>

----------------------------------------------------------------------


---------- Date: 2014-10-01 12:54:07 ~ IP : ::1 ----------
REQUEST URI : /nailsnew/index.php?route=product/product&amp;product_id=46
MOD DETAILS:
   modFile   : E:\xampp\htdocs\nailsnew\vqmod/xml/news_pro.xml
   id        : News_Pro
   version   : 1.5.4.1
   vqmver    : 2.1.7
   author    : VinaEcom

File Name    : catalog/view/theme/default/template/common/header.tpl(1)
VQModObject::applyMod - SEARCH NOT FOUND (ABORTING MOD): </ul></div>

----------------------------------------------------------------------


---------- Date: 2014-10-01 12:54:13 ~ IP : ::1 ----------
REQUEST URI : /nailsnew/index.php?route=product/category&amp;path=20_27
MOD DETAILS:
   modFile   : E:\xampp\htdocs\nailsnew\vqmod/xml/news_pro.xml
   id        : News_Pro
   version   : 1.5.4.1
   vqmver    : 2.1.7
   author    : VinaEcom

File Name    : catalog/view/theme/default/template/common/header.tpl(1)
VQModObject::applyMod - SEARCH NOT FOUND (ABORTING MOD): </ul></div>

----------------------------------------------------------------------


---------- Date: 2014-10-01 12:54:17 ~ IP : ::1 ----------
REQUEST URI : /nailsnew/index.php?route=product/product&amp;path=20_27&amp;product_id=41
MOD DETAILS:
   modFile   : E:\xampp\htdocs\nailsnew\vqmod/xml/news_pro.xml
   id        : News_Pro
   version   : 1.5.4.1
   vqmver    : 2.1.7
   author    : VinaEcom

File Name    : catalog/view/theme/default/template/common/header.tpl(1)
VQModObject::applyMod - SEARCH NOT FOUND (ABORTING MOD): </ul></div>

----------------------------------------------------------------------


---------- Date: 2014-10-01 12:54:27 ~ IP : ::1 ----------
REQUEST URI : /nailsnew/
MOD DETAILS:
   modFile   : E:\xampp\htdocs\nailsnew\vqmod/xml/news_pro.xml
   id        : News_Pro
   version   : 1.5.4.1
   vqmver    : 2.1.7
   author    : VinaEcom

File Name    : catalog/view/theme/default/template/common/header.tpl(1)
VQModObject::applyMod - SEARCH NOT FOUND (ABORTING MOD): </ul></div>

----------------------------------------------------------------------


---------- Date: 2014-10-01 12:55:10 ~ IP : ::1 ----------
REQUEST URI : /nailsnew/
MOD DETAILS:
   modFile   : E:\xampp\htdocs\nailsnew\vqmod/xml/news_pro.xml
   id        : News_Pro
   version   : 1.5.4.1
   vqmver    : 2.1.7
   author    : VinaEcom

File Name    : catalog/view/theme/default/template/common/header.tpl(1)
VQModObject::applyMod - SEARCH NOT FOUND (ABORTING MOD): </ul></div>

----------------------------------------------------------------------


---------- Date: 2014-10-01 12:55:51 ~ IP : ::1 ----------
REQUEST URI : /nailsnew/
MOD DETAILS:
   modFile   : E:\xampp\htdocs\nailsnew\vqmod/xml/news_pro.xml
   id        : News_Pro
   version   : 1.5.4.1
   vqmver    : 2.1.7
   author    : VinaEcom

File Name    : catalog/view/theme/default/template/common/header.tpl(1)
VQModObject::applyMod - SEARCH NOT FOUND (ABORTING MOD): </ul></div>

----------------------------------------------------------------------


---------- Date: 2014-10-01 12:58:55 ~ IP : ::1 ----------
REQUEST URI : /nailsnew/index.php?route=common/home
MOD DETAILS:
   modFile   : E:\xampp\htdocs\nailsnew\vqmod/xml/news_pro.xml
   id        : News_Pro
   version   : 1.5.4.1
   vqmver    : 2.1.7
   author    : VinaEcom

File Name    : catalog/view/theme/default/template/common/header.tpl(1)
VQModObject::applyMod - SEARCH NOT FOUND (ABORTING MOD): </ul></div>

----------------------------------------------------------------------


---------- Date: 2014-10-01 12:59:20 ~ IP : ::1 ----------
REQUEST URI : /nailsnew/index.php?route=common/home
MOD DETAILS:
   modFile   : E:\xampp\htdocs\nailsnew\vqmod/xml/news_pro.xml
   id        : News_Pro
   version   : 1.5.4.1
   vqmver    : 2.1.7
   author    : VinaEcom

File Name    : catalog/view/theme/default/template/common/header.tpl(1)
VQModObject::applyMod - SEARCH NOT FOUND (ABORTING MOD): </ul></div>

----------------------------------------------------------------------


---------- Date: 2014-10-01 13:20:14 ~ IP : ::1 ----------
REQUEST URI : /nailsnew/
MOD DETAILS:
   modFile   : E:\xampp\htdocs\nailsnew\vqmod/xml/news_pro.xml
   id        : News_Pro
   version   : 1.5.4.1
   vqmver    : 2.1.7
   author    : VinaEcom

File Name    : catalog/view/theme/default/template/common/header.tpl(1)
VQModObject::applyMod - SEARCH NOT FOUND (ABORTING MOD): </ul></div>

----------------------------------------------------------------------


---------- Date: 2014-10-01 13:20:43 ~ IP : ::1 ----------
REQUEST URI : /nailsnew/index.php?route=product/product&amp;product_id=33
MOD DETAILS:
   modFile   : E:\xampp\htdocs\nailsnew\vqmod/xml/news_pro.xml
   id        : News_Pro
   version   : 1.5.4.1
   vqmver    : 2.1.7
   author    : VinaEcom

File Name    : catalog/view/theme/default/template/common/header.tpl(1)
VQModObject::applyMod - SEARCH NOT FOUND (ABORTING MOD): </ul></div>

----------------------------------------------------------------------


---------- Date: 2014-10-01 13:20:46 ~ IP : ::1 ----------
REQUEST URI : /nailsnew/
MOD DETAILS:
   modFile   : E:\xampp\htdocs\nailsnew\vqmod/xml/news_pro.xml
   id        : News_Pro
   version   : 1.5.4.1
   vqmver    : 2.1.7
   author    : VinaEcom

File Name    : catalog/view/theme/default/template/common/header.tpl(1)
VQModObject::applyMod - SEARCH NOT FOUND (ABORTING MOD): </ul></div>

----------------------------------------------------------------------


---------- Date: 2014-10-01 13:20:54 ~ IP : ::1 ----------
REQUEST URI : /nailsnew/index.php?route=news/news&amp;news_id=2
MOD DETAILS:
   modFile   : E:\xampp\htdocs\nailsnew\vqmod/xml/news_pro.xml
   id        : News_Pro
   version   : 1.5.4.1
   vqmver    : 2.1.7
   author    : VinaEcom

File Name    : catalog/view/theme/default/template/common/header.tpl(1)
VQModObject::applyMod - SEARCH NOT FOUND (ABORTING MOD): </ul></div>

----------------------------------------------------------------------


---------- Date: 2014-10-01 13:21:01 ~ IP : ::1 ----------
REQUEST URI : /nailsnew/
MOD DETAILS:
   modFile   : E:\xampp\htdocs\nailsnew\vqmod/xml/news_pro.xml
   id        : News_Pro
   version   : 1.5.4.1
   vqmver    : 2.1.7
   author    : VinaEcom

File Name    : catalog/view/theme/default/template/common/header.tpl(1)
VQModObject::applyMod - SEARCH NOT FOUND (ABORTING MOD): </ul></div>

----------------------------------------------------------------------


---------- Date: 2014-10-01 13:21:12 ~ IP : ::1 ----------
REQUEST URI : /nailsnew/index.php?route=product/category&amp;path=17
MOD DETAILS:
   modFile   : E:\xampp\htdocs\nailsnew\vqmod/xml/news_pro.xml
   id        : News_Pro
   version   : 1.5.4.1
   vqmver    : 2.1.7
   author    : VinaEcom

File Name    : catalog/view/theme/default/template/common/header.tpl(1)
VQModObject::applyMod - SEARCH NOT FOUND (ABORTING MOD): </ul></div>

----------------------------------------------------------------------


---------- Date: 2014-10-01 13:21:18 ~ IP : ::1 ----------
REQUEST URI : /nailsnew/index.php?route=news/news_category&amp;cat_id=3
MOD DETAILS:
   modFile   : E:\xampp\htdocs\nailsnew\vqmod/xml/news_pro.xml
   id        : News_Pro
   version   : 1.5.4.1
   vqmver    : 2.1.7
   author    : VinaEcom

File Name    : catalog/view/theme/default/template/common/header.tpl(1)
VQModObject::applyMod - SEARCH NOT FOUND (ABORTING MOD): </ul></div>

----------------------------------------------------------------------


---------- Date: 2014-10-01 13:21:23 ~ IP : ::1 ----------
REQUEST URI : /nailsnew/index.php?route=product/category&amp;path=20_27
MOD DETAILS:
   modFile   : E:\xampp\htdocs\nailsnew\vqmod/xml/news_pro.xml
   id        : News_Pro
   version   : 1.5.4.1
   vqmver    : 2.1.7
   author    : VinaEcom

File Name    : catalog/view/theme/default/template/common/header.tpl(1)
VQModObject::applyMod - SEARCH NOT FOUND (ABORTING MOD): </ul></div>

----------------------------------------------------------------------


---------- Date: 2014-10-01 13:21:27 ~ IP : ::1 ----------
REQUEST URI : /nailsnew/index.php?route=product/product&amp;path=20_27&amp;product_id=41
MOD DETAILS:
   modFile   : E:\xampp\htdocs\nailsnew\vqmod/xml/news_pro.xml
   id        : News_Pro
   version   : 1.5.4.1
   vqmver    : 2.1.7
   author    : VinaEcom

File Name    : catalog/view/theme/default/template/common/header.tpl(1)
VQModObject::applyMod - SEARCH NOT FOUND (ABORTING MOD): </ul></div>

----------------------------------------------------------------------


---------- Date: 2014-10-01 13:21:37 ~ IP : ::1 ----------
REQUEST URI : /nailsnew/
MOD DETAILS:
   modFile   : E:\xampp\htdocs\nailsnew\vqmod/xml/news_pro.xml
   id        : News_Pro
   version   : 1.5.4.1
   vqmver    : 2.1.7
   author    : VinaEcom

File Name    : catalog/view/theme/default/template/common/header.tpl(1)
VQModObject::applyMod - SEARCH NOT FOUND (ABORTING MOD): </ul></div>

----------------------------------------------------------------------


---------- Date: 2014-10-01 13:33:02 ~ IP : ::1 ----------
REQUEST URI : /nailsnew/
MOD DETAILS:
   modFile   : E:\xampp\htdocs\nailsnew\vqmod/xml/news_pro.xml
   id        : News_Pro
   version   : 1.5.4.1
   vqmver    : 2.1.7
   author    : VinaEcom

File Name    : catalog/view/theme/default/template/common/header.tpl(1)
VQModObject::applyMod - SEARCH NOT FOUND (ABORTING MOD): </ul></div>

----------------------------------------------------------------------


---------- Date: 2014-10-01 16:22:12 ~ IP : ::1 ----------
REQUEST URI : /nailsnew/index.php?route=information/information&amp;information_id=4
MOD DETAILS:
   modFile   : E:\xampp\htdocs\nailsnew\vqmod/xml/news_pro.xml
   id        : News_Pro
   version   : 1.5.4.1
   vqmver    : 2.1.7
   author    : VinaEcom

File Name    : catalog/view/theme/default/template/common/header.tpl(1)
VQModObject::applyMod - SEARCH NOT FOUND (ABORTING MOD): </ul></div>

----------------------------------------------------------------------


---------- Date: 2014-10-01 16:22:23 ~ IP : ::1 ----------
REQUEST URI : /nailsnew/
MOD DETAILS:
   modFile   : E:\xampp\htdocs\nailsnew\vqmod/xml/news_pro.xml
   id        : News_Pro
   version   : 1.5.4.1
   vqmver    : 2.1.7
   author    : VinaEcom

File Name    : catalog/view/theme/default/template/common/header.tpl(1)
VQModObject::applyMod - SEARCH NOT FOUND (ABORTING MOD): </ul></div>

----------------------------------------------------------------------


---------- Date: 2014-10-01 16:23:57 ~ IP : ::1 ----------
REQUEST URI : /nailsnew/index.php?route=information/information&amp;information_id=4
MOD DETAILS:
   modFile   : E:\xampp\htdocs\nailsnew\vqmod/xml/news_pro.xml
   id        : News_Pro
   version   : 1.5.4.1
   vqmver    : 2.1.7
   author    : VinaEcom

File Name    : catalog/view/theme/default/template/common/header.tpl(1)
VQModObject::applyMod - SEARCH NOT FOUND (ABORTING MOD): </ul></div>

----------------------------------------------------------------------


---------- Date: 2014-10-01 16:24:15 ~ IP : ::1 ----------
REQUEST URI : /nailsnew/index.php?route=information/information&amp;information_id=4
MOD DETAILS:
   modFile   : E:\xampp\htdocs\nailsnew\vqmod/xml/news_pro.xml
   id        : News_Pro
   version   : 1.5.4.1
   vqmver    : 2.1.7
   author    : VinaEcom

File Name    : catalog/view/theme/default/template/common/header.tpl(1)
VQModObject::applyMod - SEARCH NOT FOUND (ABORTING MOD): </ul></div>

----------------------------------------------------------------------


---------- Date: 2014-10-01 16:24:35 ~ IP : ::1 ----------
REQUEST URI : /nailsnew/
MOD DETAILS:
   modFile   : E:\xampp\htdocs\nailsnew\vqmod/xml/news_pro.xml
   id        : News_Pro
   version   : 1.5.4.1
   vqmver    : 2.1.7
   author    : VinaEcom

File Name    : catalog/view/theme/default/template/common/header.tpl(1)
VQModObject::applyMod - SEARCH NOT FOUND (ABORTING MOD): </ul></div>

----------------------------------------------------------------------


---------- Date: 2014-10-01 18:24:40 ~ IP : ::1 ----------
REQUEST URI : /nailsnew/index.php?route=product/allproducts
MOD DETAILS:
   modFile   : E:\xampp\htdocs\nailsnew\vqmod/xml/news_pro.xml
   id        : News_Pro
   version   : 1.5.4.1
   vqmver    : 2.1.7
   author    : VinaEcom

File Name    : catalog/view/theme/default/template/common/header.tpl(1)
VQModObject::applyMod - SEARCH NOT FOUND (ABORTING MOD): </ul></div>

----------------------------------------------------------------------


---------- Date: 2014-10-01 18:26:43 ~ IP : ::1 ----------
REQUEST URI : /nailsnew/
MOD DETAILS:
   modFile   : E:\xampp\htdocs\nailsnew\vqmod/xml/news_pro.xml
   id        : News_Pro
   version   : 1.5.4.1
   vqmver    : 2.1.7
   author    : VinaEcom

File Name    : catalog/view/theme/default/template/common/header.tpl(1)
VQModObject::applyMod - SEARCH NOT FOUND (ABORTING MOD): </ul></div>

----------------------------------------------------------------------


---------- Date: 2014-10-01 18:31:56 ~ IP : ::1 ----------
REQUEST URI : /nailsnew/
MOD DETAILS:
   modFile   : E:\xampp\htdocs\nailsnew\vqmod/xml/news_pro.xml
   id        : News_Pro
   version   : 1.5.4.1
   vqmver    : 2.1.7
   author    : VinaEcom

File Name    : catalog/view/theme/default/template/common/header.tpl(1)
VQModObject::applyMod - SEARCH NOT FOUND (ABORTING MOD): </ul></div>

----------------------------------------------------------------------


---------- Date: 2014-10-01 18:33:00 ~ IP : ::1 ----------
REQUEST URI : /nailsnew/
MOD DETAILS:
   modFile   : E:\xampp\htdocs\nailsnew\vqmod/xml/news_pro.xml
   id        : News_Pro
   version   : 1.5.4.1
   vqmver    : 2.1.7
   author    : VinaEcom

File Name    : catalog/view/theme/default/template/common/header.tpl(1)
VQModObject::applyMod - SEARCH NOT FOUND (ABORTING MOD): </ul></div>

----------------------------------------------------------------------


---------- Date: 2014-10-01 19:16:24 ~ IP : ::1 ----------
REQUEST URI : /nailsnew/
MOD DETAILS:
   modFile   : E:\xampp\htdocs\nailsnew\vqmod/xml/news_pro.xml
   id        : News_Pro
   version   : 1.5.4.1
   vqmver    : 2.1.7
   author    : VinaEcom

File Name    : catalog/view/theme/default/template/common/header.tpl(1)
VQModObject::applyMod - SEARCH NOT FOUND (ABORTING MOD): </ul></div>

----------------------------------------------------------------------


