---------- Date: 2014-10-03 00:10:00 ~ IP : 192.168.1.115 ----------
REQUEST URI : /nailsnew/
MOD DETAILS:
   modFile   : E:\xampp\htdocs\nailsnew\vqmod/xml/news_pro.xml
   id        : News_Pro
   version   : 1.5.4.1
   vqmver    : 2.1.7
   author    : VinaEcom

File Name    : catalog/view/theme/default/template/common/header.tpl(1)
VQModObject::applyMod - SEARCH NOT FOUND (ABORTING MOD): </ul></div>

----------------------------------------------------------------------


---------- Date: 2014-10-03 01:20:30 ~ IP : ::1 ----------
REQUEST URI : /nailsnew/
MOD DETAILS:
   modFile   : E:\xampp\htdocs\nailsnew\vqmod/xml/news_pro.xml
   id        : News_Pro
   version   : 1.5.4.1
   vqmver    : 2.1.7
   author    : VinaEcom

File Name    : catalog/view/theme/default/template/common/header.tpl(1)
VQModObject::applyMod - SEARCH NOT FOUND (ABORTING MOD): </ul></div>

----------------------------------------------------------------------


---------- Date: 2014-10-03 09:11:10 ~ IP : ::1 ----------
REQUEST URI : /nailsnew/
MOD DETAILS:
   modFile   : E:\xampp\htdocs\nailsnew\vqmod/xml/news_pro.xml
   id        : News_Pro
   version   : 1.5.4.1
   vqmver    : 2.1.7
   author    : VinaEcom

File Name    : catalog/view/theme/default/template/common/header.tpl(1)
VQModObject::applyMod - SEARCH NOT FOUND (ABORTING MOD): </ul></div>

----------------------------------------------------------------------


---------- Date: 2014-10-03 09:12:18 ~ IP : ::1 ----------
REQUEST URI : /nailsnew/index.php?route=common/home
MOD DETAILS:
   modFile   : E:\xampp\htdocs\nailsnew\vqmod/xml/news_pro.xml
   id        : News_Pro
   version   : 1.5.4.1
   vqmver    : 2.1.7
   author    : VinaEcom

File Name    : catalog/view/theme/default/template/common/header.tpl(1)
VQModObject::applyMod - SEARCH NOT FOUND (ABORTING MOD): </ul></div>

----------------------------------------------------------------------


---------- Date: 2014-10-03 09:12:21 ~ IP : ::1 ----------
REQUEST URI : /nailsnew/index.php?route=common/home
MOD DETAILS:
   modFile   : E:\xampp\htdocs\nailsnew\vqmod/xml/news_pro.xml
   id        : News_Pro
   version   : 1.5.4.1
   vqmver    : 2.1.7
   author    : VinaEcom

File Name    : catalog/view/theme/default/template/common/header.tpl(1)
VQModObject::applyMod - SEARCH NOT FOUND (ABORTING MOD): </ul></div>

----------------------------------------------------------------------


---------- Date: 2014-10-03 09:36:18 ~ IP : ::1 ----------
REQUEST URI : /nailsnew/
MOD DETAILS:
   modFile   : E:\xampp\htdocs\nailsnew\vqmod/xml/news_pro.xml
   id        : News_Pro
   version   : 1.5.4.1
   vqmver    : 2.1.7
   author    : VinaEcom

File Name    : catalog/view/theme/default/template/common/header.tpl(1)
VQModObject::applyMod - SEARCH NOT FOUND (ABORTING MOD): </ul></div>

----------------------------------------------------------------------


---------- Date: 2014-10-03 09:38:35 ~ IP : ::1 ----------
REQUEST URI : /nailsnew/index.php?route=product/product&amp;product_id=58
MOD DETAILS:
   modFile   : E:\xampp\htdocs\nailsnew\vqmod/xml/news_pro.xml
   id        : News_Pro
   version   : 1.5.4.1
   vqmver    : 2.1.7
   author    : VinaEcom

File Name    : catalog/view/theme/default/template/common/header.tpl(1)
VQModObject::applyMod - SEARCH NOT FOUND (ABORTING MOD): </ul></div>

----------------------------------------------------------------------


---------- Date: 2014-10-03 09:38:45 ~ IP : ::1 ----------
REQUEST URI : /nailsnew/
MOD DETAILS:
   modFile   : E:\xampp\htdocs\nailsnew\vqmod/xml/news_pro.xml
   id        : News_Pro
   version   : 1.5.4.1
   vqmver    : 2.1.7
   author    : VinaEcom

File Name    : catalog/view/theme/default/template/common/header.tpl(1)
VQModObject::applyMod - SEARCH NOT FOUND (ABORTING MOD): </ul></div>

----------------------------------------------------------------------


---------- Date: 2014-10-03 10:14:38 ~ IP : ::1 ----------
REQUEST URI : /nailsnew/index.php?route=account/voucher
MOD DETAILS:
   modFile   : E:\xampp\htdocs\nailsnew\vqmod/xml/news_pro.xml
   id        : News_Pro
   version   : 1.5.4.1
   vqmver    : 2.1.7
   author    : VinaEcom

File Name    : catalog/view/theme/default/template/common/header.tpl(1)
VQModObject::applyMod - SEARCH NOT FOUND (ABORTING MOD): </ul></div>

----------------------------------------------------------------------


---------- Date: 2014-10-03 10:14:42 ~ IP : ::1 ----------
REQUEST URI : /nailsnew/
MOD DETAILS:
   modFile   : E:\xampp\htdocs\nailsnew\vqmod/xml/news_pro.xml
   id        : News_Pro
   version   : 1.5.4.1
   vqmver    : 2.1.7
   author    : VinaEcom

File Name    : catalog/view/theme/default/template/common/header.tpl(1)
VQModObject::applyMod - SEARCH NOT FOUND (ABORTING MOD): </ul></div>

----------------------------------------------------------------------


---------- Date: 2014-10-03 10:14:45 ~ IP : ::1 ----------
REQUEST URI : /nailsnew/index.php?route=product/manufacturer
MOD DETAILS:
   modFile   : E:\xampp\htdocs\nailsnew\vqmod/xml/news_pro.xml
   id        : News_Pro
   version   : 1.5.4.1
   vqmver    : 2.1.7
   author    : VinaEcom

File Name    : catalog/view/theme/default/template/common/header.tpl(1)
VQModObject::applyMod - SEARCH NOT FOUND (ABORTING MOD): </ul></div>

----------------------------------------------------------------------


---------- Date: 2014-10-03 10:14:48 ~ IP : ::1 ----------
REQUEST URI : /nailsnew/
MOD DETAILS:
   modFile   : E:\xampp\htdocs\nailsnew\vqmod/xml/news_pro.xml
   id        : News_Pro
   version   : 1.5.4.1
   vqmver    : 2.1.7
   author    : VinaEcom

File Name    : catalog/view/theme/default/template/common/header.tpl(1)
VQModObject::applyMod - SEARCH NOT FOUND (ABORTING MOD): </ul></div>

----------------------------------------------------------------------


---------- Date: 2014-10-03 10:14:53 ~ IP : ::1 ----------
REQUEST URI : /nailsnew/index.php?route=product/special
MOD DETAILS:
   modFile   : E:\xampp\htdocs\nailsnew\vqmod/xml/news_pro.xml
   id        : News_Pro
   version   : 1.5.4.1
   vqmver    : 2.1.7
   author    : VinaEcom

File Name    : catalog/view/theme/default/template/common/header.tpl(1)
VQModObject::applyMod - SEARCH NOT FOUND (ABORTING MOD): </ul></div>

----------------------------------------------------------------------


---------- Date: 2014-10-03 10:14:56 ~ IP : ::1 ----------
REQUEST URI : /nailsnew/
MOD DETAILS:
   modFile   : E:\xampp\htdocs\nailsnew\vqmod/xml/news_pro.xml
   id        : News_Pro
   version   : 1.5.4.1
   vqmver    : 2.1.7
   author    : VinaEcom

File Name    : catalog/view/theme/default/template/common/header.tpl(1)
VQModObject::applyMod - SEARCH NOT FOUND (ABORTING MOD): </ul></div>

----------------------------------------------------------------------


---------- Date: 2014-10-03 10:41:39 ~ IP : ::1 ----------
REQUEST URI : /nailsnew/index.php?route=information/information&amp;information_id=4
MOD DETAILS:
   modFile   : E:\xampp\htdocs\nailsnew\vqmod/xml/news_pro.xml
   id        : News_Pro
   version   : 1.5.4.1
   vqmver    : 2.1.7
   author    : VinaEcom

File Name    : catalog/view/theme/default/template/common/header.tpl(1)
VQModObject::applyMod - SEARCH NOT FOUND (ABORTING MOD): </ul></div>

----------------------------------------------------------------------


---------- Date: 2014-10-03 10:41:41 ~ IP : ::1 ----------
REQUEST URI : /nailsnew/index.php?route=product/allproducts
MOD DETAILS:
   modFile   : E:\xampp\htdocs\nailsnew\vqmod/xml/news_pro.xml
   id        : News_Pro
   version   : 1.5.4.1
   vqmver    : 2.1.7
   author    : VinaEcom

File Name    : catalog/view/theme/default/template/common/header.tpl(1)
VQModObject::applyMod - SEARCH NOT FOUND (ABORTING MOD): </ul></div>

----------------------------------------------------------------------


---------- Date: 2014-10-03 10:41:43 ~ IP : ::1 ----------
REQUEST URI : /nailsnew/index.php?route=product/allproducts
MOD DETAILS:
   modFile   : E:\xampp\htdocs\nailsnew\vqmod/xml/news_pro.xml
   id        : News_Pro
   version   : 1.5.4.1
   vqmver    : 2.1.7
   author    : VinaEcom

File Name    : catalog/view/theme/default/template/common/header.tpl(1)
VQModObject::applyMod - SEARCH NOT FOUND (ABORTING MOD): </ul></div>

----------------------------------------------------------------------


---------- Date: 2014-10-03 10:41:52 ~ IP : ::1 ----------
REQUEST URI : /nailsnew/index.php?route=product/allproducts
MOD DETAILS:
   modFile   : E:\xampp\htdocs\nailsnew\vqmod/xml/news_pro.xml
   id        : News_Pro
   version   : 1.5.4.1
   vqmver    : 2.1.7
   author    : VinaEcom

File Name    : catalog/view/theme/default/template/common/header.tpl(1)
VQModObject::applyMod - SEARCH NOT FOUND (ABORTING MOD): </ul></div>

----------------------------------------------------------------------


---------- Date: 2014-10-03 10:42:04 ~ IP : ::1 ----------
REQUEST URI : /nailsnew/index.php?route=product/manufacturer
MOD DETAILS:
   modFile   : E:\xampp\htdocs\nailsnew\vqmod/xml/news_pro.xml
   id        : News_Pro
   version   : 1.5.4.1
   vqmver    : 2.1.7
   author    : VinaEcom

File Name    : catalog/view/theme/default/template/common/header.tpl(1)
VQModObject::applyMod - SEARCH NOT FOUND (ABORTING MOD): </ul></div>

----------------------------------------------------------------------


---------- Date: 2014-10-03 10:42:07 ~ IP : ::1 ----------
REQUEST URI : /nailsnew/index.php?route=product/manufacturer/info&amp;manufacturer_id=8
MOD DETAILS:
   modFile   : E:\xampp\htdocs\nailsnew\vqmod/xml/news_pro.xml
   id        : News_Pro
   version   : 1.5.4.1
   vqmver    : 2.1.7
   author    : VinaEcom

File Name    : catalog/view/theme/default/template/common/header.tpl(1)
VQModObject::applyMod - SEARCH NOT FOUND (ABORTING MOD): </ul></div>

----------------------------------------------------------------------


---------- Date: 2014-10-03 10:42:09 ~ IP : ::1 ----------
REQUEST URI : /nailsnew/index.php?route=product/manufacturer
MOD DETAILS:
   modFile   : E:\xampp\htdocs\nailsnew\vqmod/xml/news_pro.xml
   id        : News_Pro
   version   : 1.5.4.1
   vqmver    : 2.1.7
   author    : VinaEcom

File Name    : catalog/view/theme/default/template/common/header.tpl(1)
VQModObject::applyMod - SEARCH NOT FOUND (ABORTING MOD): </ul></div>

----------------------------------------------------------------------


---------- Date: 2014-10-03 10:42:12 ~ IP : ::1 ----------
REQUEST URI : /nailsnew/
MOD DETAILS:
   modFile   : E:\xampp\htdocs\nailsnew\vqmod/xml/news_pro.xml
   id        : News_Pro
   version   : 1.5.4.1
   vqmver    : 2.1.7
   author    : VinaEcom

File Name    : catalog/view/theme/default/template/common/header.tpl(1)
VQModObject::applyMod - SEARCH NOT FOUND (ABORTING MOD): </ul></div>

----------------------------------------------------------------------


---------- Date: 2014-10-03 10:42:23 ~ IP : ::1 ----------
REQUEST URI : /nailsnew/index.php?route=account/voucher
MOD DETAILS:
   modFile   : E:\xampp\htdocs\nailsnew\vqmod/xml/news_pro.xml
   id        : News_Pro
   version   : 1.5.4.1
   vqmver    : 2.1.7
   author    : VinaEcom

File Name    : catalog/view/theme/default/template/common/header.tpl(1)
VQModObject::applyMod - SEARCH NOT FOUND (ABORTING MOD): </ul></div>

----------------------------------------------------------------------


---------- Date: 2014-10-03 10:42:40 ~ IP : ::1 ----------
REQUEST URI : /nailsnew/
MOD DETAILS:
   modFile   : E:\xampp\htdocs\nailsnew\vqmod/xml/news_pro.xml
   id        : News_Pro
   version   : 1.5.4.1
   vqmver    : 2.1.7
   author    : VinaEcom

File Name    : catalog/view/theme/default/template/common/header.tpl(1)
VQModObject::applyMod - SEARCH NOT FOUND (ABORTING MOD): </ul></div>

----------------------------------------------------------------------


---------- Date: 2014-10-03 10:42:45 ~ IP : ::1 ----------
REQUEST URI : /nailsnew/index.php?route=account/return/insert
MOD DETAILS:
   modFile   : E:\xampp\htdocs\nailsnew\vqmod/xml/news_pro.xml
   id        : News_Pro
   version   : 1.5.4.1
   vqmver    : 2.1.7
   author    : VinaEcom

File Name    : catalog/view/theme/default/template/common/header.tpl(1)
VQModObject::applyMod - SEARCH NOT FOUND (ABORTING MOD): </ul></div>

----------------------------------------------------------------------


---------- Date: 2014-10-03 10:43:42 ~ IP : ::1 ----------
REQUEST URI : /nailsnew/index.php?route=information/sitemap
MOD DETAILS:
   modFile   : E:\xampp\htdocs\nailsnew\vqmod/xml/news_pro.xml
   id        : News_Pro
   version   : 1.5.4.1
   vqmver    : 2.1.7
   author    : VinaEcom

File Name    : catalog/view/theme/default/template/common/header.tpl(1)
VQModObject::applyMod - SEARCH NOT FOUND (ABORTING MOD): </ul></div>

----------------------------------------------------------------------


---------- Date: 2014-10-03 10:46:27 ~ IP : ::1 ----------
REQUEST URI : /nailsnew/
MOD DETAILS:
   modFile   : E:\xampp\htdocs\nailsnew\vqmod/xml/news_pro.xml
   id        : News_Pro
   version   : 1.5.4.1
   vqmver    : 2.1.7
   author    : VinaEcom

File Name    : catalog/view/theme/default/template/common/header.tpl(1)
VQModObject::applyMod - SEARCH NOT FOUND (ABORTING MOD): </ul></div>

----------------------------------------------------------------------


---------- Date: 2014-10-03 10:46:30 ~ IP : ::1 ----------
REQUEST URI : /nailsnew/index.php?route=information/information&amp;information_id=4
MOD DETAILS:
   modFile   : E:\xampp\htdocs\nailsnew\vqmod/xml/news_pro.xml
   id        : News_Pro
   version   : 1.5.4.1
   vqmver    : 2.1.7
   author    : VinaEcom

File Name    : catalog/view/theme/default/template/common/header.tpl(1)
VQModObject::applyMod - SEARCH NOT FOUND (ABORTING MOD): </ul></div>

----------------------------------------------------------------------


---------- Date: 2014-10-03 10:47:16 ~ IP : ::1 ----------
REQUEST URI : /nailsnew/index.php?route=information/sitemap
MOD DETAILS:
   modFile   : E:\xampp\htdocs\nailsnew\vqmod/xml/news_pro.xml
   id        : News_Pro
   version   : 1.5.4.1
   vqmver    : 2.1.7
   author    : VinaEcom

File Name    : catalog/view/theme/default/template/common/header.tpl(1)
VQModObject::applyMod - SEARCH NOT FOUND (ABORTING MOD): </ul></div>

----------------------------------------------------------------------


---------- Date: 2014-10-03 10:47:21 ~ IP : ::1 ----------
REQUEST URI : /nailsnew/index.php?route=account/return/insert
MOD DETAILS:
   modFile   : E:\xampp\htdocs\nailsnew\vqmod/xml/news_pro.xml
   id        : News_Pro
   version   : 1.5.4.1
   vqmver    : 2.1.7
   author    : VinaEcom

File Name    : catalog/view/theme/default/template/common/header.tpl(1)
VQModObject::applyMod - SEARCH NOT FOUND (ABORTING MOD): </ul></div>

----------------------------------------------------------------------


---------- Date: 2014-10-03 10:48:49 ~ IP : ::1 ----------
REQUEST URI : /nailsnew/index.php?route=account/return/insert
MOD DETAILS:
   modFile   : E:\xampp\htdocs\nailsnew\vqmod/xml/news_pro.xml
   id        : News_Pro
   version   : 1.5.4.1
   vqmver    : 2.1.7
   author    : VinaEcom

File Name    : catalog/view/theme/default/template/common/header.tpl(1)
VQModObject::applyMod - SEARCH NOT FOUND (ABORTING MOD): </ul></div>

----------------------------------------------------------------------


---------- Date: 2014-10-03 10:48:52 ~ IP : ::1 ----------
REQUEST URI : /nailsnew/index.php?route=account/return/insert
MOD DETAILS:
   modFile   : E:\xampp\htdocs\nailsnew\vqmod/xml/news_pro.xml
   id        : News_Pro
   version   : 1.5.4.1
   vqmver    : 2.1.7
   author    : VinaEcom

File Name    : catalog/view/theme/default/template/common/header.tpl(1)
VQModObject::applyMod - SEARCH NOT FOUND (ABORTING MOD): </ul></div>

----------------------------------------------------------------------


---------- Date: 2014-10-03 10:49:21 ~ IP : ::1 ----------
REQUEST URI : /nailsnew/index.php?route=account/return/insert
MOD DETAILS:
   modFile   : E:\xampp\htdocs\nailsnew\vqmod/xml/news_pro.xml
   id        : News_Pro
   version   : 1.5.4.1
   vqmver    : 2.1.7
   author    : VinaEcom

File Name    : catalog/view/theme/default/template/common/header.tpl(1)
VQModObject::applyMod - SEARCH NOT FOUND (ABORTING MOD): </ul></div>

----------------------------------------------------------------------


---------- Date: 2014-10-03 10:49:31 ~ IP : ::1 ----------
REQUEST URI : /nailsnew/index.php?route=account/return/insert
MOD DETAILS:
   modFile   : E:\xampp\htdocs\nailsnew\vqmod/xml/news_pro.xml
   id        : News_Pro
   version   : 1.5.4.1
   vqmver    : 2.1.7
   author    : VinaEcom

File Name    : catalog/view/theme/default/template/common/header.tpl(1)
VQModObject::applyMod - SEARCH NOT FOUND (ABORTING MOD): </ul></div>

----------------------------------------------------------------------


---------- Date: 2014-10-03 10:49:39 ~ IP : ::1 ----------
REQUEST URI : /nailsnew/index.php?route=account/login
MOD DETAILS:
   modFile   : E:\xampp\htdocs\nailsnew\vqmod/xml/news_pro.xml
   id        : News_Pro
   version   : 1.5.4.1
   vqmver    : 2.1.7
   author    : VinaEcom

File Name    : catalog/view/theme/default/template/common/header.tpl(1)
VQModObject::applyMod - SEARCH NOT FOUND (ABORTING MOD): </ul></div>

----------------------------------------------------------------------


---------- Date: 2014-10-03 10:49:44 ~ IP : ::1 ----------
REQUEST URI : /nailsnew/index.php?route=account/forgotten
MOD DETAILS:
   modFile   : E:\xampp\htdocs\nailsnew\vqmod/xml/news_pro.xml
   id        : News_Pro
   version   : 1.5.4.1
   vqmver    : 2.1.7
   author    : VinaEcom

File Name    : catalog/view/theme/default/template/common/header.tpl(1)
VQModObject::applyMod - SEARCH NOT FOUND (ABORTING MOD): </ul></div>

----------------------------------------------------------------------


---------- Date: 2014-10-03 10:49:46 ~ IP : ::1 ----------
REQUEST URI : /nailsnew/index.php?route=account/login
MOD DETAILS:
   modFile   : E:\xampp\htdocs\nailsnew\vqmod/xml/news_pro.xml
   id        : News_Pro
   version   : 1.5.4.1
   vqmver    : 2.1.7
   author    : VinaEcom

File Name    : catalog/view/theme/default/template/common/header.tpl(1)
VQModObject::applyMod - SEARCH NOT FOUND (ABORTING MOD): </ul></div>

----------------------------------------------------------------------


---------- Date: 2014-10-03 10:51:19 ~ IP : ::1 ----------
REQUEST URI : /nailsnew/index.php?route=account/login
MOD DETAILS:
   modFile   : E:\xampp\htdocs\nailsnew\vqmod/xml/news_pro.xml
   id        : News_Pro
   version   : 1.5.4.1
   vqmver    : 2.1.7
   author    : VinaEcom

File Name    : catalog/view/theme/default/template/common/header.tpl(1)
VQModObject::applyMod - SEARCH NOT FOUND (ABORTING MOD): </ul></div>

----------------------------------------------------------------------


---------- Date: 2014-10-03 10:51:35 ~ IP : ::1 ----------
REQUEST URI : /nailsnew/index.php?route=account/login
MOD DETAILS:
   modFile   : E:\xampp\htdocs\nailsnew\vqmod/xml/news_pro.xml
   id        : News_Pro
   version   : 1.5.4.1
   vqmver    : 2.1.7
   author    : VinaEcom

File Name    : catalog/view/theme/default/template/common/header.tpl(1)
VQModObject::applyMod - SEARCH NOT FOUND (ABORTING MOD): </ul></div>

----------------------------------------------------------------------


---------- Date: 2014-10-03 10:51:45 ~ IP : ::1 ----------
REQUEST URI : /nailsnew/index.php?route=account/login
MOD DETAILS:
   modFile   : E:\xampp\htdocs\nailsnew\vqmod/xml/news_pro.xml
   id        : News_Pro
   version   : 1.5.4.1
   vqmver    : 2.1.7
   author    : VinaEcom

File Name    : catalog/view/theme/default/template/common/header.tpl(1)
VQModObject::applyMod - SEARCH NOT FOUND (ABORTING MOD): </ul></div>

----------------------------------------------------------------------


---------- Date: 2014-10-03 10:52:18 ~ IP : ::1 ----------
REQUEST URI : /nailsnew/index.php?route=account/login
MOD DETAILS:
   modFile   : E:\xampp\htdocs\nailsnew\vqmod/xml/news_pro.xml
   id        : News_Pro
   version   : 1.5.4.1
   vqmver    : 2.1.7
   author    : VinaEcom

File Name    : catalog/view/theme/default/template/common/header.tpl(1)
VQModObject::applyMod - SEARCH NOT FOUND (ABORTING MOD): </ul></div>

----------------------------------------------------------------------


---------- Date: 2014-10-03 10:52:49 ~ IP : ::1 ----------
REQUEST URI : /nailsnew/index.php?route=account/login
MOD DETAILS:
   modFile   : E:\xampp\htdocs\nailsnew\vqmod/xml/news_pro.xml
   id        : News_Pro
   version   : 1.5.4.1
   vqmver    : 2.1.7
   author    : VinaEcom

File Name    : catalog/view/theme/default/template/common/header.tpl(1)
VQModObject::applyMod - SEARCH NOT FOUND (ABORTING MOD): </ul></div>

----------------------------------------------------------------------


---------- Date: 2014-10-03 10:53:49 ~ IP : ::1 ----------
REQUEST URI : /nailsnew/index.php?route=account/login
MOD DETAILS:
   modFile   : E:\xampp\htdocs\nailsnew\vqmod/xml/news_pro.xml
   id        : News_Pro
   version   : 1.5.4.1
   vqmver    : 2.1.7
   author    : VinaEcom

File Name    : catalog/view/theme/default/template/common/header.tpl(1)
VQModObject::applyMod - SEARCH NOT FOUND (ABORTING MOD): </ul></div>

----------------------------------------------------------------------


---------- Date: 2014-10-03 10:53:53 ~ IP : ::1 ----------
REQUEST URI : /nailsnew/index.php?route=account/forgotten
MOD DETAILS:
   modFile   : E:\xampp\htdocs\nailsnew\vqmod/xml/news_pro.xml
   id        : News_Pro
   version   : 1.5.4.1
   vqmver    : 2.1.7
   author    : VinaEcom

File Name    : catalog/view/theme/default/template/common/header.tpl(1)
VQModObject::applyMod - SEARCH NOT FOUND (ABORTING MOD): </ul></div>

----------------------------------------------------------------------


---------- Date: 2014-10-03 10:56:20 ~ IP : ::1 ----------
REQUEST URI : /nailsnew/index.php?route=account/forgotten
MOD DETAILS:
   modFile   : E:\xampp\htdocs\nailsnew\vqmod/xml/news_pro.xml
   id        : News_Pro
   version   : 1.5.4.1
   vqmver    : 2.1.7
   author    : VinaEcom

File Name    : catalog/view/theme/default/template/common/header.tpl(1)
VQModObject::applyMod - SEARCH NOT FOUND (ABORTING MOD): </ul></div>

----------------------------------------------------------------------


---------- Date: 2014-10-03 10:56:25 ~ IP : ::1 ----------
REQUEST URI : /nailsnew/index.php?route=affiliate/login
MOD DETAILS:
   modFile   : E:\xampp\htdocs\nailsnew\vqmod/xml/news_pro.xml
   id        : News_Pro
   version   : 1.5.4.1
   vqmver    : 2.1.7
   author    : VinaEcom

File Name    : catalog/view/theme/default/template/common/header.tpl(1)
VQModObject::applyMod - SEARCH NOT FOUND (ABORTING MOD): </ul></div>

----------------------------------------------------------------------


---------- Date: 2014-10-03 10:56:41 ~ IP : ::1 ----------
REQUEST URI : /nailsnew/index.php?route=affiliate/login
MOD DETAILS:
   modFile   : E:\xampp\htdocs\nailsnew\vqmod/xml/news_pro.xml
   id        : News_Pro
   version   : 1.5.4.1
   vqmver    : 2.1.7
   author    : VinaEcom

File Name    : catalog/view/theme/default/template/common/header.tpl(1)
VQModObject::applyMod - SEARCH NOT FOUND (ABORTING MOD): </ul></div>

----------------------------------------------------------------------


---------- Date: 2014-10-03 10:57:19 ~ IP : ::1 ----------
REQUEST URI : /nailsnew/
MOD DETAILS:
   modFile   : E:\xampp\htdocs\nailsnew\vqmod/xml/news_pro.xml
   id        : News_Pro
   version   : 1.5.4.1
   vqmver    : 2.1.7
   author    : VinaEcom

File Name    : catalog/view/theme/default/template/common/header.tpl(1)
VQModObject::applyMod - SEARCH NOT FOUND (ABORTING MOD): </ul></div>

----------------------------------------------------------------------


---------- Date: 2014-10-03 10:57:24 ~ IP : ::1 ----------
REQUEST URI : /nailsnew/index.php?route=account/voucher
MOD DETAILS:
   modFile   : E:\xampp\htdocs\nailsnew\vqmod/xml/news_pro.xml
   id        : News_Pro
   version   : 1.5.4.1
   vqmver    : 2.1.7
   author    : VinaEcom

File Name    : catalog/view/theme/default/template/common/header.tpl(1)
VQModObject::applyMod - SEARCH NOT FOUND (ABORTING MOD): </ul></div>

----------------------------------------------------------------------


---------- Date: 2014-10-03 10:57:35 ~ IP : ::1 ----------
REQUEST URI : /nailsnew/index.php?route=product/special
MOD DETAILS:
   modFile   : E:\xampp\htdocs\nailsnew\vqmod/xml/news_pro.xml
   id        : News_Pro
   version   : 1.5.4.1
   vqmver    : 2.1.7
   author    : VinaEcom

File Name    : catalog/view/theme/default/template/common/header.tpl(1)
VQModObject::applyMod - SEARCH NOT FOUND (ABORTING MOD): </ul></div>

----------------------------------------------------------------------


---------- Date: 2014-10-03 10:57:42 ~ IP : ::1 ----------
REQUEST URI : /nailsnew/index.php?route=account/voucher
MOD DETAILS:
   modFile   : E:\xampp\htdocs\nailsnew\vqmod/xml/news_pro.xml
   id        : News_Pro
   version   : 1.5.4.1
   vqmver    : 2.1.7
   author    : VinaEcom

File Name    : catalog/view/theme/default/template/common/header.tpl(1)
VQModObject::applyMod - SEARCH NOT FOUND (ABORTING MOD): </ul></div>

----------------------------------------------------------------------


---------- Date: 2014-10-03 10:58:19 ~ IP : ::1 ----------
REQUEST URI : /nailsnew/index.php?route=account/voucher
MOD DETAILS:
   modFile   : E:\xampp\htdocs\nailsnew\vqmod/xml/news_pro.xml
   id        : News_Pro
   version   : 1.5.4.1
   vqmver    : 2.1.7
   author    : VinaEcom

File Name    : catalog/view/theme/default/template/common/header.tpl(1)
VQModObject::applyMod - SEARCH NOT FOUND (ABORTING MOD): </ul></div>

----------------------------------------------------------------------


---------- Date: 2014-10-03 10:58:42 ~ IP : ::1 ----------
REQUEST URI : /nailsnew/index.php?route=account/voucher
MOD DETAILS:
   modFile   : E:\xampp\htdocs\nailsnew\vqmod/xml/news_pro.xml
   id        : News_Pro
   version   : 1.5.4.1
   vqmver    : 2.1.7
   author    : VinaEcom

File Name    : catalog/view/theme/default/template/common/header.tpl(1)
VQModObject::applyMod - SEARCH NOT FOUND (ABORTING MOD): </ul></div>

----------------------------------------------------------------------


---------- Date: 2014-10-03 10:59:03 ~ IP : ::1 ----------
REQUEST URI : /nailsnew/
MOD DETAILS:
   modFile   : E:\xampp\htdocs\nailsnew\vqmod/xml/news_pro.xml
   id        : News_Pro
   version   : 1.5.4.1
   vqmver    : 2.1.7
   author    : VinaEcom

File Name    : catalog/view/theme/default/template/common/header.tpl(1)
VQModObject::applyMod - SEARCH NOT FOUND (ABORTING MOD): </ul></div>

----------------------------------------------------------------------


---------- Date: 2014-10-03 10:59:08 ~ IP : ::1 ----------
REQUEST URI : /nailsnew/index.php?route=account/return/insert
MOD DETAILS:
   modFile   : E:\xampp\htdocs\nailsnew\vqmod/xml/news_pro.xml
   id        : News_Pro
   version   : 1.5.4.1
   vqmver    : 2.1.7
   author    : VinaEcom

File Name    : catalog/view/theme/default/template/common/header.tpl(1)
VQModObject::applyMod - SEARCH NOT FOUND (ABORTING MOD): </ul></div>

----------------------------------------------------------------------


---------- Date: 2014-10-03 10:59:14 ~ IP : ::1 ----------
REQUEST URI : /nailsnew/index.php?route=information/sitemap
MOD DETAILS:
   modFile   : E:\xampp\htdocs\nailsnew\vqmod/xml/news_pro.xml
   id        : News_Pro
   version   : 1.5.4.1
   vqmver    : 2.1.7
   author    : VinaEcom

File Name    : catalog/view/theme/default/template/common/header.tpl(1)
VQModObject::applyMod - SEARCH NOT FOUND (ABORTING MOD): </ul></div>

----------------------------------------------------------------------


---------- Date: 2014-10-03 10:59:20 ~ IP : ::1 ----------
REQUEST URI : /nailsnew/index.php?route=product/manufacturer
MOD DETAILS:
   modFile   : E:\xampp\htdocs\nailsnew\vqmod/xml/news_pro.xml
   id        : News_Pro
   version   : 1.5.4.1
   vqmver    : 2.1.7
   author    : VinaEcom

File Name    : catalog/view/theme/default/template/common/header.tpl(1)
VQModObject::applyMod - SEARCH NOT FOUND (ABORTING MOD): </ul></div>

----------------------------------------------------------------------


---------- Date: 2014-10-03 10:59:24 ~ IP : ::1 ----------
REQUEST URI : /nailsnew/index.php?route=product/special
MOD DETAILS:
   modFile   : E:\xampp\htdocs\nailsnew\vqmod/xml/news_pro.xml
   id        : News_Pro
   version   : 1.5.4.1
   vqmver    : 2.1.7
   author    : VinaEcom

File Name    : catalog/view/theme/default/template/common/header.tpl(1)
VQModObject::applyMod - SEARCH NOT FOUND (ABORTING MOD): </ul></div>

----------------------------------------------------------------------


---------- Date: 2014-10-03 10:59:26 ~ IP : ::1 ----------
REQUEST URI : /nailsnew/index.php?route=account/voucher
MOD DETAILS:
   modFile   : E:\xampp\htdocs\nailsnew\vqmod/xml/news_pro.xml
   id        : News_Pro
   version   : 1.5.4.1
   vqmver    : 2.1.7
   author    : VinaEcom

File Name    : catalog/view/theme/default/template/common/header.tpl(1)
VQModObject::applyMod - SEARCH NOT FOUND (ABORTING MOD): </ul></div>

----------------------------------------------------------------------


---------- Date: 2014-10-03 10:59:29 ~ IP : ::1 ----------
REQUEST URI : /nailsnew/
MOD DETAILS:
   modFile   : E:\xampp\htdocs\nailsnew\vqmod/xml/news_pro.xml
   id        : News_Pro
   version   : 1.5.4.1
   vqmver    : 2.1.7
   author    : VinaEcom

File Name    : catalog/view/theme/default/template/common/header.tpl(1)
VQModObject::applyMod - SEARCH NOT FOUND (ABORTING MOD): </ul></div>

----------------------------------------------------------------------


---------- Date: 2014-10-03 10:59:37 ~ IP : ::1 ----------
REQUEST URI : /nailsnew/
MOD DETAILS:
   modFile   : E:\xampp\htdocs\nailsnew\vqmod/xml/news_pro.xml
   id        : News_Pro
   version   : 1.5.4.1
   vqmver    : 2.1.7
   author    : VinaEcom

File Name    : catalog/view/theme/default/template/common/header.tpl(1)
VQModObject::applyMod - SEARCH NOT FOUND (ABORTING MOD): </ul></div>

----------------------------------------------------------------------


---------- Date: 2014-10-03 11:05:08 ~ IP : ::1 ----------
REQUEST URI : /nailsnew/index.php?route=product/manufacturer
MOD DETAILS:
   modFile   : E:\xampp\htdocs\nailsnew\vqmod/xml/news_pro.xml
   id        : News_Pro
   version   : 1.5.4.1
   vqmver    : 2.1.7
   author    : VinaEcom

File Name    : catalog/view/theme/default/template/common/header.tpl(1)
VQModObject::applyMod - SEARCH NOT FOUND (ABORTING MOD): </ul></div>

----------------------------------------------------------------------


---------- Date: 2014-10-03 11:05:13 ~ IP : ::1 ----------
REQUEST URI : /nailsnew/index.php?route=product/manufacturer/info&amp;manufacturer_id=10
MOD DETAILS:
   modFile   : E:\xampp\htdocs\nailsnew\vqmod/xml/news_pro.xml
   id        : News_Pro
   version   : 1.5.4.1
   vqmver    : 2.1.7
   author    : VinaEcom

File Name    : catalog/view/theme/default/template/common/header.tpl(1)
VQModObject::applyMod - SEARCH NOT FOUND (ABORTING MOD): </ul></div>

----------------------------------------------------------------------


---------- Date: 2014-10-03 11:05:15 ~ IP : ::1 ----------
REQUEST URI : /nailsnew/
MOD DETAILS:
   modFile   : E:\xampp\htdocs\nailsnew\vqmod/xml/news_pro.xml
   id        : News_Pro
   version   : 1.5.4.1
   vqmver    : 2.1.7
   author    : VinaEcom

File Name    : catalog/view/theme/default/template/common/header.tpl(1)
VQModObject::applyMod - SEARCH NOT FOUND (ABORTING MOD): </ul></div>

----------------------------------------------------------------------


---------- Date: 2014-10-03 11:10:36 ~ IP : ::1 ----------
REQUEST URI : /nailsnew/
MOD DETAILS:
   modFile   : E:\xampp\htdocs\nailsnew\vqmod/xml/news_pro.xml
   id        : News_Pro
   version   : 1.5.4.1
   vqmver    : 2.1.7
   author    : VinaEcom

File Name    : catalog/view/theme/default/template/common/header.tpl(1)
VQModObject::applyMod - SEARCH NOT FOUND (ABORTING MOD): </ul></div>

----------------------------------------------------------------------


---------- Date: 2014-10-03 11:24:19 ~ IP : ::1 ----------
REQUEST URI : /nailsnew/
MOD DETAILS:
   modFile   : E:\xampp\htdocs\nailsnew\vqmod/xml/news_pro.xml
   id        : News_Pro
   version   : 1.5.4.1
   vqmver    : 2.1.7
   author    : VinaEcom

File Name    : catalog/view/theme/default/template/common/header.tpl(1)
VQModObject::applyMod - SEARCH NOT FOUND (ABORTING MOD): </ul></div>

----------------------------------------------------------------------


