---------- Date: 2014-08-30 00:21:04 ~ IP : ::1 ----------
REQUEST URI : /tuyen/
MOD DETAILS:
   modFile   : C:\xampp\htdocs\tuyen\vqmod/xml/news_pro.xml
   id        : News_Pro
   version   : 1.5.4.1
   vqmver    : 2.1.7
   author    : VinaEcom

File Name    : catalog/view/theme/default/template/common/header.tpl(1)
VQModObject::applyMod - SEARCH NOT FOUND (ABORTING MOD): </ul></div>

----------------------------------------------------------------------


---------- Date: 2014-08-30 00:21:05 ~ IP : ::1 ----------
REQUEST URI : /tuyen/
MOD DETAILS:
   modFile   : C:\xampp\htdocs\tuyen\vqmod/xml/news_pro.xml
   id        : News_Pro
   version   : 1.5.4.1
   vqmver    : 2.1.7
   author    : VinaEcom

File Name    : catalog/view/theme/default/template/common/header.tpl(1)
VQModObject::applyMod - SEARCH NOT FOUND (ABORTING MOD): </ul></div>

----------------------------------------------------------------------


---------- Date: 2014-08-30 00:27:33 ~ IP : ::1 ----------
REQUEST URI : /tuyen/
MOD DETAILS:
   modFile   : C:\xampp\htdocs\tuyen\vqmod/xml/news_pro.xml
   id        : News_Pro
   version   : 1.5.4.1
   vqmver    : 2.1.7
   author    : VinaEcom

File Name    : catalog/view/theme/default/template/common/header.tpl(1)
VQModObject::applyMod - SEARCH NOT FOUND (ABORTING MOD): </ul></div>

----------------------------------------------------------------------


---------- Date: 2014-08-30 00:27:43 ~ IP : ::1 ----------
REQUEST URI : /tuyen/index.php?route=information/information&amp;information_id=4
MOD DETAILS:
   modFile   : C:\xampp\htdocs\tuyen\vqmod/xml/news_pro.xml
   id        : News_Pro
   version   : 1.5.4.1
   vqmver    : 2.1.7
   author    : VinaEcom

File Name    : catalog/view/theme/default/template/common/header.tpl(1)
VQModObject::applyMod - SEARCH NOT FOUND (ABORTING MOD): </ul></div>

----------------------------------------------------------------------


---------- Date: 2014-08-30 00:27:45 ~ IP : ::1 ----------
REQUEST URI : /tuyen/index.php?route=news/news_category&amp;cat_id=0
MOD DETAILS:
   modFile   : C:\xampp\htdocs\tuyen\vqmod/xml/news_pro.xml
   id        : News_Pro
   version   : 1.5.4.1
   vqmver    : 2.1.7
   author    : VinaEcom

File Name    : catalog/view/theme/default/template/common/header.tpl(1)
VQModObject::applyMod - SEARCH NOT FOUND (ABORTING MOD): </ul></div>

----------------------------------------------------------------------


---------- Date: 2014-08-30 00:27:58 ~ IP : ::1 ----------
REQUEST URI : /tuyen/index.php?route=product/allproducts
MOD DETAILS:
   modFile   : C:\xampp\htdocs\tuyen\vqmod/xml/news_pro.xml
   id        : News_Pro
   version   : 1.5.4.1
   vqmver    : 2.1.7
   author    : VinaEcom

File Name    : catalog/view/theme/default/template/common/header.tpl(1)
VQModObject::applyMod - SEARCH NOT FOUND (ABORTING MOD): </ul></div>

----------------------------------------------------------------------


---------- Date: 2014-08-30 00:28:03 ~ IP : ::1 ----------
REQUEST URI : /tuyen/index.php?route=product/category&amp;path=20
MOD DETAILS:
   modFile   : C:\xampp\htdocs\tuyen\vqmod/xml/news_pro.xml
   id        : News_Pro
   version   : 1.5.4.1
   vqmver    : 2.1.7
   author    : VinaEcom

File Name    : catalog/view/theme/default/template/common/header.tpl(1)
VQModObject::applyMod - SEARCH NOT FOUND (ABORTING MOD): </ul></div>

----------------------------------------------------------------------


---------- Date: 2014-08-30 00:41:18 ~ IP : ::1 ----------
REQUEST URI : /tuyen/index.php?route=product/category&amp;path=20
MOD DETAILS:
   modFile   : C:\xampp\htdocs\tuyen\vqmod/xml/news_pro.xml
   id        : News_Pro
   version   : 1.5.4.1
   vqmver    : 2.1.7
   author    : VinaEcom

File Name    : catalog/view/theme/default/template/common/header.tpl(1)
VQModObject::applyMod - SEARCH NOT FOUND (ABORTING MOD): </ul></div>

----------------------------------------------------------------------


---------- Date: 2014-08-30 00:42:30 ~ IP : ::1 ----------
REQUEST URI : /tuyen/index.php?route=product/category&amp;path=20
MOD DETAILS:
   modFile   : C:\xampp\htdocs\tuyen\vqmod/xml/news_pro.xml
   id        : News_Pro
   version   : 1.5.4.1
   vqmver    : 2.1.7
   author    : VinaEcom

File Name    : catalog/view/theme/default/template/common/header.tpl(1)
VQModObject::applyMod - SEARCH NOT FOUND (ABORTING MOD): </ul></div>

----------------------------------------------------------------------


---------- Date: 2014-08-30 00:46:47 ~ IP : ::1 ----------
REQUEST URI : /tuyen/index.php?route=common/home
MOD DETAILS:
   modFile   : C:\xampp\htdocs\tuyen\vqmod/xml/news_pro.xml
   id        : News_Pro
   version   : 1.5.4.1
   vqmver    : 2.1.7
   author    : VinaEcom

File Name    : catalog/view/theme/default/template/common/header.tpl(1)
VQModObject::applyMod - SEARCH NOT FOUND (ABORTING MOD): </ul></div>

----------------------------------------------------------------------


---------- Date: 2014-08-30 00:47:19 ~ IP : ::1 ----------
REQUEST URI : /tuyen/index.php?route=product/allproducts
MOD DETAILS:
   modFile   : C:\xampp\htdocs\tuyen\vqmod/xml/news_pro.xml
   id        : News_Pro
   version   : 1.5.4.1
   vqmver    : 2.1.7
   author    : VinaEcom

File Name    : catalog/view/theme/default/template/common/header.tpl(1)
VQModObject::applyMod - SEARCH NOT FOUND (ABORTING MOD): </ul></div>

----------------------------------------------------------------------


---------- Date: 2014-08-30 00:47:23 ~ IP : ::1 ----------
REQUEST URI : /tuyen/index.php?route=product/category&amp;path=20
MOD DETAILS:
   modFile   : C:\xampp\htdocs\tuyen\vqmod/xml/news_pro.xml
   id        : News_Pro
   version   : 1.5.4.1
   vqmver    : 2.1.7
   author    : VinaEcom

File Name    : catalog/view/theme/default/template/common/header.tpl(1)
VQModObject::applyMod - SEARCH NOT FOUND (ABORTING MOD): </ul></div>

----------------------------------------------------------------------


---------- Date: 2014-08-30 00:48:12 ~ IP : ::1 ----------
REQUEST URI : /tuyen/index.php?route=product/category&amp;path=20
MOD DETAILS:
   modFile   : C:\xampp\htdocs\tuyen\vqmod/xml/news_pro.xml
   id        : News_Pro
   version   : 1.5.4.1
   vqmver    : 2.1.7
   author    : VinaEcom

File Name    : catalog/view/theme/default/template/common/header.tpl(1)
VQModObject::applyMod - SEARCH NOT FOUND (ABORTING MOD): </ul></div>

----------------------------------------------------------------------


---------- Date: 2014-08-30 00:48:17 ~ IP : ::1 ----------
REQUEST URI : /tuyen/index.php?route=product/category&amp;path=20
MOD DETAILS:
   modFile   : C:\xampp\htdocs\tuyen\vqmod/xml/news_pro.xml
   id        : News_Pro
   version   : 1.5.4.1
   vqmver    : 2.1.7
   author    : VinaEcom

File Name    : catalog/view/theme/default/template/common/header.tpl(1)
VQModObject::applyMod - SEARCH NOT FOUND (ABORTING MOD): </ul></div>

----------------------------------------------------------------------


---------- Date: 2014-08-30 00:48:45 ~ IP : ::1 ----------
REQUEST URI : /tuyen/index.php?route=product/category&amp;path=20
MOD DETAILS:
   modFile   : C:\xampp\htdocs\tuyen\vqmod/xml/news_pro.xml
   id        : News_Pro
   version   : 1.5.4.1
   vqmver    : 2.1.7
   author    : VinaEcom

File Name    : catalog/view/theme/default/template/common/header.tpl(1)
VQModObject::applyMod - SEARCH NOT FOUND (ABORTING MOD): </ul></div>

----------------------------------------------------------------------


---------- Date: 2014-08-30 00:49:47 ~ IP : ::1 ----------
REQUEST URI : /tuyen/index.php?route=product/category&amp;path=20
MOD DETAILS:
   modFile   : C:\xampp\htdocs\tuyen\vqmod/xml/news_pro.xml
   id        : News_Pro
   version   : 1.5.4.1
   vqmver    : 2.1.7
   author    : VinaEcom

File Name    : catalog/view/theme/default/template/common/header.tpl(1)
VQModObject::applyMod - SEARCH NOT FOUND (ABORTING MOD): </ul></div>

----------------------------------------------------------------------


---------- Date: 2014-08-30 00:50:12 ~ IP : ::1 ----------
REQUEST URI : /tuyen/index.php?route=product/category&amp;path=20
MOD DETAILS:
   modFile   : C:\xampp\htdocs\tuyen\vqmod/xml/news_pro.xml
   id        : News_Pro
   version   : 1.5.4.1
   vqmver    : 2.1.7
   author    : VinaEcom

File Name    : catalog/view/theme/default/template/common/header.tpl(1)
VQModObject::applyMod - SEARCH NOT FOUND (ABORTING MOD): </ul></div>

----------------------------------------------------------------------


---------- Date: 2014-08-30 00:50:16 ~ IP : ::1 ----------
REQUEST URI : /tuyen/index.php?route=news/news_category&amp;cat_id=0
MOD DETAILS:
   modFile   : C:\xampp\htdocs\tuyen\vqmod/xml/news_pro.xml
   id        : News_Pro
   version   : 1.5.4.1
   vqmver    : 2.1.7
   author    : VinaEcom

File Name    : catalog/view/theme/default/template/common/header.tpl(1)
VQModObject::applyMod - SEARCH NOT FOUND (ABORTING MOD): </ul></div>

----------------------------------------------------------------------


---------- Date: 2014-08-30 00:50:20 ~ IP : ::1 ----------
REQUEST URI : /tuyen/index.php?route=common/home
MOD DETAILS:
   modFile   : C:\xampp\htdocs\tuyen\vqmod/xml/news_pro.xml
   id        : News_Pro
   version   : 1.5.4.1
   vqmver    : 2.1.7
   author    : VinaEcom

File Name    : catalog/view/theme/default/template/common/header.tpl(1)
VQModObject::applyMod - SEARCH NOT FOUND (ABORTING MOD): </ul></div>

----------------------------------------------------------------------


---------- Date: 2014-08-30 00:53:12 ~ IP : ::1 ----------
REQUEST URI : /tuyen/index.php?route=common/home
MOD DETAILS:
   modFile   : C:\xampp\htdocs\tuyen\vqmod/xml/news_pro.xml
   id        : News_Pro
   version   : 1.5.4.1
   vqmver    : 2.1.7
   author    : VinaEcom

File Name    : catalog/view/theme/default/template/common/header.tpl(1)
VQModObject::applyMod - SEARCH NOT FOUND (ABORTING MOD): </ul></div>

----------------------------------------------------------------------


---------- Date: 2014-08-30 00:53:15 ~ IP : ::1 ----------
REQUEST URI : /tuyen/index.php?route=common/home
MOD DETAILS:
   modFile   : C:\xampp\htdocs\tuyen\vqmod/xml/news_pro.xml
   id        : News_Pro
   version   : 1.5.4.1
   vqmver    : 2.1.7
   author    : VinaEcom

File Name    : catalog/view/theme/default/template/common/header.tpl(1)
VQModObject::applyMod - SEARCH NOT FOUND (ABORTING MOD): </ul></div>

----------------------------------------------------------------------


---------- Date: 2014-08-30 00:53:20 ~ IP : ::1 ----------
REQUEST URI : /tuyen/index.php?route=common/home
MOD DETAILS:
   modFile   : C:\xampp\htdocs\tuyen\vqmod/xml/news_pro.xml
   id        : News_Pro
   version   : 1.5.4.1
   vqmver    : 2.1.7
   author    : VinaEcom

File Name    : catalog/view/theme/default/template/common/header.tpl(1)
VQModObject::applyMod - SEARCH NOT FOUND (ABORTING MOD): </ul></div>

----------------------------------------------------------------------


---------- Date: 2014-08-30 00:53:27 ~ IP : ::1 ----------
REQUEST URI : /tuyen/index.php?route=product/category&amp;path=20
MOD DETAILS:
   modFile   : C:\xampp\htdocs\tuyen\vqmod/xml/news_pro.xml
   id        : News_Pro
   version   : 1.5.4.1
   vqmver    : 2.1.7
   author    : VinaEcom

File Name    : catalog/view/theme/default/template/common/header.tpl(1)
VQModObject::applyMod - SEARCH NOT FOUND (ABORTING MOD): </ul></div>

----------------------------------------------------------------------


---------- Date: 2014-08-30 00:53:49 ~ IP : ::1 ----------
REQUEST URI : /tuyen/index.php?route=product/category&amp;path=20
MOD DETAILS:
   modFile   : C:\xampp\htdocs\tuyen\vqmod/xml/news_pro.xml
   id        : News_Pro
   version   : 1.5.4.1
   vqmver    : 2.1.7
   author    : VinaEcom

File Name    : catalog/view/theme/default/template/common/header.tpl(1)
VQModObject::applyMod - SEARCH NOT FOUND (ABORTING MOD): </ul></div>

----------------------------------------------------------------------


---------- Date: 2014-08-30 00:54:26 ~ IP : ::1 ----------
REQUEST URI : /tuyen/index.php?route=product/category&amp;path=20
MOD DETAILS:
   modFile   : C:\xampp\htdocs\tuyen\vqmod/xml/news_pro.xml
   id        : News_Pro
   version   : 1.5.4.1
   vqmver    : 2.1.7
   author    : VinaEcom

File Name    : catalog/view/theme/default/template/common/header.tpl(1)
VQModObject::applyMod - SEARCH NOT FOUND (ABORTING MOD): </ul></div>

----------------------------------------------------------------------


---------- Date: 2014-08-30 01:07:02 ~ IP : ::1 ----------
REQUEST URI : /tuyen/index.php?route=product/category&amp;path=20
MOD DETAILS:
   modFile   : C:\xampp\htdocs\tuyen\vqmod/xml/news_pro.xml
   id        : News_Pro
   version   : 1.5.4.1
   vqmver    : 2.1.7
   author    : VinaEcom

File Name    : catalog/view/theme/default/template/common/header.tpl(1)
VQModObject::applyMod - SEARCH NOT FOUND (ABORTING MOD): </ul></div>

----------------------------------------------------------------------


---------- Date: 2014-08-30 01:08:16 ~ IP : ::1 ----------
REQUEST URI : /tuyen/index.php?route=product/category&amp;path=20
MOD DETAILS:
   modFile   : C:\xampp\htdocs\tuyen\vqmod/xml/news_pro.xml
   id        : News_Pro
   version   : 1.5.4.1
   vqmver    : 2.1.7
   author    : VinaEcom

File Name    : catalog/view/theme/default/template/common/header.tpl(1)
VQModObject::applyMod - SEARCH NOT FOUND (ABORTING MOD): </ul></div>

----------------------------------------------------------------------


---------- Date: 2014-08-30 01:16:24 ~ IP : ::1 ----------
REQUEST URI : /tuyen/index.php?route=product/category&amp;path=20
MOD DETAILS:
   modFile   : C:\xampp\htdocs\tuyen\vqmod/xml/news_pro.xml
   id        : News_Pro
   version   : 1.5.4.1
   vqmver    : 2.1.7
   author    : VinaEcom

File Name    : catalog/view/theme/default/template/common/header.tpl(1)
VQModObject::applyMod - SEARCH NOT FOUND (ABORTING MOD): </ul></div>

----------------------------------------------------------------------


---------- Date: 2014-08-30 01:17:04 ~ IP : ::1 ----------
REQUEST URI : /tuyen/index.php?route=product/category&amp;path=20
MOD DETAILS:
   modFile   : C:\xampp\htdocs\tuyen\vqmod/xml/news_pro.xml
   id        : News_Pro
   version   : 1.5.4.1
   vqmver    : 2.1.7
   author    : VinaEcom

File Name    : catalog/view/theme/default/template/common/header.tpl(1)
VQModObject::applyMod - SEARCH NOT FOUND (ABORTING MOD): </ul></div>

----------------------------------------------------------------------


---------- Date: 2014-08-30 01:18:18 ~ IP : ::1 ----------
REQUEST URI : /tuyen/index.php?route=product/category&amp;path=20
MOD DETAILS:
   modFile   : C:\xampp\htdocs\tuyen\vqmod/xml/news_pro.xml
   id        : News_Pro
   version   : 1.5.4.1
   vqmver    : 2.1.7
   author    : VinaEcom

File Name    : catalog/view/theme/default/template/common/header.tpl(1)
VQModObject::applyMod - SEARCH NOT FOUND (ABORTING MOD): </ul></div>

----------------------------------------------------------------------


---------- Date: 2014-08-30 01:23:59 ~ IP : ::1 ----------
REQUEST URI : /tuyen/index.php?route=product/category&amp;path=20
MOD DETAILS:
   modFile   : C:\xampp\htdocs\tuyen\vqmod/xml/news_pro.xml
   id        : News_Pro
   version   : 1.5.4.1
   vqmver    : 2.1.7
   author    : VinaEcom

File Name    : catalog/view/theme/default/template/common/header.tpl(1)
VQModObject::applyMod - SEARCH NOT FOUND (ABORTING MOD): </ul></div>

----------------------------------------------------------------------


---------- Date: 2014-08-30 01:25:15 ~ IP : ::1 ----------
REQUEST URI : /tuyen/index.php?route=product/category&amp;path=20
MOD DETAILS:
   modFile   : C:\xampp\htdocs\tuyen\vqmod/xml/news_pro.xml
   id        : News_Pro
   version   : 1.5.4.1
   vqmver    : 2.1.7
   author    : VinaEcom

File Name    : catalog/view/theme/default/template/common/header.tpl(1)
VQModObject::applyMod - SEARCH NOT FOUND (ABORTING MOD): </ul></div>

----------------------------------------------------------------------


---------- Date: 2014-08-30 01:26:30 ~ IP : ::1 ----------
REQUEST URI : /tuyen/index.php?route=product/category&amp;path=20
MOD DETAILS:
   modFile   : C:\xampp\htdocs\tuyen\vqmod/xml/news_pro.xml
   id        : News_Pro
   version   : 1.5.4.1
   vqmver    : 2.1.7
   author    : VinaEcom

File Name    : catalog/view/theme/default/template/common/header.tpl(1)
VQModObject::applyMod - SEARCH NOT FOUND (ABORTING MOD): </ul></div>

----------------------------------------------------------------------


---------- Date: 2014-08-30 01:29:30 ~ IP : ::1 ----------
REQUEST URI : /tuyen/index.php?route=product/category&amp;path=20
MOD DETAILS:
   modFile   : C:\xampp\htdocs\tuyen\vqmod/xml/news_pro.xml
   id        : News_Pro
   version   : 1.5.4.1
   vqmver    : 2.1.7
   author    : VinaEcom

File Name    : catalog/view/theme/default/template/common/header.tpl(1)
VQModObject::applyMod - SEARCH NOT FOUND (ABORTING MOD): </ul></div>

----------------------------------------------------------------------


---------- Date: 2014-08-30 01:29:50 ~ IP : ::1 ----------
REQUEST URI : /tuyen/index.php?route=product/category&amp;path=20
MOD DETAILS:
   modFile   : C:\xampp\htdocs\tuyen\vqmod/xml/news_pro.xml
   id        : News_Pro
   version   : 1.5.4.1
   vqmver    : 2.1.7
   author    : VinaEcom

File Name    : catalog/view/theme/default/template/common/header.tpl(1)
VQModObject::applyMod - SEARCH NOT FOUND (ABORTING MOD): </ul></div>

----------------------------------------------------------------------


---------- Date: 2014-08-30 01:31:12 ~ IP : ::1 ----------
REQUEST URI : /tuyen/index.php?route=product/category&amp;path=20
MOD DETAILS:
   modFile   : C:\xampp\htdocs\tuyen\vqmod/xml/news_pro.xml
   id        : News_Pro
   version   : 1.5.4.1
   vqmver    : 2.1.7
   author    : VinaEcom

File Name    : catalog/view/theme/default/template/common/header.tpl(1)
VQModObject::applyMod - SEARCH NOT FOUND (ABORTING MOD): </ul></div>

----------------------------------------------------------------------


---------- Date: 2014-08-30 01:32:22 ~ IP : ::1 ----------
REQUEST URI : /tuyen/index.php?route=product/category&amp;path=20
MOD DETAILS:
   modFile   : C:\xampp\htdocs\tuyen\vqmod/xml/news_pro.xml
   id        : News_Pro
   version   : 1.5.4.1
   vqmver    : 2.1.7
   author    : VinaEcom

File Name    : catalog/view/theme/default/template/common/header.tpl(1)
VQModObject::applyMod - SEARCH NOT FOUND (ABORTING MOD): </ul></div>

----------------------------------------------------------------------


---------- Date: 2014-08-30 01:40:42 ~ IP : ::1 ----------
REQUEST URI : /tuyen/index.php?route=product/category&amp;path=20
MOD DETAILS:
   modFile   : C:\xampp\htdocs\tuyen\vqmod/xml/news_pro.xml
   id        : News_Pro
   version   : 1.5.4.1
   vqmver    : 2.1.7
   author    : VinaEcom

File Name    : catalog/view/theme/default/template/common/header.tpl(1)
VQModObject::applyMod - SEARCH NOT FOUND (ABORTING MOD): </ul></div>

----------------------------------------------------------------------


---------- Date: 2014-08-30 01:40:48 ~ IP : ::1 ----------
REQUEST URI : /tuyen/index.php?route=product/category&amp;path=20_27
MOD DETAILS:
   modFile   : C:\xampp\htdocs\tuyen\vqmod/xml/news_pro.xml
   id        : News_Pro
   version   : 1.5.4.1
   vqmver    : 2.1.7
   author    : VinaEcom

File Name    : catalog/view/theme/default/template/common/header.tpl(1)
VQModObject::applyMod - SEARCH NOT FOUND (ABORTING MOD): </ul></div>

----------------------------------------------------------------------


---------- Date: 2014-08-30 01:41:05 ~ IP : ::1 ----------
REQUEST URI : /tuyen/index.php?route=product/category&amp;path=20_27
MOD DETAILS:
   modFile   : C:\xampp\htdocs\tuyen\vqmod/xml/news_pro.xml
   id        : News_Pro
   version   : 1.5.4.1
   vqmver    : 2.1.7
   author    : VinaEcom

File Name    : catalog/view/theme/default/template/common/header.tpl(1)
VQModObject::applyMod - SEARCH NOT FOUND (ABORTING MOD): </ul></div>

----------------------------------------------------------------------


---------- Date: 2014-08-30 01:42:18 ~ IP : ::1 ----------
REQUEST URI : /tuyen/index.php?route=product/category&amp;path=20_27
MOD DETAILS:
   modFile   : C:\xampp\htdocs\tuyen\vqmod/xml/news_pro.xml
   id        : News_Pro
   version   : 1.5.4.1
   vqmver    : 2.1.7
   author    : VinaEcom

File Name    : catalog/view/theme/default/template/common/header.tpl(1)
VQModObject::applyMod - SEARCH NOT FOUND (ABORTING MOD): </ul></div>

----------------------------------------------------------------------


---------- Date: 2014-08-30 01:44:12 ~ IP : ::1 ----------
REQUEST URI : /tuyen/index.php?route=product/category&amp;path=20_27
MOD DETAILS:
   modFile   : C:\xampp\htdocs\tuyen\vqmod/xml/news_pro.xml
   id        : News_Pro
   version   : 1.5.4.1
   vqmver    : 2.1.7
   author    : VinaEcom

File Name    : catalog/view/theme/default/template/common/header.tpl(1)
VQModObject::applyMod - SEARCH NOT FOUND (ABORTING MOD): </ul></div>

----------------------------------------------------------------------


---------- Date: 2014-08-30 01:45:19 ~ IP : ::1 ----------
REQUEST URI : /tuyen/index.php?route=product/category&amp;path=20_27
MOD DETAILS:
   modFile   : C:\xampp\htdocs\tuyen\vqmod/xml/news_pro.xml
   id        : News_Pro
   version   : 1.5.4.1
   vqmver    : 2.1.7
   author    : VinaEcom

File Name    : catalog/view/theme/default/template/common/header.tpl(1)
VQModObject::applyMod - SEARCH NOT FOUND (ABORTING MOD): </ul></div>

----------------------------------------------------------------------


---------- Date: 2014-08-30 01:45:55 ~ IP : ::1 ----------
REQUEST URI : /tuyen/index.php?route=product/category&amp;path=20_27
MOD DETAILS:
   modFile   : C:\xampp\htdocs\tuyen\vqmod/xml/news_pro.xml
   id        : News_Pro
   version   : 1.5.4.1
   vqmver    : 2.1.7
   author    : VinaEcom

File Name    : catalog/view/theme/default/template/common/header.tpl(1)
VQModObject::applyMod - SEARCH NOT FOUND (ABORTING MOD): </ul></div>

----------------------------------------------------------------------


---------- Date: 2014-08-30 01:46:23 ~ IP : ::1 ----------
REQUEST URI : /tuyen/index.php?route=product/category&amp;path=20_27
MOD DETAILS:
   modFile   : C:\xampp\htdocs\tuyen\vqmod/xml/news_pro.xml
   id        : News_Pro
   version   : 1.5.4.1
   vqmver    : 2.1.7
   author    : VinaEcom

File Name    : catalog/view/theme/default/template/common/header.tpl(1)
VQModObject::applyMod - SEARCH NOT FOUND (ABORTING MOD): </ul></div>

----------------------------------------------------------------------


---------- Date: 2014-08-30 01:51:55 ~ IP : ::1 ----------
REQUEST URI : /tuyen/index.php?route=product/category&amp;path=20_27
MOD DETAILS:
   modFile   : C:\xampp\htdocs\tuyen\vqmod/xml/news_pro.xml
   id        : News_Pro
   version   : 1.5.4.1
   vqmver    : 2.1.7
   author    : VinaEcom

File Name    : catalog/view/theme/default/template/common/header.tpl(1)
VQModObject::applyMod - SEARCH NOT FOUND (ABORTING MOD): </ul></div>

----------------------------------------------------------------------


---------- Date: 2014-08-30 01:54:19 ~ IP : ::1 ----------
REQUEST URI : /tuyen/index.php?route=product/category&amp;path=20_27
MOD DETAILS:
   modFile   : C:\xampp\htdocs\tuyen\vqmod/xml/news_pro.xml
   id        : News_Pro
   version   : 1.5.4.1
   vqmver    : 2.1.7
   author    : VinaEcom

File Name    : catalog/view/theme/default/template/common/header.tpl(1)
VQModObject::applyMod - SEARCH NOT FOUND (ABORTING MOD): </ul></div>

----------------------------------------------------------------------


---------- Date: 2014-08-30 01:55:46 ~ IP : ::1 ----------
REQUEST URI : /tuyen/index.php?route=product/category&amp;path=20_27
MOD DETAILS:
   modFile   : C:\xampp\htdocs\tuyen\vqmod/xml/news_pro.xml
   id        : News_Pro
   version   : 1.5.4.1
   vqmver    : 2.1.7
   author    : VinaEcom

File Name    : catalog/view/theme/default/template/common/header.tpl(1)
VQModObject::applyMod - SEARCH NOT FOUND (ABORTING MOD): </ul></div>

----------------------------------------------------------------------


---------- Date: 2014-08-30 01:55:55 ~ IP : ::1 ----------
REQUEST URI : /tuyen/index.php?route=product/category&amp;path=20_27
MOD DETAILS:
   modFile   : C:\xampp\htdocs\tuyen\vqmod/xml/news_pro.xml
   id        : News_Pro
   version   : 1.5.4.1
   vqmver    : 2.1.7
   author    : VinaEcom

File Name    : catalog/view/theme/default/template/common/header.tpl(1)
VQModObject::applyMod - SEARCH NOT FOUND (ABORTING MOD): </ul></div>

----------------------------------------------------------------------


---------- Date: 2014-08-30 01:56:51 ~ IP : ::1 ----------
REQUEST URI : /tuyen/index.php?route=product/category&amp;path=20_27
MOD DETAILS:
   modFile   : C:\xampp\htdocs\tuyen\vqmod/xml/news_pro.xml
   id        : News_Pro
   version   : 1.5.4.1
   vqmver    : 2.1.7
   author    : VinaEcom

File Name    : catalog/view/theme/default/template/common/header.tpl(1)
VQModObject::applyMod - SEARCH NOT FOUND (ABORTING MOD): </ul></div>

----------------------------------------------------------------------


---------- Date: 2014-08-30 01:57:35 ~ IP : ::1 ----------
REQUEST URI : /tuyen/index.php?route=product/category&amp;path=20_27
MOD DETAILS:
   modFile   : C:\xampp\htdocs\tuyen\vqmod/xml/news_pro.xml
   id        : News_Pro
   version   : 1.5.4.1
   vqmver    : 2.1.7
   author    : VinaEcom

File Name    : catalog/view/theme/default/template/common/header.tpl(1)
VQModObject::applyMod - SEARCH NOT FOUND (ABORTING MOD): </ul></div>

----------------------------------------------------------------------


---------- Date: 2014-08-30 01:57:55 ~ IP : ::1 ----------
REQUEST URI : /tuyen/index.php?route=product/category&amp;path=20_27
MOD DETAILS:
   modFile   : C:\xampp\htdocs\tuyen\vqmod/xml/news_pro.xml
   id        : News_Pro
   version   : 1.5.4.1
   vqmver    : 2.1.7
   author    : VinaEcom

File Name    : catalog/view/theme/default/template/common/header.tpl(1)
VQModObject::applyMod - SEARCH NOT FOUND (ABORTING MOD): </ul></div>

----------------------------------------------------------------------


---------- Date: 2014-08-30 02:01:26 ~ IP : ::1 ----------
REQUEST URI : /tuyen/index.php?route=product/category&amp;path=20_27
MOD DETAILS:
   modFile   : C:\xampp\htdocs\tuyen\vqmod/xml/news_pro.xml
   id        : News_Pro
   version   : 1.5.4.1
   vqmver    : 2.1.7
   author    : VinaEcom

File Name    : catalog/view/theme/default/template/common/header.tpl(1)
VQModObject::applyMod - SEARCH NOT FOUND (ABORTING MOD): </ul></div>

----------------------------------------------------------------------


---------- Date: 2014-08-30 02:02:40 ~ IP : ::1 ----------
REQUEST URI : /tuyen/index.php?route=product/category&amp;path=20_27
MOD DETAILS:
   modFile   : C:\xampp\htdocs\tuyen\vqmod/xml/news_pro.xml
   id        : News_Pro
   version   : 1.5.4.1
   vqmver    : 2.1.7
   author    : VinaEcom

File Name    : catalog/view/theme/default/template/common/header.tpl(1)
VQModObject::applyMod - SEARCH NOT FOUND (ABORTING MOD): </ul></div>

----------------------------------------------------------------------


---------- Date: 2014-08-30 02:02:59 ~ IP : ::1 ----------
REQUEST URI : /tuyen/index.php?route=product/category&amp;path=20_27
MOD DETAILS:
   modFile   : C:\xampp\htdocs\tuyen\vqmod/xml/news_pro.xml
   id        : News_Pro
   version   : 1.5.4.1
   vqmver    : 2.1.7
   author    : VinaEcom

File Name    : catalog/view/theme/default/template/common/header.tpl(1)
VQModObject::applyMod - SEARCH NOT FOUND (ABORTING MOD): </ul></div>

----------------------------------------------------------------------


---------- Date: 2014-08-30 02:03:20 ~ IP : ::1 ----------
REQUEST URI : /tuyen/index.php?route=product/category&amp;path=20_27
MOD DETAILS:
   modFile   : C:\xampp\htdocs\tuyen\vqmod/xml/news_pro.xml
   id        : News_Pro
   version   : 1.5.4.1
   vqmver    : 2.1.7
   author    : VinaEcom

File Name    : catalog/view/theme/default/template/common/header.tpl(1)
VQModObject::applyMod - SEARCH NOT FOUND (ABORTING MOD): </ul></div>

----------------------------------------------------------------------


---------- Date: 2014-08-30 02:03:58 ~ IP : ::1 ----------
REQUEST URI : /tuyen/index.php?route=product/category&amp;path=20_27
MOD DETAILS:
   modFile   : C:\xampp\htdocs\tuyen\vqmod/xml/news_pro.xml
   id        : News_Pro
   version   : 1.5.4.1
   vqmver    : 2.1.7
   author    : VinaEcom

File Name    : catalog/view/theme/default/template/common/header.tpl(1)
VQModObject::applyMod - SEARCH NOT FOUND (ABORTING MOD): </ul></div>

----------------------------------------------------------------------


---------- Date: 2014-08-30 02:06:58 ~ IP : ::1 ----------
REQUEST URI : /tuyen/index.php?route=product/category&amp;path=20_27
MOD DETAILS:
   modFile   : C:\xampp\htdocs\tuyen\vqmod/xml/news_pro.xml
   id        : News_Pro
   version   : 1.5.4.1
   vqmver    : 2.1.7
   author    : VinaEcom

File Name    : catalog/view/theme/default/template/common/header.tpl(1)
VQModObject::applyMod - SEARCH NOT FOUND (ABORTING MOD): </ul></div>

----------------------------------------------------------------------


---------- Date: 2014-08-30 02:07:32 ~ IP : ::1 ----------
REQUEST URI : /tuyen/index.php?route=product/category&amp;path=20_27
MOD DETAILS:
   modFile   : C:\xampp\htdocs\tuyen\vqmod/xml/news_pro.xml
   id        : News_Pro
   version   : 1.5.4.1
   vqmver    : 2.1.7
   author    : VinaEcom

File Name    : catalog/view/theme/default/template/common/header.tpl(1)
VQModObject::applyMod - SEARCH NOT FOUND (ABORTING MOD): </ul></div>

----------------------------------------------------------------------


---------- Date: 2014-08-30 02:18:54 ~ IP : ::1 ----------
REQUEST URI : /tuyen/index.php?route=product/category&amp;path=20_27
MOD DETAILS:
   modFile   : C:\xampp\htdocs\tuyen\vqmod/xml/news_pro.xml
   id        : News_Pro
   version   : 1.5.4.1
   vqmver    : 2.1.7
   author    : VinaEcom

File Name    : catalog/view/theme/default/template/common/header.tpl(1)
VQModObject::applyMod - SEARCH NOT FOUND (ABORTING MOD): </ul></div>

----------------------------------------------------------------------


---------- Date: 2014-08-30 02:27:52 ~ IP : ::1 ----------
REQUEST URI : /tuyen/index.php?route=product/category&amp;path=20_27
MOD DETAILS:
   modFile   : C:\xampp\htdocs\tuyen\vqmod/xml/news_pro.xml
   id        : News_Pro
   version   : 1.5.4.1
   vqmver    : 2.1.7
   author    : VinaEcom

File Name    : catalog/view/theme/default/template/common/header.tpl(1)
VQModObject::applyMod - SEARCH NOT FOUND (ABORTING MOD): </ul></div>

----------------------------------------------------------------------


---------- Date: 2014-08-30 02:27:59 ~ IP : ::1 ----------
REQUEST URI : /tuyen/index.php?route=product/category&amp;path=20_27
MOD DETAILS:
   modFile   : C:\xampp\htdocs\tuyen\vqmod/xml/news_pro.xml
   id        : News_Pro
   version   : 1.5.4.1
   vqmver    : 2.1.7
   author    : VinaEcom

File Name    : catalog/view/theme/default/template/common/header.tpl(1)
VQModObject::applyMod - SEARCH NOT FOUND (ABORTING MOD): </ul></div>

----------------------------------------------------------------------


---------- Date: 2014-08-30 02:28:01 ~ IP : ::1 ----------
REQUEST URI : /tuyen/index.php?route=product/category&amp;path=20_27
MOD DETAILS:
   modFile   : C:\xampp\htdocs\tuyen\vqmod/xml/news_pro.xml
   id        : News_Pro
   version   : 1.5.4.1
   vqmver    : 2.1.7
   author    : VinaEcom

File Name    : catalog/view/theme/default/template/common/header.tpl(1)
VQModObject::applyMod - SEARCH NOT FOUND (ABORTING MOD): </ul></div>

----------------------------------------------------------------------


---------- Date: 2014-08-30 02:28:04 ~ IP : ::1 ----------
REQUEST URI : /tuyen/index.php?route=product/category&amp;path=20_27
MOD DETAILS:
   modFile   : C:\xampp\htdocs\tuyen\vqmod/xml/news_pro.xml
   id        : News_Pro
   version   : 1.5.4.1
   vqmver    : 2.1.7
   author    : VinaEcom

File Name    : catalog/view/theme/default/template/common/header.tpl(1)
VQModObject::applyMod - SEARCH NOT FOUND (ABORTING MOD): </ul></div>

----------------------------------------------------------------------


---------- Date: 2014-08-30 02:28:06 ~ IP : ::1 ----------
REQUEST URI : /tuyen/index.php?route=product/category&amp;path=20_27
MOD DETAILS:
   modFile   : C:\xampp\htdocs\tuyen\vqmod/xml/news_pro.xml
   id        : News_Pro
   version   : 1.5.4.1
   vqmver    : 2.1.7
   author    : VinaEcom

File Name    : catalog/view/theme/default/template/common/header.tpl(1)
VQModObject::applyMod - SEARCH NOT FOUND (ABORTING MOD): </ul></div>

----------------------------------------------------------------------


---------- Date: 2014-08-30 02:28:07 ~ IP : ::1 ----------
REQUEST URI : /tuyen/index.php?route=product/category&amp;path=20_27
MOD DETAILS:
   modFile   : C:\xampp\htdocs\tuyen\vqmod/xml/news_pro.xml
   id        : News_Pro
   version   : 1.5.4.1
   vqmver    : 2.1.7
   author    : VinaEcom

File Name    : catalog/view/theme/default/template/common/header.tpl(1)
VQModObject::applyMod - SEARCH NOT FOUND (ABORTING MOD): </ul></div>

----------------------------------------------------------------------


---------- Date: 2014-08-30 02:28:49 ~ IP : ::1 ----------
REQUEST URI : /tuyen/index.php?route=product/category&amp;path=20_27
MOD DETAILS:
   modFile   : C:\xampp\htdocs\tuyen\vqmod/xml/news_pro.xml
   id        : News_Pro
   version   : 1.5.4.1
   vqmver    : 2.1.7
   author    : VinaEcom

File Name    : catalog/view/theme/default/template/common/header.tpl(1)
VQModObject::applyMod - SEARCH NOT FOUND (ABORTING MOD): </ul></div>

----------------------------------------------------------------------


---------- Date: 2014-08-30 02:30:53 ~ IP : ::1 ----------
REQUEST URI : /tuyen/index.php?route=product/category&amp;path=20_27
MOD DETAILS:
   modFile   : C:\xampp\htdocs\tuyen\vqmod/xml/news_pro.xml
   id        : News_Pro
   version   : 1.5.4.1
   vqmver    : 2.1.7
   author    : VinaEcom

File Name    : catalog/view/theme/default/template/common/header.tpl(1)
VQModObject::applyMod - SEARCH NOT FOUND (ABORTING MOD): </ul></div>

----------------------------------------------------------------------


---------- Date: 2014-08-30 02:31:22 ~ IP : ::1 ----------
REQUEST URI : /tuyen/index.php?route=product/category&amp;path=20_27
MOD DETAILS:
   modFile   : C:\xampp\htdocs\tuyen\vqmod/xml/news_pro.xml
   id        : News_Pro
   version   : 1.5.4.1
   vqmver    : 2.1.7
   author    : VinaEcom

File Name    : catalog/view/theme/default/template/common/header.tpl(1)
VQModObject::applyMod - SEARCH NOT FOUND (ABORTING MOD): </ul></div>

----------------------------------------------------------------------


---------- Date: 2014-08-30 02:31:55 ~ IP : ::1 ----------
REQUEST URI : /tuyen/index.php?route=product/category&amp;path=20_27
MOD DETAILS:
   modFile   : C:\xampp\htdocs\tuyen\vqmod/xml/news_pro.xml
   id        : News_Pro
   version   : 1.5.4.1
   vqmver    : 2.1.7
   author    : VinaEcom

File Name    : catalog/view/theme/default/template/common/header.tpl(1)
VQModObject::applyMod - SEARCH NOT FOUND (ABORTING MOD): </ul></div>

----------------------------------------------------------------------


---------- Date: 2014-08-30 02:34:07 ~ IP : ::1 ----------
REQUEST URI : /tuyen/index.php?route=product/category&amp;path=20_27
MOD DETAILS:
   modFile   : C:\xampp\htdocs\tuyen\vqmod/xml/news_pro.xml
   id        : News_Pro
   version   : 1.5.4.1
   vqmver    : 2.1.7
   author    : VinaEcom

File Name    : catalog/view/theme/default/template/common/header.tpl(1)
VQModObject::applyMod - SEARCH NOT FOUND (ABORTING MOD): </ul></div>

----------------------------------------------------------------------


---------- Date: 2014-08-30 02:43:00 ~ IP : ::1 ----------
REQUEST URI : /tuyen/index.php?route=product/category&amp;path=20_27
MOD DETAILS:
   modFile   : C:\xampp\htdocs\tuyen\vqmod/xml/news_pro.xml
   id        : News_Pro
   version   : 1.5.4.1
   vqmver    : 2.1.7
   author    : VinaEcom

File Name    : catalog/view/theme/default/template/common/header.tpl(1)
VQModObject::applyMod - SEARCH NOT FOUND (ABORTING MOD): </ul></div>

----------------------------------------------------------------------


---------- Date: 2014-08-30 02:43:03 ~ IP : ::1 ----------
REQUEST URI : /tuyen/index.php?route=product/category&amp;path=20_27
MOD DETAILS:
   modFile   : C:\xampp\htdocs\tuyen\vqmod/xml/news_pro.xml
   id        : News_Pro
   version   : 1.5.4.1
   vqmver    : 2.1.7
   author    : VinaEcom

File Name    : catalog/view/theme/default/template/common/header.tpl(1)
VQModObject::applyMod - SEARCH NOT FOUND (ABORTING MOD): </ul></div>

----------------------------------------------------------------------


---------- Date: 2014-08-30 02:43:03 ~ IP : ::1 ----------
REQUEST URI : /tuyen/index.php?route=product/category&amp;path=20_27
MOD DETAILS:
   modFile   : C:\xampp\htdocs\tuyen\vqmod/xml/news_pro.xml
   id        : News_Pro
   version   : 1.5.4.1
   vqmver    : 2.1.7
   author    : VinaEcom

File Name    : catalog/view/theme/default/template/common/header.tpl(1)
VQModObject::applyMod - SEARCH NOT FOUND (ABORTING MOD): </ul></div>

----------------------------------------------------------------------


---------- Date: 2014-08-30 02:44:07 ~ IP : ::1 ----------
REQUEST URI : /tuyen/index.php?route=product/category&amp;path=20_27
MOD DETAILS:
   modFile   : C:\xampp\htdocs\tuyen\vqmod/xml/news_pro.xml
   id        : News_Pro
   version   : 1.5.4.1
   vqmver    : 2.1.7
   author    : VinaEcom

File Name    : catalog/view/theme/default/template/common/header.tpl(1)
VQModObject::applyMod - SEARCH NOT FOUND (ABORTING MOD): </ul></div>

----------------------------------------------------------------------


---------- Date: 2014-08-30 02:44:21 ~ IP : ::1 ----------
REQUEST URI : /tuyen/index.php?route=product/category&amp;path=20_27
MOD DETAILS:
   modFile   : C:\xampp\htdocs\tuyen\vqmod/xml/news_pro.xml
   id        : News_Pro
   version   : 1.5.4.1
   vqmver    : 2.1.7
   author    : VinaEcom

File Name    : catalog/view/theme/default/template/common/header.tpl(1)
VQModObject::applyMod - SEARCH NOT FOUND (ABORTING MOD): </ul></div>

----------------------------------------------------------------------


---------- Date: 2014-08-30 02:44:46 ~ IP : ::1 ----------
REQUEST URI : /tuyen/index.php?route=product/category&amp;path=20_27
MOD DETAILS:
   modFile   : C:\xampp\htdocs\tuyen\vqmod/xml/news_pro.xml
   id        : News_Pro
   version   : 1.5.4.1
   vqmver    : 2.1.7
   author    : VinaEcom

File Name    : catalog/view/theme/default/template/common/header.tpl(1)
VQModObject::applyMod - SEARCH NOT FOUND (ABORTING MOD): </ul></div>

----------------------------------------------------------------------


---------- Date: 2014-08-30 02:46:00 ~ IP : ::1 ----------
REQUEST URI : /tuyen/index.php?route=product/category&amp;path=20_27
MOD DETAILS:
   modFile   : C:\xampp\htdocs\tuyen\vqmod/xml/news_pro.xml
   id        : News_Pro
   version   : 1.5.4.1
   vqmver    : 2.1.7
   author    : VinaEcom

File Name    : catalog/view/theme/default/template/common/header.tpl(1)
VQModObject::applyMod - SEARCH NOT FOUND (ABORTING MOD): </ul></div>

----------------------------------------------------------------------


---------- Date: 2014-08-30 02:46:27 ~ IP : ::1 ----------
REQUEST URI : /tuyen/index.php?route=product/category&amp;path=20_27
MOD DETAILS:
   modFile   : C:\xampp\htdocs\tuyen\vqmod/xml/news_pro.xml
   id        : News_Pro
   version   : 1.5.4.1
   vqmver    : 2.1.7
   author    : VinaEcom

File Name    : catalog/view/theme/default/template/common/header.tpl(1)
VQModObject::applyMod - SEARCH NOT FOUND (ABORTING MOD): </ul></div>

----------------------------------------------------------------------


---------- Date: 2014-08-30 02:46:37 ~ IP : ::1 ----------
REQUEST URI : /tuyen/index.php?route=product/compare
MOD DETAILS:
   modFile   : C:\xampp\htdocs\tuyen\vqmod/xml/news_pro.xml
   id        : News_Pro
   version   : 1.5.4.1
   vqmver    : 2.1.7
   author    : VinaEcom

File Name    : catalog/view/theme/default/template/common/header.tpl(1)
VQModObject::applyMod - SEARCH NOT FOUND (ABORTING MOD): </ul></div>

----------------------------------------------------------------------


---------- Date: 2014-08-30 02:46:40 ~ IP : ::1 ----------
REQUEST URI : /tuyen/index.php?route=product/category&amp;path=20_27
MOD DETAILS:
   modFile   : C:\xampp\htdocs\tuyen\vqmod/xml/news_pro.xml
   id        : News_Pro
   version   : 1.5.4.1
   vqmver    : 2.1.7
   author    : VinaEcom

File Name    : catalog/view/theme/default/template/common/header.tpl(1)
VQModObject::applyMod - SEARCH NOT FOUND (ABORTING MOD): </ul></div>

----------------------------------------------------------------------


---------- Date: 2014-08-30 02:46:43 ~ IP : ::1 ----------
REQUEST URI : /tuyen/index.php?route=product/category&amp;path=20
MOD DETAILS:
   modFile   : C:\xampp\htdocs\tuyen\vqmod/xml/news_pro.xml
   id        : News_Pro
   version   : 1.5.4.1
   vqmver    : 2.1.7
   author    : VinaEcom

File Name    : catalog/view/theme/default/template/common/header.tpl(1)
VQModObject::applyMod - SEARCH NOT FOUND (ABORTING MOD): </ul></div>

----------------------------------------------------------------------


---------- Date: 2014-08-30 02:47:50 ~ IP : ::1 ----------
REQUEST URI : /tuyen/index.php?route=product/product&amp;path=20&amp;product_id=47
MOD DETAILS:
   modFile   : C:\xampp\htdocs\tuyen\vqmod/xml/news_pro.xml
   id        : News_Pro
   version   : 1.5.4.1
   vqmver    : 2.1.7
   author    : VinaEcom

File Name    : catalog/view/theme/default/template/common/header.tpl(1)
VQModObject::applyMod - SEARCH NOT FOUND (ABORTING MOD): </ul></div>

----------------------------------------------------------------------


---------- Date: 2014-08-30 13:12:28 ~ IP : ::1 ----------
REQUEST URI : /tuyen/
MOD DETAILS:
   modFile   : C:\xampp\htdocs\tuyen\vqmod/xml/news_pro.xml
   id        : News_Pro
   version   : 1.5.4.1
   vqmver    : 2.1.7
   author    : VinaEcom

File Name    : catalog/view/theme/default/template/common/header.tpl(1)
VQModObject::applyMod - SEARCH NOT FOUND (ABORTING MOD): </ul></div>

----------------------------------------------------------------------


---------- Date: 2014-08-30 17:37:41 ~ IP : ::1 ----------
REQUEST URI : /tuyen/
MOD DETAILS:
   modFile   : C:\xampp\htdocs\tuyen\vqmod/xml/news_pro.xml
   id        : News_Pro
   version   : 1.5.4.1
   vqmver    : 2.1.7
   author    : VinaEcom

File Name    : catalog/view/theme/default/template/common/header.tpl(1)
VQModObject::applyMod - SEARCH NOT FOUND (ABORTING MOD): </ul></div>

----------------------------------------------------------------------


---------- Date: 2014-08-30 17:37:58 ~ IP : ::1 ----------
REQUEST URI : /tuyen/
MOD DETAILS:
   modFile   : C:\xampp\htdocs\tuyen\vqmod/xml/news_pro.xml
   id        : News_Pro
   version   : 1.5.4.1
   vqmver    : 2.1.7
   author    : VinaEcom

File Name    : catalog/view/theme/default/template/common/header.tpl(1)
VQModObject::applyMod - SEARCH NOT FOUND (ABORTING MOD): </ul></div>

----------------------------------------------------------------------


---------- Date: 2014-08-30 17:38:50 ~ IP : ::1 ----------
REQUEST URI : /tuyen/index.php?route=product/category&amp;path=20
MOD DETAILS:
   modFile   : C:\xampp\htdocs\tuyen\vqmod/xml/news_pro.xml
   id        : News_Pro
   version   : 1.5.4.1
   vqmver    : 2.1.7
   author    : VinaEcom

File Name    : catalog/view/theme/default/template/common/header.tpl(1)
VQModObject::applyMod - SEARCH NOT FOUND (ABORTING MOD): </ul></div>

----------------------------------------------------------------------


---------- Date: 2014-08-30 17:39:12 ~ IP : ::1 ----------
REQUEST URI : /tuyen/index.php?route=news/news_category&amp;cat_id=1
MOD DETAILS:
   modFile   : C:\xampp\htdocs\tuyen\vqmod/xml/news_pro.xml
   id        : News_Pro
   version   : 1.5.4.1
   vqmver    : 2.1.7
   author    : VinaEcom

File Name    : catalog/view/theme/default/template/common/header.tpl(1)
VQModObject::applyMod - SEARCH NOT FOUND (ABORTING MOD): </ul></div>

----------------------------------------------------------------------


---------- Date: 2014-08-30 17:39:27 ~ IP : ::1 ----------
REQUEST URI : /tuyen/index.php?route=information/information&amp;information_id=4
MOD DETAILS:
   modFile   : C:\xampp\htdocs\tuyen\vqmod/xml/news_pro.xml
   id        : News_Pro
   version   : 1.5.4.1
   vqmver    : 2.1.7
   author    : VinaEcom

File Name    : catalog/view/theme/default/template/common/header.tpl(1)
VQModObject::applyMod - SEARCH NOT FOUND (ABORTING MOD): </ul></div>

----------------------------------------------------------------------


---------- Date: 2014-08-30 17:39:31 ~ IP : ::1 ----------
REQUEST URI : /tuyen/index.php?route=news/all
MOD DETAILS:
   modFile   : C:\xampp\htdocs\tuyen\vqmod/xml/news_pro.xml
   id        : News_Pro
   version   : 1.5.4.1
   vqmver    : 2.1.7
   author    : VinaEcom

File Name    : catalog/view/theme/default/template/common/header.tpl(1)
VQModObject::applyMod - SEARCH NOT FOUND (ABORTING MOD): </ul></div>

----------------------------------------------------------------------


---------- Date: 2014-08-30 17:39:34 ~ IP : ::1 ----------
REQUEST URI : /tuyen/index.php?route=product/allproducts
MOD DETAILS:
   modFile   : C:\xampp\htdocs\tuyen\vqmod/xml/news_pro.xml
   id        : News_Pro
   version   : 1.5.4.1
   vqmver    : 2.1.7
   author    : VinaEcom

File Name    : catalog/view/theme/default/template/common/header.tpl(1)
VQModObject::applyMod - SEARCH NOT FOUND (ABORTING MOD): </ul></div>

----------------------------------------------------------------------


---------- Date: 2014-08-30 17:39:39 ~ IP : ::1 ----------
REQUEST URI : /tuyen/index.php?route=product/category&amp;path=20
MOD DETAILS:
   modFile   : C:\xampp\htdocs\tuyen\vqmod/xml/news_pro.xml
   id        : News_Pro
   version   : 1.5.4.1
   vqmver    : 2.1.7
   author    : VinaEcom

File Name    : catalog/view/theme/default/template/common/header.tpl(1)
VQModObject::applyMod - SEARCH NOT FOUND (ABORTING MOD): </ul></div>

----------------------------------------------------------------------


---------- Date: 2014-08-30 17:40:15 ~ IP : ::1 ----------
REQUEST URI : /tuyen/index.php?route=information/information&amp;information_id=4
MOD DETAILS:
   modFile   : C:\xampp\htdocs\tuyen\vqmod/xml/news_pro.xml
   id        : News_Pro
   version   : 1.5.4.1
   vqmver    : 2.1.7
   author    : VinaEcom

File Name    : catalog/view/theme/default/template/common/header.tpl(1)
VQModObject::applyMod - SEARCH NOT FOUND (ABORTING MOD): </ul></div>

----------------------------------------------------------------------


---------- Date: 2014-08-30 17:40:31 ~ IP : ::1 ----------
REQUEST URI : /tuyen/index.php?route=news/all
MOD DETAILS:
   modFile   : C:\xampp\htdocs\tuyen\vqmod/xml/news_pro.xml
   id        : News_Pro
   version   : 1.5.4.1
   vqmver    : 2.1.7
   author    : VinaEcom

File Name    : catalog/view/theme/default/template/common/header.tpl(1)
VQModObject::applyMod - SEARCH NOT FOUND (ABORTING MOD): </ul></div>

----------------------------------------------------------------------


---------- Date: 2014-08-30 17:40:38 ~ IP : ::1 ----------
REQUEST URI : /tuyen/index.php?route=product/category&amp;path=20
MOD DETAILS:
   modFile   : C:\xampp\htdocs\tuyen\vqmod/xml/news_pro.xml
   id        : News_Pro
   version   : 1.5.4.1
   vqmver    : 2.1.7
   author    : VinaEcom

File Name    : catalog/view/theme/default/template/common/header.tpl(1)
VQModObject::applyMod - SEARCH NOT FOUND (ABORTING MOD): </ul></div>

----------------------------------------------------------------------


---------- Date: 2014-08-30 17:40:39 ~ IP : ::1 ----------
REQUEST URI : /tuyen/index.php?route=product/allproducts
MOD DETAILS:
   modFile   : C:\xampp\htdocs\tuyen\vqmod/xml/news_pro.xml
   id        : News_Pro
   version   : 1.5.4.1
   vqmver    : 2.1.7
   author    : VinaEcom

File Name    : catalog/view/theme/default/template/common/header.tpl(1)
VQModObject::applyMod - SEARCH NOT FOUND (ABORTING MOD): </ul></div>

----------------------------------------------------------------------


---------- Date: 2014-08-30 17:40:40 ~ IP : ::1 ----------
REQUEST URI : /tuyen/index.php?route=product/allproducts
MOD DETAILS:
   modFile   : C:\xampp\htdocs\tuyen\vqmod/xml/news_pro.xml
   id        : News_Pro
   version   : 1.5.4.1
   vqmver    : 2.1.7
   author    : VinaEcom

File Name    : catalog/view/theme/default/template/common/header.tpl(1)
VQModObject::applyMod - SEARCH NOT FOUND (ABORTING MOD): </ul></div>

----------------------------------------------------------------------


---------- Date: 2014-08-30 17:40:46 ~ IP : ::1 ----------
REQUEST URI : /tuyen/index.php?route=product/category&amp;path=20
MOD DETAILS:
   modFile   : C:\xampp\htdocs\tuyen\vqmod/xml/news_pro.xml
   id        : News_Pro
   version   : 1.5.4.1
   vqmver    : 2.1.7
   author    : VinaEcom

File Name    : catalog/view/theme/default/template/common/header.tpl(1)
VQModObject::applyMod - SEARCH NOT FOUND (ABORTING MOD): </ul></div>

----------------------------------------------------------------------


---------- Date: 2014-08-30 22:12:21 ~ IP : ::1 ----------
REQUEST URI : /tuyen/
MOD DETAILS:
   modFile   : C:\xampp\htdocs\tuyen\vqmod/xml/news_pro.xml
   id        : News_Pro
   version   : 1.5.4.1
   vqmver    : 2.1.7
   author    : VinaEcom

File Name    : catalog/view/theme/default/template/common/header.tpl(1)
VQModObject::applyMod - SEARCH NOT FOUND (ABORTING MOD): </ul></div>

----------------------------------------------------------------------


---------- Date: 2014-08-30 23:48:09 ~ IP : ::1 ----------
REQUEST URI : /tuyen/
MOD DETAILS:
   modFile   : C:\xampp\htdocs\tuyen\vqmod/xml/news_pro.xml
   id        : News_Pro
   version   : 1.5.4.1
   vqmver    : 2.1.7
   author    : VinaEcom

File Name    : catalog/view/theme/default/template/common/header.tpl(1)
VQModObject::applyMod - SEARCH NOT FOUND (ABORTING MOD): </ul></div>

----------------------------------------------------------------------


---------- Date: 2014-08-30 23:48:24 ~ IP : ::1 ----------
REQUEST URI : /tuyen/
MOD DETAILS:
   modFile   : C:\xampp\htdocs\tuyen\vqmod/xml/news_pro.xml
   id        : News_Pro
   version   : 1.5.4.1
   vqmver    : 2.1.7
   author    : VinaEcom

File Name    : catalog/view/theme/default/template/common/header.tpl(1)
VQModObject::applyMod - SEARCH NOT FOUND (ABORTING MOD): </ul></div>

----------------------------------------------------------------------


